{"C:\\ProxiMap\\Server\\Application.js": {"path":"C:\\ProxiMap\\Server\\Application.js","statementMap":{"0":{"start":{"line":17,"column":0},"end":{"line":17,"column":16}},"1":{"start":{"line":19,"column":20},"end":{"line":19,"column":29}},"2":{"start":{"line":20,"column":18},"end":{"line":20,"column":32}},"3":{"start":{"line":22,"column":0},"end":{"line":29,"column":2}},"4":{"start":{"line":23,"column":24},"end":{"line":23,"column":97}},"5":{"start":{"line":26,"column":24},"end":{"line":26,"column":113}},"6":{"start":{"line":27,"column":24},"end":{"line":27,"column":112}},"7":{"start":{"line":30,"column":0},"end":{"line":30,"column":91}},"8":{"start":{"line":32,"column":0},"end":{"line":32,"column":32}},"9":{"start":{"line":34,"column":0},"end":{"line":34,"column":60}},"10":{"start":{"line":37,"column":0},"end":{"line":37,"column":32}},"11":{"start":{"line":40,"column":20},"end":{"line":45,"column":1}},"12":{"start":{"line":46,"column":0},"end":{"line":46,"column":35}},"13":{"start":{"line":47,"column":0},"end":{"line":47,"column":28}},"14":{"start":{"line":48,"column":0},"end":{"line":48,"column":31}},"15":{"start":{"line":49,"column":0},"end":{"line":49,"column":36}},"16":{"start":{"line":50,"column":0},"end":{"line":50,"column":29}},"17":{"start":{"line":51,"column":0},"end":{"line":51,"column":37}},"18":{"start":{"line":52,"column":0},"end":{"line":52,"column":31}},"19":{"start":{"line":53,"column":20},"end":{"line":53,"column":90}},"20":{"start":{"line":65,"column":85},"end":{"line":65,"column":37522}},"21":{"start":{"line":65,"column":89},"end":{"line":65,"column":37511}}},"fnMap":{"0":{"name":"(anonymous_0)","decl":{"start":{"line":22,"column":47},"end":{"line":22,"column":48}},"loc":{"start":{"line":22,"column":53},"end":{"line":24,"column":1}},"line":22},"1":{"name":"(anonymous_1)","decl":{"start":{"line":25,"column":8},"end":{"line":25,"column":9}},"loc":{"start":{"line":25,"column":17},"end":{"line":28,"column":1}},"line":25},"2":{"name":"oo_cm","decl":{"start":{"line":65,"column":77},"end":{"line":65,"column":82}},"loc":{"start":{"line":65,"column":84},"end":{"line":65,"column":37523}},"line":65}},"branchMap":{"0":{"loc":{"start":{"line":65,"column":96},"end":{"line":65,"column":37510}},"type":"binary-expr","locations":[{"start":{"line":65,"column":96},"end":{"line":65,"column":133}},{"start":{"line":65,"column":137},"end":{"line":65,"column":37510}}],"line":65}},"s":{"0":4,"1":4,"2":4,"3":4,"4":4,"5":0,"6":0,"7":4,"8":4,"9":4,"10":4,"11":4,"12":4,"13":4,"14":4,"15":4,"16":4,"17":4,"18":4,"19":4,"20":8,"21":8},"f":{"0":4,"1":0,"2":8},"b":{"0":[8,4]},"inputSourceMap":null,"_coverageSchema":"1a1c01bbd47fc00a2c39e90264f33305004495a9","hash":"72b60642f8d2353e5d7cb4b281fa5ce63fdd92a4"}
,"C:\\ProxiMap\\Server\\Config\\AuthConfig.js": {"path":"C:\\ProxiMap\\Server\\Config\\AuthConfig.js","statementMap":{"0":{"start":{"line":1,"column":26},"end":{"line":18,"column":1}},"1":{"start":{"line":20,"column":28},"end":{"line":33,"column":1}},"2":{"start":{"line":35,"column":33},"end":{"line":48,"column":1}},"3":{"start":{"line":50,"column":29},"end":{"line":63,"column":1}}},"fnMap":{},"branchMap":{},"s":{"0":4,"1":4,"2":4,"3":4},"f":{},"b":{},"inputSourceMap":null,"_coverageSchema":"1a1c01bbd47fc00a2c39e90264f33305004495a9","hash":"660be24b358241da8ee059590612950ee5bdff06"}
,"C:\\ProxiMap\\Server\\Controllers\\AskedService\\createAskedService.js": {"path":"C:\\ProxiMap\\Server\\Controllers\\AskedService\\createAskedService.js","statementMap":{"0":{"start":{"line":4,"column":27},"end":{"line":28,"column":1}},"1":{"start":{"line":6,"column":33},"end":{"line":6,"column":54}},"2":{"start":{"line":7,"column":30},"end":{"line":7,"column":38}},"3":{"start":{"line":9,"column":28},"end":{"line":9,"column":80}},"4":{"start":{"line":10,"column":24},"end":{"line":10,"column":53}},"5":{"start":{"line":12,"column":4},"end":{"line":20,"column":5}},"6":{"start":{"line":13,"column":8},"end":{"line":19,"column":9}},"7":{"start":{"line":23,"column":4},"end":{"line":27,"column":5}},"8":{"start":{"line":24,"column":8},"end":{"line":24,"column":87}},"9":{"start":{"line":26,"column":8},"end":{"line":26,"column":129}}},"fnMap":{"0":{"name":"(anonymous_0)","decl":{"start":{"line":4,"column":27},"end":{"line":4,"column":28}},"loc":{"start":{"line":4,"column":47},"end":{"line":28,"column":1}},"line":4}},"branchMap":{"0":{"loc":{"start":{"line":12,"column":4},"end":{"line":20,"column":5}},"type":"if","locations":[{"start":{"line":12,"column":4},"end":{"line":20,"column":5}},{"start":{},"end":{}}],"line":12},"1":{"loc":{"start":{"line":23,"column":4},"end":{"line":27,"column":5}},"type":"if","locations":[{"start":{"line":23,"column":4},"end":{"line":27,"column":5}},{"start":{"line":25,"column":9},"end":{"line":27,"column":5}}],"line":23}},"s":{"0":4,"1":1,"2":1,"3":1,"4":1,"5":1,"6":1,"7":1,"8":0,"9":1},"f":{"0":1},"b":{"0":[1,0],"1":[0,1]},"inputSourceMap":null,"_coverageSchema":"1a1c01bbd47fc00a2c39e90264f33305004495a9","hash":"e0c6672fe56ce34b088df65bb9cd8b7f5fceeee3"}
,"C:\\ProxiMap\\Server\\Controllers\\AskedService\\deleteAskedService.js": {"path":"C:\\ProxiMap\\Server\\Controllers\\AskedService\\deleteAskedService.js","statementMap":{"0":{"start":{"line":5,"column":27},"end":{"line":23,"column":1}},"1":{"start":{"line":7,"column":28},"end":{"line":7,"column":49}},"2":{"start":{"line":8,"column":15},"end":{"line":8,"column":28}},"3":{"start":{"line":11,"column":19},"end":{"line":11,"column":55}},"4":{"start":{"line":14,"column":4},"end":{"line":16,"column":5}},"5":{"start":{"line":15,"column":8},"end":{"line":15,"column":87}},"6":{"start":{"line":18,"column":4},"end":{"line":21,"column":8}}},"fnMap":{"0":{"name":"(anonymous_0)","decl":{"start":{"line":5,"column":27},"end":{"line":5,"column":28}},"loc":{"start":{"line":5,"column":47},"end":{"line":23,"column":1}},"line":5}},"branchMap":{"0":{"loc":{"start":{"line":14,"column":4},"end":{"line":16,"column":5}},"type":"if","locations":[{"start":{"line":14,"column":4},"end":{"line":16,"column":5}},{"start":{},"end":{}}],"line":14}},"s":{"0":4,"1":1,"2":1,"3":1,"4":1,"5":0,"6":1},"f":{"0":1},"b":{"0":[0,1]},"inputSourceMap":null,"_coverageSchema":"1a1c01bbd47fc00a2c39e90264f33305004495a9","hash":"792fac10bb9cf7c14f36bb539ee2ccb4cc748ff6"}
,"C:\\ProxiMap\\Server\\Controllers\\AskedService\\readAskedService.js": {"path":"C:\\ProxiMap\\Server\\Controllers\\AskedService\\readAskedService.js","statementMap":{"0":{"start":{"line":4,"column":25},"end":{"line":17,"column":1}},"1":{"start":{"line":5,"column":33},"end":{"line":5,"column":54}},"2":{"start":{"line":6,"column":15},"end":{"line":6,"column":28}},"3":{"start":{"line":8,"column":30},"end":{"line":8,"column":69}},"4":{"start":{"line":10,"column":24},"end":{"line":10,"column":90}},"5":{"start":{"line":12,"column":4},"end":{"line":16,"column":7}},"6":{"start":{"line":26,"column":85},"end":{"line":26,"column":37522}},"7":{"start":{"line":26,"column":89},"end":{"line":26,"column":37511}}},"fnMap":{"0":{"name":"(anonymous_0)","decl":{"start":{"line":4,"column":25},"end":{"line":4,"column":26}},"loc":{"start":{"line":4,"column":45},"end":{"line":17,"column":1}},"line":4},"1":{"name":"oo_cm","decl":{"start":{"line":26,"column":77},"end":{"line":26,"column":82}},"loc":{"start":{"line":26,"column":84},"end":{"line":26,"column":37523}},"line":26}},"branchMap":{"0":{"loc":{"start":{"line":26,"column":96},"end":{"line":26,"column":37510}},"type":"binary-expr","locations":[{"start":{"line":26,"column":96},"end":{"line":26,"column":133}},{"start":{"line":26,"column":137},"end":{"line":26,"column":37510}}],"line":26}},"s":{"0":4,"1":1,"2":1,"3":1,"4":1,"5":1,"6":1,"7":1},"f":{"0":1,"1":1},"b":{"0":[1,0]},"inputSourceMap":null,"_coverageSchema":"1a1c01bbd47fc00a2c39e90264f33305004495a9","hash":"525b95727b936478343100c06b202944041a22c9"}
,"C:\\ProxiMap\\Server\\Controllers\\AskedService\\readAskedServices.js": {"path":"C:\\ProxiMap\\Server\\Controllers\\AskedService\\readAskedServices.js","statementMap":{"0":{"start":{"line":4,"column":26},"end":{"line":10,"column":1}},"1":{"start":{"line":5,"column":28},"end":{"line":5,"column":49}},"2":{"start":{"line":7,"column":26},"end":{"line":7,"column":57}},"3":{"start":{"line":9,"column":4},"end":{"line":9,"column":40}},"4":{"start":{"line":13,"column":42},"end":{"line":21,"column":1}},"5":{"start":{"line":15,"column":28},"end":{"line":15,"column":49}},"6":{"start":{"line":16,"column":43},"end":{"line":16,"column":53}},"7":{"start":{"line":17,"column":18},"end":{"line":17,"column":27}},"8":{"start":{"line":18,"column":24},"end":{"line":18,"column":100}},"9":{"start":{"line":19,"column":26},"end":{"line":19,"column":109}},"10":{"start":{"line":20,"column":4},"end":{"line":20,"column":40}},"11":{"start":{"line":23,"column":48},"end":{"line":36,"column":1}},"12":{"start":{"line":25,"column":15},"end":{"line":25,"column":28}},"13":{"start":{"line":26,"column":28},"end":{"line":26,"column":49}},"14":{"start":{"line":28,"column":26},"end":{"line":28,"column":70}},"15":{"start":{"line":30,"column":4},"end":{"line":33,"column":5}},"16":{"start":{"line":31,"column":8},"end":{"line":31,"column":40}},"17":{"start":{"line":32,"column":8},"end":{"line":32,"column":15}},"18":{"start":{"line":35,"column":4},"end":{"line":35,"column":40}},"19":{"start":{"line":44,"column":85},"end":{"line":44,"column":37522}},"20":{"start":{"line":44,"column":89},"end":{"line":44,"column":37511}}},"fnMap":{"0":{"name":"(anonymous_0)","decl":{"start":{"line":4,"column":26},"end":{"line":4,"column":27}},"loc":{"start":{"line":4,"column":46},"end":{"line":10,"column":1}},"line":4},"1":{"name":"(anonymous_1)","decl":{"start":{"line":13,"column":42},"end":{"line":13,"column":43}},"loc":{"start":{"line":13,"column":62},"end":{"line":21,"column":1}},"line":13},"2":{"name":"(anonymous_2)","decl":{"start":{"line":23,"column":48},"end":{"line":23,"column":49}},"loc":{"start":{"line":23,"column":68},"end":{"line":36,"column":1}},"line":23},"3":{"name":"oo_cm","decl":{"start":{"line":44,"column":77},"end":{"line":44,"column":82}},"loc":{"start":{"line":44,"column":84},"end":{"line":44,"column":37523}},"line":44}},"branchMap":{"0":{"loc":{"start":{"line":30,"column":4},"end":{"line":33,"column":5}},"type":"if","locations":[{"start":{"line":30,"column":4},"end":{"line":33,"column":5}},{"start":{},"end":{}}],"line":30},"1":{"loc":{"start":{"line":44,"column":96},"end":{"line":44,"column":37510}},"type":"binary-expr","locations":[{"start":{"line":44,"column":96},"end":{"line":44,"column":133}},{"start":{"line":44,"column":137},"end":{"line":44,"column":37510}}],"line":44}},"s":{"0":4,"1":1,"2":1,"3":1,"4":4,"5":0,"6":0,"7":0,"8":0,"9":0,"10":0,"11":4,"12":0,"13":0,"14":0,"15":0,"16":0,"17":0,"18":0,"19":0,"20":0},"f":{"0":1,"1":0,"2":0,"3":0},"b":{"0":[0,0],"1":[0,0]},"inputSourceMap":null,"_coverageSchema":"1a1c01bbd47fc00a2c39e90264f33305004495a9","hash":"2c67c0f5b24b975ad2896c0f3eced88cc46916c6"}
,"C:\\ProxiMap\\Server\\Controllers\\AskedService\\updateAskedService.js": {"path":"C:\\ProxiMap\\Server\\Controllers\\AskedService\\updateAskedService.js","statementMap":{"0":{"start":{"line":4,"column":27},"end":{"line":16,"column":1}},"1":{"start":{"line":5,"column":33},"end":{"line":5,"column":54}},"2":{"start":{"line":6,"column":15},"end":{"line":6,"column":28}},"3":{"start":{"line":7,"column":37},"end":{"line":7,"column":45}},"4":{"start":{"line":10,"column":32},"end":{"line":10,"column":99}},"5":{"start":{"line":11,"column":4},"end":{"line":13,"column":5}},"6":{"start":{"line":12,"column":8},"end":{"line":12,"column":87}},"7":{"start":{"line":15,"column":4},"end":{"line":15,"column":115}}},"fnMap":{"0":{"name":"(anonymous_0)","decl":{"start":{"line":4,"column":27},"end":{"line":4,"column":28}},"loc":{"start":{"line":4,"column":47},"end":{"line":16,"column":1}},"line":4}},"branchMap":{"0":{"loc":{"start":{"line":11,"column":4},"end":{"line":13,"column":5}},"type":"if","locations":[{"start":{"line":11,"column":4},"end":{"line":13,"column":5}},{"start":{},"end":{}}],"line":11},"1":{"loc":{"start":{"line":11,"column":7},"end":{"line":11,"column":58}},"type":"binary-expr","locations":[{"start":{"line":11,"column":7},"end":{"line":11,"column":27}},{"start":{"line":11,"column":31},"end":{"line":11,"column":58}}],"line":11}},"s":{"0":4,"1":1,"2":1,"3":1,"4":1,"5":1,"6":0,"7":1},"f":{"0":1},"b":{"0":[0,1],"1":[1,1]},"inputSourceMap":null,"_coverageSchema":"1a1c01bbd47fc00a2c39e90264f33305004495a9","hash":"95e9a8448ab60073ef369cfbe4c0bdc5089d870b"}
,"C:\\ProxiMap\\Server\\Controllers\\Auth\\Login.js": {"path":"C:\\ProxiMap\\Server\\Controllers\\Auth\\Login.js","statementMap":{"0":{"start":{"line":9,"column":14},"end":{"line":63,"column":1}},"1":{"start":{"line":11,"column":20},"end":{"line":11,"column":33}},"2":{"start":{"line":12,"column":32},"end":{"line":12,"column":40}},"3":{"start":{"line":14,"column":4},"end":{"line":62,"column":5}},"4":{"start":{"line":15,"column":21},"end":{"line":15,"column":53}},"5":{"start":{"line":16,"column":8},"end":{"line":18,"column":9}},"6":{"start":{"line":17,"column":12},"end":{"line":17,"column":90}},"7":{"start":{"line":19,"column":30},"end":{"line":19,"column":75}},"8":{"start":{"line":20,"column":8},"end":{"line":22,"column":9}},"9":{"start":{"line":21,"column":12},"end":{"line":21,"column":90}},"10":{"start":{"line":24,"column":28},"end":{"line":24,"column":47}},"11":{"start":{"line":25,"column":28},"end":{"line":25,"column":91}},"12":{"start":{"line":28,"column":29},"end":{"line":34,"column":58}},"13":{"start":{"line":36,"column":25},"end":{"line":36,"column":39}},"14":{"start":{"line":37,"column":8},"end":{"line":37,"column":67}},"15":{"start":{"line":39,"column":24},"end":{"line":39,"column":73}},"16":{"start":{"line":42,"column":8},"end":{"line":45,"column":11}},"17":{"start":{"line":47,"column":8},"end":{"line":50,"column":11}},"18":{"start":{"line":58,"column":8},"end":{"line":58,"column":125}},"19":{"start":{"line":61,"column":8},"end":{"line":61,"column":87}},"20":{"start":{"line":72,"column":85},"end":{"line":72,"column":37522}},"21":{"start":{"line":72,"column":89},"end":{"line":72,"column":37511}}},"fnMap":{"0":{"name":"(anonymous_0)","decl":{"start":{"line":9,"column":14},"end":{"line":9,"column":15}},"loc":{"start":{"line":9,"column":34},"end":{"line":63,"column":1}},"line":9},"1":{"name":"oo_cm","decl":{"start":{"line":72,"column":77},"end":{"line":72,"column":82}},"loc":{"start":{"line":72,"column":84},"end":{"line":72,"column":37523}},"line":72}},"branchMap":{"0":{"loc":{"start":{"line":16,"column":8},"end":{"line":18,"column":9}},"type":"if","locations":[{"start":{"line":16,"column":8},"end":{"line":18,"column":9}},{"start":{},"end":{}}],"line":16},"1":{"loc":{"start":{"line":20,"column":8},"end":{"line":22,"column":9}},"type":"if","locations":[{"start":{"line":20,"column":8},"end":{"line":22,"column":9}},{"start":{},"end":{}}],"line":20},"2":{"loc":{"start":{"line":72,"column":96},"end":{"line":72,"column":37510}},"type":"binary-expr","locations":[{"start":{"line":72,"column":96},"end":{"line":72,"column":133}},{"start":{"line":72,"column":137},"end":{"line":72,"column":37510}}],"line":72}},"s":{"0":4,"1":9,"2":9,"3":9,"4":9,"5":9,"6":1,"7":8,"8":8,"9":0,"10":8,"11":8,"12":8,"13":8,"14":8,"15":8,"16":8,"17":8,"18":8,"19":0,"20":8,"21":8},"f":{"0":9,"1":8},"b":{"0":[1,8],"1":[0,8],"2":[8,0]},"inputSourceMap":null,"_coverageSchema":"1a1c01bbd47fc00a2c39e90264f33305004495a9","hash":"1768d0d8a2d8dc78db39ffd920e70c614d0e8b7c"}
,"C:\\ProxiMap\\Server\\Controllers\\Auth\\Logout.js": {"path":"C:\\ProxiMap\\Server\\Controllers\\Auth\\Logout.js","statementMap":{"0":{"start":{"line":3,"column":15},"end":{"line":27,"column":1}},"1":{"start":{"line":5,"column":25},"end":{"line":5,"column":50}},"2":{"start":{"line":6,"column":4},"end":{"line":8,"column":5}},"3":{"start":{"line":7,"column":8},"end":{"line":7,"column":92}},"4":{"start":{"line":9,"column":17},"end":{"line":9,"column":68}},"5":{"start":{"line":10,"column":4},"end":{"line":12,"column":5}},"6":{"start":{"line":11,"column":8},"end":{"line":11,"column":92}},"7":{"start":{"line":13,"column":21},"end":{"line":13,"column":35}},"8":{"start":{"line":15,"column":20},"end":{"line":15,"column":59}},"9":{"start":{"line":16,"column":4},"end":{"line":25,"column":5}},"10":{"start":{"line":17,"column":8},"end":{"line":17,"column":39}},"11":{"start":{"line":18,"column":8},"end":{"line":18,"column":40}},"12":{"start":{"line":22,"column":8},"end":{"line":22,"column":89}},"13":{"start":{"line":24,"column":8},"end":{"line":24,"column":87}}},"fnMap":{"0":{"name":"(anonymous_0)","decl":{"start":{"line":3,"column":15},"end":{"line":3,"column":16}},"loc":{"start":{"line":3,"column":35},"end":{"line":27,"column":1}},"line":3}},"branchMap":{"0":{"loc":{"start":{"line":6,"column":4},"end":{"line":8,"column":5}},"type":"if","locations":[{"start":{"line":6,"column":4},"end":{"line":8,"column":5}},{"start":{},"end":{}}],"line":6},"1":{"loc":{"start":{"line":10,"column":4},"end":{"line":12,"column":5}},"type":"if","locations":[{"start":{"line":10,"column":4},"end":{"line":12,"column":5}},{"start":{},"end":{}}],"line":10}},"s":{"0":4,"1":4,"2":4,"3":0,"4":4,"5":4,"6":0,"7":4,"8":4,"9":4,"10":4,"11":4,"12":4,"13":0},"f":{"0":4},"b":{"0":[0,4],"1":[0,4]},"inputSourceMap":null,"_coverageSchema":"1a1c01bbd47fc00a2c39e90264f33305004495a9","hash":"00a158bc41d7f07a3983c39b3e9988808d0ce424"}
,"C:\\ProxiMap\\Server\\Controllers\\Auth\\RefreshToken.js": {"path":"C:\\ProxiMap\\Server\\Controllers\\Auth\\RefreshToken.js","statementMap":{"0":{"start":{"line":6,"column":21},"end":{"line":51,"column":1}},"1":{"start":{"line":7,"column":19},"end":{"line":7,"column":30}},"2":{"start":{"line":8,"column":24},"end":{"line":8,"column":87}},"3":{"start":{"line":11,"column":4},"end":{"line":13,"column":5}},"4":{"start":{"line":12,"column":8},"end":{"line":12,"column":78}},"5":{"start":{"line":15,"column":25},"end":{"line":15,"column":45}},"6":{"start":{"line":18,"column":4},"end":{"line":43,"column":1}},"7":{"start":{"line":19,"column":20},"end":{"line":24,"column":6}},"8":{"start":{"line":20,"column":8},"end":{"line":22,"column":9}},"9":{"start":{"line":21,"column":11},"end":{"line":21,"column":44}},"10":{"start":{"line":23,"column":8},"end":{"line":23,"column":23}},"11":{"start":{"line":26,"column":27},"end":{"line":26,"column":49}},"12":{"start":{"line":29,"column":21},"end":{"line":29,"column":35}},"13":{"start":{"line":30,"column":4},"end":{"line":30,"column":68}},"14":{"start":{"line":32,"column":20},"end":{"line":32,"column":33}},"15":{"start":{"line":33,"column":17},"end":{"line":33,"column":52}},"16":{"start":{"line":35,"column":4},"end":{"line":38,"column":110}},"17":{"start":{"line":42,"column":4},"end":{"line":42,"column":74}},"18":{"start":{"line":60,"column":85},"end":{"line":60,"column":37522}},"19":{"start":{"line":60,"column":89},"end":{"line":60,"column":37511}}},"fnMap":{"0":{"name":"(anonymous_0)","decl":{"start":{"line":6,"column":21},"end":{"line":6,"column":22}},"loc":{"start":{"line":6,"column":41},"end":{"line":51,"column":1}},"line":6},"1":{"name":"(anonymous_1)","decl":{"start":{"line":19,"column":72},"end":{"line":19,"column":73}},"loc":{"start":{"line":19,"column":90},"end":{"line":24,"column":5}},"line":19},"2":{"name":"oo_cm","decl":{"start":{"line":60,"column":77},"end":{"line":60,"column":82}},"loc":{"start":{"line":60,"column":84},"end":{"line":60,"column":37523}},"line":60}},"branchMap":{"0":{"loc":{"start":{"line":11,"column":4},"end":{"line":13,"column":5}},"type":"if","locations":[{"start":{"line":11,"column":4},"end":{"line":13,"column":5}},{"start":{},"end":{}}],"line":11},"1":{"loc":{"start":{"line":20,"column":8},"end":{"line":22,"column":9}},"type":"if","locations":[{"start":{"line":20,"column":8},"end":{"line":22,"column":9}},{"start":{},"end":{}}],"line":20},"2":{"loc":{"start":{"line":60,"column":96},"end":{"line":60,"column":37510}},"type":"binary-expr","locations":[{"start":{"line":60,"column":96},"end":{"line":60,"column":133}},{"start":{"line":60,"column":137},"end":{"line":60,"column":37510}}],"line":60}},"s":{"0":4,"1":0,"2":0,"3":0,"4":0,"5":0,"6":0,"7":0,"8":0,"9":0,"10":0,"11":0,"12":0,"13":0,"14":0,"15":0,"16":0,"17":0,"18":0,"19":0},"f":{"0":0,"1":0,"2":0},"b":{"0":[0,0],"1":[0,0],"2":[0,0]},"inputSourceMap":null,"_coverageSchema":"1a1c01bbd47fc00a2c39e90264f33305004495a9","hash":"46334f82e69a5c761428bffc715d9e60fdea3fa9"}
,"C:\\ProxiMap\\Server\\Controllers\\Auth\\Register.js": {"path":"C:\\ProxiMap\\Server\\Controllers\\Auth\\Register.js","statementMap":{"0":{"start":{"line":4,"column":17},"end":{"line":26,"column":1}},"1":{"start":{"line":5,"column":42},"end":{"line":5,"column":50}},"2":{"start":{"line":6,"column":4},"end":{"line":25,"column":5}},"3":{"start":{"line":7,"column":21},"end":{"line":7,"column":45}},"4":{"start":{"line":8,"column":31},"end":{"line":8,"column":64}},"5":{"start":{"line":9,"column":24},"end":{"line":9,"column":37}},"6":{"start":{"line":10,"column":21},"end":{"line":10,"column":88}},"7":{"start":{"line":12,"column":8},"end":{"line":20,"column":9}},"8":{"start":{"line":14,"column":12},"end":{"line":17,"column":13}},"9":{"start":{"line":15,"column":16},"end":{"line":15,"column":72}},"10":{"start":{"line":16,"column":16},"end":{"line":16,"column":23}},"11":{"start":{"line":18,"column":12},"end":{"line":18,"column":64}},"12":{"start":{"line":19,"column":12},"end":{"line":19,"column":19}},"13":{"start":{"line":22,"column":8},"end":{"line":22,"column":35}},"14":{"start":{"line":24,"column":8},"end":{"line":24,"column":53}}},"fnMap":{"0":{"name":"(anonymous_0)","decl":{"start":{"line":4,"column":17},"end":{"line":4,"column":18}},"loc":{"start":{"line":4,"column":37},"end":{"line":26,"column":1}},"line":4}},"branchMap":{"0":{"loc":{"start":{"line":12,"column":8},"end":{"line":20,"column":9}},"type":"if","locations":[{"start":{"line":12,"column":8},"end":{"line":20,"column":9}},{"start":{},"end":{}}],"line":12},"1":{"loc":{"start":{"line":14,"column":12},"end":{"line":17,"column":13}},"type":"if","locations":[{"start":{"line":14,"column":12},"end":{"line":17,"column":13}},{"start":{},"end":{}}],"line":14}},"s":{"0":4,"1":0,"2":0,"3":0,"4":0,"5":0,"6":0,"7":0,"8":0,"9":0,"10":0,"11":0,"12":0,"13":0,"14":0},"f":{"0":0},"b":{"0":[0,0],"1":[0,0]},"inputSourceMap":null,"_coverageSchema":"1a1c01bbd47fc00a2c39e90264f33305004495a9","hash":"5c37d81ad04d49cece299dfc06f06f6b63957a68"}
,"C:\\ProxiMap\\Server\\Controllers\\Category\\createCategory.js": {"path":"C:\\ProxiMap\\Server\\Controllers\\Category\\createCategory.js","statementMap":{"0":{"start":{"line":3,"column":23},"end":{"line":14,"column":1}},"1":{"start":{"line":5,"column":24},"end":{"line":5,"column":41}},"2":{"start":{"line":6,"column":21},"end":{"line":6,"column":29}},"3":{"start":{"line":8,"column":24},"end":{"line":8,"column":58}},"4":{"start":{"line":9,"column":4},"end":{"line":13,"column":5}},"5":{"start":{"line":10,"column":8},"end":{"line":10,"column":87}},"6":{"start":{"line":12,"column":8},"end":{"line":12,"column":117}}},"fnMap":{"0":{"name":"(anonymous_0)","decl":{"start":{"line":3,"column":23},"end":{"line":3,"column":24}},"loc":{"start":{"line":3,"column":43},"end":{"line":14,"column":1}},"line":3}},"branchMap":{"0":{"loc":{"start":{"line":9,"column":4},"end":{"line":13,"column":5}},"type":"if","locations":[{"start":{"line":9,"column":4},"end":{"line":13,"column":5}},{"start":{"line":11,"column":9},"end":{"line":13,"column":5}}],"line":9}},"s":{"0":4,"1":1,"2":1,"3":1,"4":1,"5":0,"6":1},"f":{"0":1},"b":{"0":[0,1]},"inputSourceMap":null,"_coverageSchema":"1a1c01bbd47fc00a2c39e90264f33305004495a9","hash":"b3e263e2a888237e52c00c17382d39f2f28408c2"}
,"C:\\ProxiMap\\Server\\Controllers\\Category\\deleteCategory.js": {"path":"C:\\ProxiMap\\Server\\Controllers\\Category\\deleteCategory.js","statementMap":{"0":{"start":{"line":3,"column":23},"end":{"line":21,"column":1}},"1":{"start":{"line":5,"column":24},"end":{"line":5,"column":41}},"2":{"start":{"line":6,"column":15},"end":{"line":6,"column":28}},"3":{"start":{"line":9,"column":19},"end":{"line":9,"column":51}},"4":{"start":{"line":12,"column":4},"end":{"line":14,"column":5}},"5":{"start":{"line":13,"column":8},"end":{"line":13,"column":87}},"6":{"start":{"line":16,"column":4},"end":{"line":19,"column":8}}},"fnMap":{"0":{"name":"(anonymous_0)","decl":{"start":{"line":3,"column":23},"end":{"line":3,"column":24}},"loc":{"start":{"line":3,"column":43},"end":{"line":21,"column":1}},"line":3}},"branchMap":{"0":{"loc":{"start":{"line":12,"column":4},"end":{"line":14,"column":5}},"type":"if","locations":[{"start":{"line":12,"column":4},"end":{"line":14,"column":5}},{"start":{},"end":{}}],"line":12}},"s":{"0":4,"1":1,"2":1,"3":1,"4":1,"5":0,"6":1},"f":{"0":1},"b":{"0":[0,1]},"inputSourceMap":null,"_coverageSchema":"1a1c01bbd47fc00a2c39e90264f33305004495a9","hash":"e734f77d29429ca4bee44042b313e89b9c0b3e2f"}
,"C:\\ProxiMap\\Server\\Controllers\\Category\\readCategory.js": {"path":"C:\\ProxiMap\\Server\\Controllers\\Category\\readCategory.js","statementMap":{"0":{"start":{"line":4,"column":21},"end":{"line":15,"column":1}},"1":{"start":{"line":5,"column":24},"end":{"line":5,"column":41}},"2":{"start":{"line":6,"column":15},"end":{"line":6,"column":28}},"3":{"start":{"line":8,"column":21},"end":{"line":8,"column":51}},"4":{"start":{"line":10,"column":4},"end":{"line":14,"column":7}}},"fnMap":{"0":{"name":"(anonymous_0)","decl":{"start":{"line":4,"column":21},"end":{"line":4,"column":22}},"loc":{"start":{"line":4,"column":41},"end":{"line":15,"column":1}},"line":4}},"branchMap":{},"s":{"0":4,"1":1,"2":1,"3":1,"4":1},"f":{"0":1},"b":{},"inputSourceMap":null,"_coverageSchema":"1a1c01bbd47fc00a2c39e90264f33305004495a9","hash":"1cabba2c1dc56377080c8ab4fcc204205b1eabbf"}
,"C:\\ProxiMap\\Server\\Controllers\\Category\\readCategorys.js": {"path":"C:\\ProxiMap\\Server\\Controllers\\Category\\readCategorys.js","statementMap":{"0":{"start":{"line":4,"column":22},"end":{"line":10,"column":1}},"1":{"start":{"line":5,"column":24},"end":{"line":5,"column":41}},"2":{"start":{"line":7,"column":22},"end":{"line":7,"column":49}},"3":{"start":{"line":9,"column":4},"end":{"line":9,"column":36}}},"fnMap":{"0":{"name":"(anonymous_0)","decl":{"start":{"line":4,"column":22},"end":{"line":4,"column":23}},"loc":{"start":{"line":4,"column":42},"end":{"line":10,"column":1}},"line":4}},"branchMap":{},"s":{"0":4,"1":1,"2":1,"3":1},"f":{"0":1},"b":{},"inputSourceMap":null,"_coverageSchema":"1a1c01bbd47fc00a2c39e90264f33305004495a9","hash":"c56d0077f5e6e8cd6033352f31b8f0527f1b20ef"}
,"C:\\ProxiMap\\Server\\Controllers\\Category\\updateCategory.js": {"path":"C:\\ProxiMap\\Server\\Controllers\\Category\\updateCategory.js","statementMap":{"0":{"start":{"line":4,"column":23},"end":{"line":16,"column":1}},"1":{"start":{"line":5,"column":24},"end":{"line":5,"column":41}},"2":{"start":{"line":6,"column":15},"end":{"line":6,"column":28}},"3":{"start":{"line":7,"column":28},"end":{"line":7,"column":36}},"4":{"start":{"line":9,"column":28},"end":{"line":9,"column":77}},"5":{"start":{"line":11,"column":4},"end":{"line":13,"column":5}},"6":{"start":{"line":12,"column":8},"end":{"line":12,"column":87}},"7":{"start":{"line":15,"column":4},"end":{"line":15,"column":107}}},"fnMap":{"0":{"name":"(anonymous_0)","decl":{"start":{"line":4,"column":23},"end":{"line":4,"column":24}},"loc":{"start":{"line":4,"column":43},"end":{"line":16,"column":1}},"line":4}},"branchMap":{"0":{"loc":{"start":{"line":11,"column":4},"end":{"line":13,"column":5}},"type":"if","locations":[{"start":{"line":11,"column":4},"end":{"line":13,"column":5}},{"start":{},"end":{}}],"line":11}},"s":{"0":4,"1":1,"2":1,"3":1,"4":1,"5":1,"6":0,"7":1},"f":{"0":1},"b":{"0":[0,1]},"inputSourceMap":null,"_coverageSchema":"1a1c01bbd47fc00a2c39e90264f33305004495a9","hash":"db32ea26461dbea8e14fb47705ca8c283af0724f"}
,"C:\\ProxiMap\\Server\\Controllers\\Service\\createService.js": {"path":"C:\\ProxiMap\\Server\\Controllers\\Service\\createService.js","statementMap":{"0":{"start":{"line":4,"column":22},"end":{"line":27,"column":1}},"1":{"start":{"line":6,"column":23},"end":{"line":6,"column":39}},"2":{"start":{"line":7,"column":20},"end":{"line":7,"column":28}},"3":{"start":{"line":9,"column":23},"end":{"line":9,"column":55}},"4":{"start":{"line":10,"column":24},"end":{"line":10,"column":44}},"5":{"start":{"line":12,"column":4},"end":{"line":20,"column":5}},"6":{"start":{"line":13,"column":8},"end":{"line":19,"column":9}},"7":{"start":{"line":22,"column":4},"end":{"line":26,"column":5}},"8":{"start":{"line":23,"column":8},"end":{"line":23,"column":87}},"9":{"start":{"line":25,"column":8},"end":{"line":25,"column":114}}},"fnMap":{"0":{"name":"(anonymous_0)","decl":{"start":{"line":4,"column":22},"end":{"line":4,"column":23}},"loc":{"start":{"line":4,"column":42},"end":{"line":27,"column":1}},"line":4}},"branchMap":{"0":{"loc":{"start":{"line":12,"column":4},"end":{"line":20,"column":5}},"type":"if","locations":[{"start":{"line":12,"column":4},"end":{"line":20,"column":5}},{"start":{},"end":{}}],"line":12},"1":{"loc":{"start":{"line":22,"column":4},"end":{"line":26,"column":5}},"type":"if","locations":[{"start":{"line":22,"column":4},"end":{"line":26,"column":5}},{"start":{"line":24,"column":9},"end":{"line":26,"column":5}}],"line":22}},"s":{"0":4,"1":1,"2":1,"3":1,"4":1,"5":1,"6":0,"7":1,"8":0,"9":1},"f":{"0":1},"b":{"0":[0,1],"1":[0,1]},"inputSourceMap":null,"_coverageSchema":"1a1c01bbd47fc00a2c39e90264f33305004495a9","hash":"cc9997cdb74ac32e504c06c1a0be620944636a06"}
,"C:\\ProxiMap\\Server\\Controllers\\Service\\deleteService.js": {"path":"C:\\ProxiMap\\Server\\Controllers\\Service\\deleteService.js","statementMap":{"0":{"start":{"line":5,"column":22},"end":{"line":23,"column":1}},"1":{"start":{"line":7,"column":23},"end":{"line":7,"column":39}},"2":{"start":{"line":8,"column":15},"end":{"line":8,"column":28}},"3":{"start":{"line":11,"column":19},"end":{"line":11,"column":50}},"4":{"start":{"line":14,"column":4},"end":{"line":16,"column":5}},"5":{"start":{"line":15,"column":8},"end":{"line":15,"column":87}},"6":{"start":{"line":18,"column":4},"end":{"line":21,"column":8}}},"fnMap":{"0":{"name":"(anonymous_0)","decl":{"start":{"line":5,"column":22},"end":{"line":5,"column":23}},"loc":{"start":{"line":5,"column":42},"end":{"line":23,"column":1}},"line":5}},"branchMap":{"0":{"loc":{"start":{"line":14,"column":4},"end":{"line":16,"column":5}},"type":"if","locations":[{"start":{"line":14,"column":4},"end":{"line":16,"column":5}},{"start":{},"end":{}}],"line":14}},"s":{"0":4,"1":1,"2":1,"3":1,"4":1,"5":0,"6":1},"f":{"0":1},"b":{"0":[0,1]},"inputSourceMap":null,"_coverageSchema":"1a1c01bbd47fc00a2c39e90264f33305004495a9","hash":"1e950b5077f06a9dca534638463cee23c57922ea"}
,"C:\\ProxiMap\\Server\\Controllers\\Service\\readService.js": {"path":"C:\\ProxiMap\\Server\\Controllers\\Service\\readService.js","statementMap":{"0":{"start":{"line":4,"column":20},"end":{"line":17,"column":1}},"1":{"start":{"line":5,"column":23},"end":{"line":5,"column":39}},"2":{"start":{"line":6,"column":15},"end":{"line":6,"column":28}},"3":{"start":{"line":8,"column":20},"end":{"line":8,"column":49}},"4":{"start":{"line":10,"column":24},"end":{"line":10,"column":80}},"5":{"start":{"line":12,"column":4},"end":{"line":16,"column":7}},"6":{"start":{"line":26,"column":85},"end":{"line":26,"column":37522}},"7":{"start":{"line":26,"column":89},"end":{"line":26,"column":37511}}},"fnMap":{"0":{"name":"(anonymous_0)","decl":{"start":{"line":4,"column":20},"end":{"line":4,"column":21}},"loc":{"start":{"line":4,"column":40},"end":{"line":17,"column":1}},"line":4},"1":{"name":"oo_cm","decl":{"start":{"line":26,"column":77},"end":{"line":26,"column":82}},"loc":{"start":{"line":26,"column":84},"end":{"line":26,"column":37523}},"line":26}},"branchMap":{"0":{"loc":{"start":{"line":26,"column":96},"end":{"line":26,"column":37510}},"type":"binary-expr","locations":[{"start":{"line":26,"column":96},"end":{"line":26,"column":133}},{"start":{"line":26,"column":137},"end":{"line":26,"column":37510}}],"line":26}},"s":{"0":4,"1":1,"2":1,"3":1,"4":1,"5":1,"6":1,"7":1},"f":{"0":1,"1":1},"b":{"0":[1,0]},"inputSourceMap":null,"_coverageSchema":"1a1c01bbd47fc00a2c39e90264f33305004495a9","hash":"82c2e93068e742cb579cfb14711a2761302558be"}
,"C:\\ProxiMap\\Server\\Controllers\\Service\\readServices.js": {"path":"C:\\ProxiMap\\Server\\Controllers\\Service\\readServices.js","statementMap":{"0":{"start":{"line":4,"column":21},"end":{"line":10,"column":1}},"1":{"start":{"line":5,"column":23},"end":{"line":5,"column":39}},"2":{"start":{"line":7,"column":21},"end":{"line":7,"column":47}},"3":{"start":{"line":9,"column":4},"end":{"line":9,"column":35}},"4":{"start":{"line":13,"column":37},"end":{"line":42,"column":1}},"5":{"start":{"line":19,"column":23},"end":{"line":19,"column":39}},"6":{"start":{"line":22,"column":43},"end":{"line":22,"column":53}},"7":{"start":{"line":25,"column":18},"end":{"line":25,"column":27}},"8":{"start":{"line":27,"column":4},"end":{"line":33,"column":5}},"9":{"start":{"line":28,"column":8},"end":{"line":31,"column":11}},"10":{"start":{"line":32,"column":8},"end":{"line":32,"column":15}},"11":{"start":{"line":34,"column":21},"end":{"line":34,"column":94}},"12":{"start":{"line":36,"column":4},"end":{"line":36,"column":35}},"13":{"start":{"line":44,"column":43},"end":{"line":55,"column":1}},"14":{"start":{"line":46,"column":15},"end":{"line":46,"column":28}},"15":{"start":{"line":47,"column":23},"end":{"line":47,"column":39}},"16":{"start":{"line":48,"column":21},"end":{"line":48,"column":60}},"17":{"start":{"line":49,"column":4},"end":{"line":52,"column":5}},"18":{"start":{"line":50,"column":8},"end":{"line":50,"column":35}},"19":{"start":{"line":51,"column":8},"end":{"line":51,"column":15}},"20":{"start":{"line":54,"column":4},"end":{"line":54,"column":35}}},"fnMap":{"0":{"name":"(anonymous_0)","decl":{"start":{"line":4,"column":21},"end":{"line":4,"column":22}},"loc":{"start":{"line":4,"column":41},"end":{"line":10,"column":1}},"line":4},"1":{"name":"(anonymous_1)","decl":{"start":{"line":13,"column":37},"end":{"line":13,"column":38}},"loc":{"start":{"line":13,"column":57},"end":{"line":42,"column":1}},"line":13},"2":{"name":"(anonymous_2)","decl":{"start":{"line":44,"column":43},"end":{"line":44,"column":44}},"loc":{"start":{"line":44,"column":63},"end":{"line":55,"column":1}},"line":44}},"branchMap":{"0":{"loc":{"start":{"line":27,"column":4},"end":{"line":33,"column":5}},"type":"if","locations":[{"start":{"line":27,"column":4},"end":{"line":33,"column":5}},{"start":{},"end":{}}],"line":27},"1":{"loc":{"start":{"line":27,"column":7},"end":{"line":27,"column":91}},"type":"binary-expr","locations":[{"start":{"line":27,"column":7},"end":{"line":27,"column":25}},{"start":{"line":27,"column":29},"end":{"line":27,"column":47}},{"start":{"line":27,"column":51},"end":{"line":27,"column":69}},{"start":{"line":27,"column":73},"end":{"line":27,"column":91}}],"line":27},"2":{"loc":{"start":{"line":49,"column":4},"end":{"line":52,"column":5}},"type":"if","locations":[{"start":{"line":49,"column":4},"end":{"line":52,"column":5}},{"start":{},"end":{}}],"line":49}},"s":{"0":4,"1":1,"2":1,"3":1,"4":4,"5":0,"6":0,"7":0,"8":0,"9":0,"10":0,"11":0,"12":0,"13":4,"14":0,"15":0,"16":0,"17":0,"18":0,"19":0,"20":0},"f":{"0":1,"1":0,"2":0},"b":{"0":[0,0],"1":[0,0,0,0],"2":[0,0]},"inputSourceMap":null,"_coverageSchema":"1a1c01bbd47fc00a2c39e90264f33305004495a9","hash":"0406c7479871e971868e872a73f2ccfbb6b33de0"}
,"C:\\ProxiMap\\Server\\Controllers\\Service\\updateService.js": {"path":"C:\\ProxiMap\\Server\\Controllers\\Service\\updateService.js","statementMap":{"0":{"start":{"line":4,"column":22},"end":{"line":16,"column":1}},"1":{"start":{"line":5,"column":23},"end":{"line":5,"column":39}},"2":{"start":{"line":6,"column":15},"end":{"line":6,"column":28}},"3":{"start":{"line":7,"column":27},"end":{"line":7,"column":35}},"4":{"start":{"line":10,"column":27},"end":{"line":10,"column":74}},"5":{"start":{"line":11,"column":4},"end":{"line":13,"column":5}},"6":{"start":{"line":12,"column":8},"end":{"line":12,"column":87}},"7":{"start":{"line":15,"column":4},"end":{"line":15,"column":105}},"8":{"start":{"line":17,"column":38},"end":{"line":27,"column":1}},"9":{"start":{"line":18,"column":23},"end":{"line":18,"column":39}},"10":{"start":{"line":19,"column":21},"end":{"line":19,"column":29}},"11":{"start":{"line":20,"column":24},"end":{"line":20,"column":118}},"12":{"start":{"line":21,"column":28},"end":{"line":21,"column":65}},"13":{"start":{"line":22,"column":4},"end":{"line":24,"column":5}},"14":{"start":{"line":23,"column":8},"end":{"line":23,"column":87}},"15":{"start":{"line":26,"column":4},"end":{"line":26,"column":107}},"16":{"start":{"line":35,"column":85},"end":{"line":35,"column":37522}},"17":{"start":{"line":35,"column":89},"end":{"line":35,"column":37511}}},"fnMap":{"0":{"name":"(anonymous_0)","decl":{"start":{"line":4,"column":22},"end":{"line":4,"column":23}},"loc":{"start":{"line":4,"column":42},"end":{"line":16,"column":1}},"line":4},"1":{"name":"(anonymous_1)","decl":{"start":{"line":17,"column":38},"end":{"line":17,"column":39}},"loc":{"start":{"line":17,"column":58},"end":{"line":27,"column":1}},"line":17},"2":{"name":"oo_cm","decl":{"start":{"line":35,"column":77},"end":{"line":35,"column":82}},"loc":{"start":{"line":35,"column":84},"end":{"line":35,"column":37523}},"line":35}},"branchMap":{"0":{"loc":{"start":{"line":11,"column":4},"end":{"line":13,"column":5}},"type":"if","locations":[{"start":{"line":11,"column":4},"end":{"line":13,"column":5}},{"start":{},"end":{}}],"line":11},"1":{"loc":{"start":{"line":11,"column":7},"end":{"line":11,"column":48}},"type":"binary-expr","locations":[{"start":{"line":11,"column":7},"end":{"line":11,"column":22}},{"start":{"line":11,"column":26},"end":{"line":11,"column":48}}],"line":11},"2":{"loc":{"start":{"line":22,"column":4},"end":{"line":24,"column":5}},"type":"if","locations":[{"start":{"line":22,"column":4},"end":{"line":24,"column":5}},{"start":{},"end":{}}],"line":22},"3":{"loc":{"start":{"line":22,"column":7},"end":{"line":22,"column":50}},"type":"binary-expr","locations":[{"start":{"line":22,"column":7},"end":{"line":22,"column":23}},{"start":{"line":22,"column":27},"end":{"line":22,"column":50}}],"line":22},"4":{"loc":{"start":{"line":35,"column":96},"end":{"line":35,"column":37510}},"type":"binary-expr","locations":[{"start":{"line":35,"column":96},"end":{"line":35,"column":133}},{"start":{"line":35,"column":137},"end":{"line":35,"column":37510}}],"line":35}},"s":{"0":4,"1":1,"2":1,"3":1,"4":1,"5":1,"6":0,"7":1,"8":4,"9":0,"10":0,"11":0,"12":0,"13":0,"14":0,"15":0,"16":0,"17":0},"f":{"0":1,"1":0,"2":0},"b":{"0":[0,1],"1":[1,1],"2":[0,0],"3":[0,0],"4":[0,0]},"inputSourceMap":null,"_coverageSchema":"1a1c01bbd47fc00a2c39e90264f33305004495a9","hash":"b5f8829732c7ff4503b3f022d3135932599e44c0"}
,"C:\\ProxiMap\\Server\\Controllers\\Token\\CreateToken.js": {"path":"C:\\ProxiMap\\Server\\Controllers\\Token\\CreateToken.js","statementMap":{"0":{"start":{"line":3,"column":20},"end":{"line":17,"column":1}},"1":{"start":{"line":5,"column":21},"end":{"line":5,"column":35}},"2":{"start":{"line":6,"column":18},"end":{"line":6,"column":26}},"3":{"start":{"line":9,"column":18},"end":{"line":9,"column":34}},"4":{"start":{"line":10,"column":4},"end":{"line":10,"column":57}},"5":{"start":{"line":10,"column":22},"end":{"line":10,"column":57}},"6":{"start":{"line":12,"column":21},"end":{"line":12,"column":49}},"7":{"start":{"line":15,"column":4},"end":{"line":15,"column":35}},"8":{"start":{"line":16,"column":4},"end":{"line":16,"column":11}}},"fnMap":{"0":{"name":"(anonymous_0)","decl":{"start":{"line":3,"column":20},"end":{"line":3,"column":21}},"loc":{"start":{"line":3,"column":40},"end":{"line":17,"column":1}},"line":3}},"branchMap":{"0":{"loc":{"start":{"line":10,"column":4},"end":{"line":10,"column":57}},"type":"if","locations":[{"start":{"line":10,"column":4},"end":{"line":10,"column":57}},{"start":{},"end":{}}],"line":10}},"s":{"0":4,"1":0,"2":0,"3":0,"4":0,"5":0,"6":0,"7":0,"8":0},"f":{"0":0},"b":{"0":[0,0]},"inputSourceMap":null,"_coverageSchema":"1a1c01bbd47fc00a2c39e90264f33305004495a9","hash":"282625e9b8c1a659d99076a6d75b93dd60331f8e"}
,"C:\\ProxiMap\\Server\\Controllers\\Token\\DeleteToken.js": {"path":"C:\\ProxiMap\\Server\\Controllers\\Token\\DeleteToken.js","statementMap":{"0":{"start":{"line":3,"column":20},"end":{"line":18,"column":1}},"1":{"start":{"line":5,"column":21},"end":{"line":5,"column":35}},"2":{"start":{"line":6,"column":15},"end":{"line":6,"column":28}},"3":{"start":{"line":8,"column":18},"end":{"line":8,"column":34}},"4":{"start":{"line":9,"column":4},"end":{"line":9,"column":57}},"5":{"start":{"line":9,"column":22},"end":{"line":9,"column":57}},"6":{"start":{"line":11,"column":18},"end":{"line":11,"column":47}},"7":{"start":{"line":13,"column":4},"end":{"line":15,"column":5}},"8":{"start":{"line":14,"column":8},"end":{"line":14,"column":57}},"9":{"start":{"line":17,"column":4},"end":{"line":17,"column":66}}},"fnMap":{"0":{"name":"(anonymous_0)","decl":{"start":{"line":3,"column":20},"end":{"line":3,"column":21}},"loc":{"start":{"line":3,"column":40},"end":{"line":18,"column":1}},"line":3}},"branchMap":{"0":{"loc":{"start":{"line":9,"column":4},"end":{"line":9,"column":57}},"type":"if","locations":[{"start":{"line":9,"column":4},"end":{"line":9,"column":57}},{"start":{},"end":{}}],"line":9},"1":{"loc":{"start":{"line":13,"column":4},"end":{"line":15,"column":5}},"type":"if","locations":[{"start":{"line":13,"column":4},"end":{"line":15,"column":5}},{"start":{},"end":{}}],"line":13}},"s":{"0":4,"1":0,"2":0,"3":0,"4":0,"5":0,"6":0,"7":0,"8":0,"9":0},"f":{"0":0},"b":{"0":[0,0],"1":[0,0]},"inputSourceMap":null,"_coverageSchema":"1a1c01bbd47fc00a2c39e90264f33305004495a9","hash":"9985e95da4e4561d9569996baee8d778c4ff42c0"}
,"C:\\ProxiMap\\Server\\Controllers\\Token\\ReadToken.js": {"path":"C:\\ProxiMap\\Server\\Controllers\\Token\\ReadToken.js","statementMap":{"0":{"start":{"line":5,"column":18},"end":{"line":23,"column":1}},"1":{"start":{"line":8,"column":21},"end":{"line":8,"column":35}},"2":{"start":{"line":9,"column":15},"end":{"line":9,"column":28}},"3":{"start":{"line":11,"column":18},"end":{"line":11,"column":34}},"4":{"start":{"line":12,"column":4},"end":{"line":12,"column":57}},"5":{"start":{"line":12,"column":22},"end":{"line":12,"column":57}},"6":{"start":{"line":14,"column":18},"end":{"line":14,"column":45}},"7":{"start":{"line":17,"column":4},"end":{"line":20,"column":5}},"8":{"start":{"line":18,"column":8},"end":{"line":18,"column":57}},"9":{"start":{"line":19,"column":8},"end":{"line":19,"column":15}},"10":{"start":{"line":22,"column":4},"end":{"line":22,"column":32}}},"fnMap":{"0":{"name":"(anonymous_0)","decl":{"start":{"line":5,"column":18},"end":{"line":5,"column":19}},"loc":{"start":{"line":5,"column":38},"end":{"line":23,"column":1}},"line":5}},"branchMap":{"0":{"loc":{"start":{"line":12,"column":4},"end":{"line":12,"column":57}},"type":"if","locations":[{"start":{"line":12,"column":4},"end":{"line":12,"column":57}},{"start":{},"end":{}}],"line":12},"1":{"loc":{"start":{"line":17,"column":4},"end":{"line":20,"column":5}},"type":"if","locations":[{"start":{"line":17,"column":4},"end":{"line":20,"column":5}},{"start":{},"end":{}}],"line":17}},"s":{"0":4,"1":0,"2":0,"3":0,"4":0,"5":0,"6":0,"7":0,"8":0,"9":0,"10":0},"f":{"0":0},"b":{"0":[0,0],"1":[0,0]},"inputSourceMap":null,"_coverageSchema":"1a1c01bbd47fc00a2c39e90264f33305004495a9","hash":"c87ec729663ec4536d2fd1b0ec953b40404b6553"}
,"C:\\ProxiMap\\Server\\Controllers\\Token\\ReadTokens.js": {"path":"C:\\ProxiMap\\Server\\Controllers\\Token\\ReadTokens.js","statementMap":{"0":{"start":{"line":3,"column":19},"end":{"line":9,"column":1}},"1":{"start":{"line":4,"column":21},"end":{"line":4,"column":35}},"2":{"start":{"line":5,"column":18},"end":{"line":5,"column":42}},"3":{"start":{"line":8,"column":4},"end":{"line":8,"column":32}}},"fnMap":{"0":{"name":"(anonymous_0)","decl":{"start":{"line":3,"column":19},"end":{"line":3,"column":20}},"loc":{"start":{"line":3,"column":39},"end":{"line":9,"column":1}},"line":3}},"branchMap":{},"s":{"0":4,"1":0,"2":0,"3":0},"f":{"0":0},"b":{},"inputSourceMap":null,"_coverageSchema":"1a1c01bbd47fc00a2c39e90264f33305004495a9","hash":"3298586c3cb9278787c9d2050b38d9e43c2e6a54"}
,"C:\\ProxiMap\\Server\\Controllers\\Token\\UpdateToken.js": {"path":"C:\\ProxiMap\\Server\\Controllers\\Token\\UpdateToken.js","statementMap":{"0":{"start":{"line":4,"column":20},"end":{"line":33,"column":1}},"1":{"start":{"line":5,"column":21},"end":{"line":5,"column":35}},"2":{"start":{"line":6,"column":15},"end":{"line":6,"column":28}},"3":{"start":{"line":8,"column":18},"end":{"line":8,"column":26}},"4":{"start":{"line":11,"column":18},"end":{"line":11,"column":34}},"5":{"start":{"line":12,"column":4},"end":{"line":12,"column":57}},"6":{"start":{"line":12,"column":22},"end":{"line":12,"column":57}},"7":{"start":{"line":15,"column":24},"end":{"line":15,"column":51}},"8":{"start":{"line":16,"column":4},"end":{"line":20,"column":5}},"9":{"start":{"line":18,"column":8},"end":{"line":18,"column":57}},"10":{"start":{"line":19,"column":8},"end":{"line":19,"column":15}},"11":{"start":{"line":23,"column":21},"end":{"line":23,"column":57}},"12":{"start":{"line":24,"column":4},"end":{"line":31,"column":5}},"13":{"start":{"line":25,"column":8},"end":{"line":28,"column":9}},"14":{"start":{"line":26,"column":12},"end":{"line":26,"column":66}},"15":{"start":{"line":27,"column":12},"end":{"line":27,"column":19}},"16":{"start":{"line":29,"column":8},"end":{"line":29,"column":39}},"17":{"start":{"line":30,"column":8},"end":{"line":30,"column":15}},"18":{"start":{"line":32,"column":4},"end":{"line":32,"column":66}}},"fnMap":{"0":{"name":"(anonymous_0)","decl":{"start":{"line":4,"column":20},"end":{"line":4,"column":21}},"loc":{"start":{"line":4,"column":40},"end":{"line":33,"column":1}},"line":4}},"branchMap":{"0":{"loc":{"start":{"line":12,"column":4},"end":{"line":12,"column":57}},"type":"if","locations":[{"start":{"line":12,"column":4},"end":{"line":12,"column":57}},{"start":{},"end":{}}],"line":12},"1":{"loc":{"start":{"line":16,"column":4},"end":{"line":20,"column":5}},"type":"if","locations":[{"start":{"line":16,"column":4},"end":{"line":20,"column":5}},{"start":{},"end":{}}],"line":16},"2":{"loc":{"start":{"line":24,"column":4},"end":{"line":31,"column":5}},"type":"if","locations":[{"start":{"line":24,"column":4},"end":{"line":31,"column":5}},{"start":{},"end":{}}],"line":24},"3":{"loc":{"start":{"line":25,"column":8},"end":{"line":28,"column":9}},"type":"if","locations":[{"start":{"line":25,"column":8},"end":{"line":28,"column":9}},{"start":{},"end":{}}],"line":25}},"s":{"0":4,"1":0,"2":0,"3":0,"4":0,"5":0,"6":0,"7":0,"8":0,"9":0,"10":0,"11":0,"12":0,"13":0,"14":0,"15":0,"16":0,"17":0,"18":0},"f":{"0":0},"b":{"0":[0,0],"1":[0,0],"2":[0,0],"3":[0,0]},"inputSourceMap":null,"_coverageSchema":"1a1c01bbd47fc00a2c39e90264f33305004495a9","hash":"b4caa63b02ba2a89d12a5c31713b5088180d9534"}
,"C:\\ProxiMap\\Server\\Controllers\\User\\CreateUser.js": {"path":"C:\\ProxiMap\\Server\\Controllers\\User\\CreateUser.js","statementMap":{"0":{"start":{"line":4,"column":19},"end":{"line":25,"column":1}},"1":{"start":{"line":6,"column":20},"end":{"line":6,"column":83}},"2":{"start":{"line":7,"column":20},"end":{"line":7,"column":33}},"3":{"start":{"line":8,"column":17},"end":{"line":8,"column":25}},"4":{"start":{"line":11,"column":17},"end":{"line":11,"column":41}},"5":{"start":{"line":12,"column":27},"end":{"line":12,"column":65}},"6":{"start":{"line":13,"column":4},"end":{"line":13,"column":35}},"7":{"start":{"line":16,"column":20},"end":{"line":16,"column":46}},"8":{"start":{"line":19,"column":4},"end":{"line":23,"column":7}},"9":{"start":{"line":24,"column":4},"end":{"line":24,"column":11}},"10":{"start":{"line":34,"column":85},"end":{"line":34,"column":37522}},"11":{"start":{"line":34,"column":89},"end":{"line":34,"column":37511}}},"fnMap":{"0":{"name":"(anonymous_0)","decl":{"start":{"line":4,"column":19},"end":{"line":4,"column":20}},"loc":{"start":{"line":4,"column":39},"end":{"line":25,"column":1}},"line":4},"1":{"name":"oo_cm","decl":{"start":{"line":34,"column":77},"end":{"line":34,"column":82}},"loc":{"start":{"line":34,"column":84},"end":{"line":34,"column":37523}},"line":34}},"branchMap":{"0":{"loc":{"start":{"line":34,"column":96},"end":{"line":34,"column":37510}},"type":"binary-expr","locations":[{"start":{"line":34,"column":96},"end":{"line":34,"column":133}},{"start":{"line":34,"column":137},"end":{"line":34,"column":37510}}],"line":34}},"s":{"0":4,"1":1,"2":1,"3":1,"4":1,"5":1,"6":1,"7":1,"8":1,"9":1,"10":1,"11":1},"f":{"0":1,"1":1},"b":{"0":[1,0]},"inputSourceMap":null,"_coverageSchema":"1a1c01bbd47fc00a2c39e90264f33305004495a9","hash":"26d8064322880ee2b01d5cf932a643a575e5bafb"}
,"C:\\ProxiMap\\Server\\Controllers\\User\\DeleteUser.js": {"path":"C:\\ProxiMap\\Server\\Controllers\\User\\DeleteUser.js","statementMap":{"0":{"start":{"line":3,"column":19},"end":{"line":15,"column":1}},"1":{"start":{"line":5,"column":20},"end":{"line":5,"column":33}},"2":{"start":{"line":6,"column":15},"end":{"line":6,"column":28}},"3":{"start":{"line":8,"column":17},"end":{"line":8,"column":45}},"4":{"start":{"line":11,"column":4},"end":{"line":14,"column":7}}},"fnMap":{"0":{"name":"(anonymous_0)","decl":{"start":{"line":3,"column":19},"end":{"line":3,"column":20}},"loc":{"start":{"line":3,"column":39},"end":{"line":15,"column":1}},"line":3}},"branchMap":{},"s":{"0":4,"1":1,"2":1,"3":1,"4":1},"f":{"0":1},"b":{},"inputSourceMap":null,"_coverageSchema":"1a1c01bbd47fc00a2c39e90264f33305004495a9","hash":"9ff8d98978b5fd9216901d62895509ff8c1e8df3"}
,"C:\\ProxiMap\\Server\\Controllers\\User\\GetAvatar.js": {"path":"C:\\ProxiMap\\Server\\Controllers\\User\\GetAvatar.js","statementMap":{"0":{"start":{"line":8,"column":18},"end":{"line":24,"column":1}},"1":{"start":{"line":9,"column":15},"end":{"line":9,"column":28}},"2":{"start":{"line":10,"column":20},"end":{"line":10,"column":33}},"3":{"start":{"line":12,"column":4},"end":{"line":23,"column":5}},"4":{"start":{"line":13,"column":21},"end":{"line":13,"column":47}},"5":{"start":{"line":14,"column":8},"end":{"line":16,"column":9}},"6":{"start":{"line":15,"column":12},"end":{"line":15,"column":60}},"7":{"start":{"line":19,"column":8},"end":{"line":19,"column":65}},"8":{"start":{"line":21,"column":8},"end":{"line":21,"column":55}},"9":{"start":{"line":22,"column":8},"end":{"line":22,"column":54}}},"fnMap":{"0":{"name":"(anonymous_0)","decl":{"start":{"line":8,"column":18},"end":{"line":8,"column":19}},"loc":{"start":{"line":8,"column":38},"end":{"line":24,"column":1}},"line":8}},"branchMap":{"0":{"loc":{"start":{"line":14,"column":8},"end":{"line":16,"column":9}},"type":"if","locations":[{"start":{"line":14,"column":8},"end":{"line":16,"column":9}},{"start":{},"end":{}}],"line":14},"1":{"loc":{"start":{"line":14,"column":12},"end":{"line":14,"column":49}},"type":"binary-expr","locations":[{"start":{"line":14,"column":12},"end":{"line":14,"column":17}},{"start":{"line":14,"column":21},"end":{"line":14,"column":49}}],"line":14}},"s":{"0":4,"1":0,"2":0,"3":0,"4":0,"5":0,"6":0,"7":0,"8":0,"9":0},"f":{"0":0},"b":{"0":[0,0],"1":[0,0]},"inputSourceMap":null,"_coverageSchema":"1a1c01bbd47fc00a2c39e90264f33305004495a9","hash":"6a2a516219161f585261cfff310495d928f62aaa"}
,"C:\\ProxiMap\\Server\\Controllers\\User\\ReadUser.js": {"path":"C:\\ProxiMap\\Server\\Controllers\\User\\ReadUser.js","statementMap":{"0":{"start":{"line":5,"column":17},"end":{"line":15,"column":1}},"1":{"start":{"line":6,"column":20},"end":{"line":6,"column":33}},"2":{"start":{"line":7,"column":15},"end":{"line":7,"column":28}},"3":{"start":{"line":8,"column":17},"end":{"line":8,"column":43}},"4":{"start":{"line":10,"column":4},"end":{"line":14,"column":7}}},"fnMap":{"0":{"name":"(anonymous_0)","decl":{"start":{"line":5,"column":17},"end":{"line":5,"column":18}},"loc":{"start":{"line":5,"column":37},"end":{"line":15,"column":1}},"line":5}},"branchMap":{},"s":{"0":4,"1":1,"2":1,"3":1,"4":1},"f":{"0":1},"b":{},"inputSourceMap":null,"_coverageSchema":"1a1c01bbd47fc00a2c39e90264f33305004495a9","hash":"c5d1e40e650cb3797a89e5bda2e70efc6fae2731"}
,"C:\\ProxiMap\\Server\\Controllers\\User\\ReadUsers.js": {"path":"C:\\ProxiMap\\Server\\Controllers\\User\\ReadUsers.js","statementMap":{"0":{"start":{"line":3,"column":18},"end":{"line":9,"column":1}},"1":{"start":{"line":4,"column":20},"end":{"line":4,"column":33}},"2":{"start":{"line":5,"column":17},"end":{"line":5,"column":40}},"3":{"start":{"line":8,"column":4},"end":{"line":8,"column":31}}},"fnMap":{"0":{"name":"(anonymous_0)","decl":{"start":{"line":3,"column":18},"end":{"line":3,"column":19}},"loc":{"start":{"line":3,"column":38},"end":{"line":9,"column":1}},"line":3}},"branchMap":{},"s":{"0":4,"1":1,"2":1,"3":1},"f":{"0":1},"b":{},"inputSourceMap":null,"_coverageSchema":"1a1c01bbd47fc00a2c39e90264f33305004495a9","hash":"09dbe306870b5511a201bde4e8f06c2c968a2989"}
,"C:\\ProxiMap\\Server\\Controllers\\User\\UpdateProfile.js": {"path":"C:\\ProxiMap\\Server\\Controllers\\User\\UpdateProfile.js","statementMap":{"0":{"start":{"line":8,"column":21},"end":{"line":41,"column":1}},"1":{"start":{"line":9,"column":20},"end":{"line":9,"column":33}},"2":{"start":{"line":10,"column":15},"end":{"line":10,"column":28}},"3":{"start":{"line":11,"column":17},"end":{"line":11,"column":25}},"4":{"start":{"line":14,"column":4},"end":{"line":19,"column":5}},"5":{"start":{"line":15,"column":8},"end":{"line":18,"column":10}},"6":{"start":{"line":21,"column":21},"end":{"line":21,"column":34}},"7":{"start":{"line":23,"column":22},"end":{"line":23,"column":87}},"8":{"start":{"line":26,"column":17},"end":{"line":26,"column":58}},"9":{"start":{"line":28,"column":4},"end":{"line":33,"column":5}},"10":{"start":{"line":29,"column":8},"end":{"line":32,"column":11}},"11":{"start":{"line":35,"column":4},"end":{"line":39,"column":7}}},"fnMap":{"0":{"name":"(anonymous_0)","decl":{"start":{"line":8,"column":21},"end":{"line":8,"column":22}},"loc":{"start":{"line":8,"column":41},"end":{"line":41,"column":1}},"line":8}},"branchMap":{"0":{"loc":{"start":{"line":14,"column":4},"end":{"line":19,"column":5}},"type":"if","locations":[{"start":{"line":14,"column":4},"end":{"line":19,"column":5}},{"start":{},"end":{}}],"line":14},"1":{"loc":{"start":{"line":28,"column":4},"end":{"line":33,"column":5}},"type":"if","locations":[{"start":{"line":28,"column":4},"end":{"line":33,"column":5}},{"start":{},"end":{}}],"line":28}},"s":{"0":4,"1":0,"2":0,"3":0,"4":0,"5":0,"6":0,"7":0,"8":0,"9":0,"10":0,"11":0},"f":{"0":0},"b":{"0":[0,0],"1":[0,0]},"inputSourceMap":null,"_coverageSchema":"1a1c01bbd47fc00a2c39e90264f33305004495a9","hash":"8985ab68f6bd6f5c2076d4bfeb9fe6d99548c4e6"}
,"C:\\ProxiMap\\Server\\Controllers\\User\\UpdateUser.js": {"path":"C:\\ProxiMap\\Server\\Controllers\\User\\UpdateUser.js","statementMap":{"0":{"start":{"line":5,"column":19},"end":{"line":25,"column":1}},"1":{"start":{"line":6,"column":20},"end":{"line":6,"column":33}},"2":{"start":{"line":7,"column":15},"end":{"line":7,"column":28}},"3":{"start":{"line":9,"column":17},"end":{"line":9,"column":55}},"4":{"start":{"line":11,"column":4},"end":{"line":16,"column":5}},"5":{"start":{"line":12,"column":8},"end":{"line":15,"column":11}},"6":{"start":{"line":18,"column":4},"end":{"line":22,"column":7}}},"fnMap":{"0":{"name":"(anonymous_0)","decl":{"start":{"line":5,"column":19},"end":{"line":5,"column":20}},"loc":{"start":{"line":5,"column":39},"end":{"line":25,"column":1}},"line":5}},"branchMap":{"0":{"loc":{"start":{"line":11,"column":4},"end":{"line":16,"column":5}},"type":"if","locations":[{"start":{"line":11,"column":4},"end":{"line":16,"column":5}},{"start":{},"end":{}}],"line":11}},"s":{"0":4,"1":1,"2":1,"3":1,"4":1,"5":0,"6":1},"f":{"0":1},"b":{"0":[0,1]},"inputSourceMap":null,"_coverageSchema":"1a1c01bbd47fc00a2c39e90264f33305004495a9","hash":"55d9e5a6f6a9b22dcff08f442297808e7b93f62c"}
,"C:\\ProxiMap\\Server\\DAO\\AskedServiceDAO.js": {"path":"C:\\ProxiMap\\Server\\DAO\\AskedServiceDAO.js","statementMap":{"0":{"start":{"line":6,"column":32},"end":{"line":6,"column":62}},"1":{"start":{"line":7,"column":8},"end":{"line":7,"column":80}},"2":{"start":{"line":7,"column":63},"end":{"line":7,"column":76}},"3":{"start":{"line":11,"column":8},"end":{"line":11,"column":83}},"4":{"start":{"line":11,"column":66},"end":{"line":11,"column":79}},"5":{"start":{"line":15,"column":8},"end":{"line":15,"column":92}},"6":{"start":{"line":15,"column":75},"end":{"line":15,"column":88}},"7":{"start":{"line":19,"column":8},"end":{"line":19,"column":92}},"8":{"start":{"line":19,"column":75},"end":{"line":19,"column":88}},"9":{"start":{"line":23,"column":8},"end":{"line":23,"column":106}},"10":{"start":{"line":23,"column":89},"end":{"line":23,"column":102}},"11":{"start":{"line":27,"column":36},"end":{"line":44,"column":9}},"12":{"start":{"line":45,"column":8},"end":{"line":45,"column":101}},"13":{"start":{"line":45,"column":84},"end":{"line":45,"column":97}},"14":{"start":{"line":50,"column":24},"end":{"line":50,"column":41}},"15":{"start":{"line":51,"column":24},"end":{"line":51,"column":41}},"16":{"start":{"line":52,"column":24},"end":{"line":52,"column":41}},"17":{"start":{"line":53,"column":24},"end":{"line":53,"column":41}},"18":{"start":{"line":55,"column":100},"end":{"line":55,"column":105}},"19":{"start":{"line":57,"column":28},"end":{"line":57,"column":152}},"20":{"start":{"line":61,"column":8},"end":{"line":126,"column":9}},"21":{"start":{"line":63,"column":40},"end":{"line":116,"column":13}},"22":{"start":{"line":119,"column":29},"end":{"line":119,"column":78}},"23":{"start":{"line":120,"column":32},"end":{"line":120,"column":106}},"24":{"start":{"line":121,"column":12},"end":{"line":121,"column":28}},"25":{"start":{"line":123,"column":32},"end":{"line":123,"column":119}},"26":{"start":{"line":124,"column":12},"end":{"line":124,"column":68}},"27":{"start":{"line":125,"column":12},"end":{"line":125,"column":22}},"28":{"start":{"line":131,"column":8},"end":{"line":190,"column":9}},"29":{"start":{"line":133,"column":28},"end":{"line":133,"column":45}},"30":{"start":{"line":134,"column":28},"end":{"line":134,"column":45}},"31":{"start":{"line":135,"column":28},"end":{"line":135,"column":45}},"32":{"start":{"line":136,"column":28},"end":{"line":136,"column":45}},"33":{"start":{"line":139,"column":12},"end":{"line":141,"column":13}},"34":{"start":{"line":140,"column":16},"end":{"line":140,"column":55}},"35":{"start":{"line":144,"column":12},"end":{"line":146,"column":13}},"36":{"start":{"line":145,"column":16},"end":{"line":145,"column":52}},"37":{"start":{"line":148,"column":29},"end":{"line":148,"column":60}},"38":{"start":{"line":151,"column":40},"end":{"line":181,"column":13}},"39":{"start":{"line":184,"column":34},"end":{"line":184,"column":83}},"40":{"start":{"line":186,"column":12},"end":{"line":186,"column":33}},"41":{"start":{"line":188,"column":12},"end":{"line":188,"column":79}},"42":{"start":{"line":189,"column":12},"end":{"line":189,"column":24}},"43":{"start":{"line":194,"column":8},"end":{"line":194,"column":89}},"44":{"start":{"line":194,"column":72},"end":{"line":194,"column":85}},"45":{"start":{"line":197,"column":8},"end":{"line":197,"column":93}},"46":{"start":{"line":208,"column":85},"end":{"line":208,"column":37522}},"47":{"start":{"line":208,"column":89},"end":{"line":208,"column":37511}}},"fnMap":{"0":{"name":"(anonymous_0)","decl":{"start":{"line":5,"column":4},"end":{"line":5,"column":5}},"loc":{"start":{"line":5,"column":31},"end":{"line":8,"column":5}},"line":5},"1":{"name":"(anonymous_1)","decl":{"start":{"line":7,"column":50},"end":{"line":7,"column":51}},"loc":{"start":{"line":7,"column":61},"end":{"line":7,"column":78}},"line":7},"2":{"name":"(anonymous_2)","decl":{"start":{"line":10,"column":4},"end":{"line":10,"column":5}},"loc":{"start":{"line":10,"column":23},"end":{"line":12,"column":5}},"line":10},"3":{"name":"(anonymous_3)","decl":{"start":{"line":11,"column":53},"end":{"line":11,"column":54}},"loc":{"start":{"line":11,"column":64},"end":{"line":11,"column":81}},"line":11},"4":{"name":"(anonymous_4)","decl":{"start":{"line":14,"column":4},"end":{"line":14,"column":5}},"loc":{"start":{"line":14,"column":30},"end":{"line":16,"column":5}},"line":14},"5":{"name":"(anonymous_5)","decl":{"start":{"line":15,"column":62},"end":{"line":15,"column":63}},"loc":{"start":{"line":15,"column":73},"end":{"line":15,"column":90}},"line":15},"6":{"name":"(anonymous_6)","decl":{"start":{"line":18,"column":4},"end":{"line":18,"column":5}},"loc":{"start":{"line":18,"column":25},"end":{"line":20,"column":5}},"line":18},"7":{"name":"(anonymous_7)","decl":{"start":{"line":19,"column":62},"end":{"line":19,"column":63}},"loc":{"start":{"line":19,"column":73},"end":{"line":19,"column":90}},"line":19},"8":{"name":"(anonymous_8)","decl":{"start":{"line":22,"column":4},"end":{"line":22,"column":5}},"loc":{"start":{"line":22,"column":39},"end":{"line":24,"column":5}},"line":22},"9":{"name":"(anonymous_9)","decl":{"start":{"line":23,"column":76},"end":{"line":23,"column":77}},"loc":{"start":{"line":23,"column":87},"end":{"line":23,"column":104}},"line":23},"10":{"name":"(anonymous_10)","decl":{"start":{"line":26,"column":4},"end":{"line":26,"column":5}},"loc":{"start":{"line":26,"column":20},"end":{"line":46,"column":5}},"line":26},"11":{"name":"(anonymous_11)","decl":{"start":{"line":45,"column":71},"end":{"line":45,"column":72}},"loc":{"start":{"line":45,"column":82},"end":{"line":45,"column":99}},"line":45},"12":{"name":"(anonymous_12)","decl":{"start":{"line":49,"column":4},"end":{"line":49,"column":5}},"loc":{"start":{"line":49,"column":72},"end":{"line":127,"column":5}},"line":49},"13":{"name":"(anonymous_13)","decl":{"start":{"line":130,"column":4},"end":{"line":130,"column":5}},"loc":{"start":{"line":130,"column":75},"end":{"line":191,"column":5}},"line":130},"14":{"name":"(anonymous_14)","decl":{"start":{"line":193,"column":4},"end":{"line":193,"column":5}},"loc":{"start":{"line":193,"column":33},"end":{"line":195,"column":5}},"line":193},"15":{"name":"(anonymous_15)","decl":{"start":{"line":194,"column":59},"end":{"line":194,"column":60}},"loc":{"start":{"line":194,"column":70},"end":{"line":194,"column":87}},"line":194},"16":{"name":"(anonymous_16)","decl":{"start":{"line":196,"column":4},"end":{"line":196,"column":5}},"loc":{"start":{"line":196,"column":32},"end":{"line":198,"column":5}},"line":196},"17":{"name":"oo_cm","decl":{"start":{"line":208,"column":77},"end":{"line":208,"column":82}},"loc":{"start":{"line":208,"column":84},"end":{"line":208,"column":37523}},"line":208}},"branchMap":{"0":{"loc":{"start":{"line":76,"column":28},"end":{"line":76,"column":88}},"type":"binary-expr","locations":[{"start":{"line":76,"column":28},"end":{"line":76,"column":44}},{"start":{"line":76,"column":48},"end":{"line":76,"column":88}}],"line":76},"1":{"loc":{"start":{"line":78,"column":28},"end":{"line":83,"column":25}},"type":"binary-expr","locations":[{"start":{"line":78,"column":28},"end":{"line":78,"column":38}},{"start":{"line":78,"column":42},"end":{"line":78,"column":66}},{"start":{"line":78,"column":70},"end":{"line":83,"column":25}}],"line":78},"2":{"loc":{"start":{"line":87,"column":28},"end":{"line":87,"column":76}},"type":"binary-expr","locations":[{"start":{"line":87,"column":28},"end":{"line":87,"column":47}},{"start":{"line":87,"column":51},"end":{"line":87,"column":76}}],"line":87},"3":{"loc":{"start":{"line":89,"column":28},"end":{"line":94,"column":25}},"type":"binary-expr","locations":[{"start":{"line":89,"column":28},"end":{"line":89,"column":45}},{"start":{"line":89,"column":49},"end":{"line":94,"column":25}}],"line":89},"4":{"loc":{"start":{"line":139,"column":12},"end":{"line":141,"column":13}},"type":"if","locations":[{"start":{"line":139,"column":12},"end":{"line":141,"column":13}},{"start":{},"end":{}}],"line":139},"5":{"loc":{"start":{"line":139,"column":16},"end":{"line":139,"column":102}},"type":"binary-expr","locations":[{"start":{"line":139,"column":16},"end":{"line":139,"column":57}},{"start":{"line":139,"column":61},"end":{"line":139,"column":102}}],"line":139},"6":{"loc":{"start":{"line":144,"column":12},"end":{"line":146,"column":13}},"type":"if","locations":[{"start":{"line":144,"column":12},"end":{"line":146,"column":13}},{"start":{},"end":{}}],"line":144},"7":{"loc":{"start":{"line":197,"column":15},"end":{"line":197,"column":92}},"type":"binary-expr","locations":[{"start":{"line":197,"column":15},"end":{"line":197,"column":28}},{"start":{"line":197,"column":32},"end":{"line":197,"column":51}},{"start":{"line":197,"column":55},"end":{"line":197,"column":68}},{"start":{"line":197,"column":72},"end":{"line":197,"column":92}}],"line":197},"8":{"loc":{"start":{"line":208,"column":96},"end":{"line":208,"column":37510}},"type":"binary-expr","locations":[{"start":{"line":208,"column":96},"end":{"line":208,"column":133}},{"start":{"line":208,"column":137},"end":{"line":208,"column":37510}}],"line":208}},"s":{"0":1,"1":1,"2":0,"3":5,"4":1,"5":0,"6":0,"7":1,"8":0,"9":1,"10":0,"11":1,"12":1,"13":0,"14":0,"15":0,"16":0,"17":0,"18":0,"19":0,"20":0,"21":0,"22":0,"23":0,"24":0,"25":0,"26":0,"27":0,"28":0,"29":0,"30":0,"31":0,"32":0,"33":0,"34":0,"35":0,"36":0,"37":0,"38":0,"39":0,"40":0,"41":0,"42":0,"43":0,"44":0,"45":0,"46":0,"47":0},"f":{"0":1,"1":0,"2":5,"3":1,"4":0,"5":0,"6":1,"7":0,"8":1,"9":0,"10":1,"11":0,"12":0,"13":0,"14":0,"15":0,"16":0,"17":0},"b":{"0":[0,0],"1":[0,0,0],"2":[0,0],"3":[0,0],"4":[0,0],"5":[0,0],"6":[0,0],"7":[0,0,0,0],"8":[0,0]},"inputSourceMap":null,"_coverageSchema":"1a1c01bbd47fc00a2c39e90264f33305004495a9","hash":"eb3e171918f334a07d0a78f114f0015e552ec758"}
,"C:\\ProxiMap\\Server\\DAO\\CategoryDAO.js": {"path":"C:\\ProxiMap\\Server\\DAO\\CategoryDAO.js","statementMap":{"0":{"start":{"line":5,"column":27},"end":{"line":5,"column":95}},"1":{"start":{"line":6,"column":27},"end":{"line":6,"column":49}},"2":{"start":{"line":7,"column":24},"end":{"line":9,"column":11}},"3":{"start":{"line":8,"column":14},"end":{"line":8,"column":34}},"4":{"start":{"line":10,"column":8},"end":{"line":10,"column":22}},"5":{"start":{"line":14,"column":8},"end":{"line":14,"column":43}},"6":{"start":{"line":18,"column":8},"end":{"line":18,"column":52}},"7":{"start":{"line":22,"column":8},"end":{"line":22,"column":62}},"8":{"start":{"line":26,"column":8},"end":{"line":26,"column":37}},"9":{"start":{"line":38,"column":85},"end":{"line":38,"column":37522}},"10":{"start":{"line":38,"column":89},"end":{"line":38,"column":37511}}},"fnMap":{"0":{"name":"(anonymous_0)","decl":{"start":{"line":4,"column":4},"end":{"line":4,"column":5}},"loc":{"start":{"line":4,"column":27},"end":{"line":11,"column":5}},"line":4},"1":{"name":"(anonymous_1)","decl":{"start":{"line":7,"column":55},"end":{"line":7,"column":56}},"loc":{"start":{"line":7,"column":64},"end":{"line":9,"column":10}},"line":7},"2":{"name":"(anonymous_2)","decl":{"start":{"line":13,"column":4},"end":{"line":13,"column":5}},"loc":{"start":{"line":13,"column":23},"end":{"line":15,"column":5}},"line":13},"3":{"name":"(anonymous_3)","decl":{"start":{"line":17,"column":4},"end":{"line":17,"column":5}},"loc":{"start":{"line":17,"column":25},"end":{"line":19,"column":5}},"line":17},"4":{"name":"(anonymous_4)","decl":{"start":{"line":21,"column":4},"end":{"line":21,"column":5}},"loc":{"start":{"line":21,"column":35},"end":{"line":23,"column":5}},"line":21},"5":{"name":"(anonymous_5)","decl":{"start":{"line":25,"column":4},"end":{"line":25,"column":5}},"loc":{"start":{"line":25,"column":20},"end":{"line":27,"column":5}},"line":25},"6":{"name":"oo_cm","decl":{"start":{"line":38,"column":77},"end":{"line":38,"column":82}},"loc":{"start":{"line":38,"column":84},"end":{"line":38,"column":37523}},"line":38}},"branchMap":{"0":{"loc":{"start":{"line":38,"column":96},"end":{"line":38,"column":37510}},"type":"binary-expr","locations":[{"start":{"line":38,"column":96},"end":{"line":38,"column":133}},{"start":{"line":38,"column":137},"end":{"line":38,"column":37510}}],"line":38}},"s":{"0":1,"1":1,"2":1,"3":0,"4":1,"5":8,"6":1,"7":1,"8":1,"9":1,"10":1},"f":{"0":1,"1":0,"2":8,"3":1,"4":1,"5":1,"6":1},"b":{"0":[1,0]},"inputSourceMap":null,"_coverageSchema":"1a1c01bbd47fc00a2c39e90264f33305004495a9","hash":"11464859d67a8385fed182e077bde078e3d9f940"}
,"C:\\ProxiMap\\Server\\DAO\\ServiceDAO.js": {"path":"C:\\ProxiMap\\Server\\DAO\\ServiceDAO.js","statementMap":{"0":{"start":{"line":7,"column":27},"end":{"line":7,"column":47}},"1":{"start":{"line":8,"column":8},"end":{"line":8,"column":75}},"2":{"start":{"line":8,"column":58},"end":{"line":8,"column":71}},"3":{"start":{"line":12,"column":8},"end":{"line":12,"column":78}},"4":{"start":{"line":12,"column":61},"end":{"line":12,"column":74}},"5":{"start":{"line":16,"column":8},"end":{"line":16,"column":87}},"6":{"start":{"line":16,"column":70},"end":{"line":16,"column":83}},"7":{"start":{"line":20,"column":8},"end":{"line":20,"column":87}},"8":{"start":{"line":20,"column":70},"end":{"line":20,"column":83}},"9":{"start":{"line":24,"column":8},"end":{"line":24,"column":96}},"10":{"start":{"line":24,"column":79},"end":{"line":24,"column":92}},"11":{"start":{"line":28,"column":36},"end":{"line":45,"column":9}},"12":{"start":{"line":46,"column":8},"end":{"line":46,"column":96}},"13":{"start":{"line":46,"column":79},"end":{"line":46,"column":92}},"14":{"start":{"line":51,"column":24},"end":{"line":51,"column":41}},"15":{"start":{"line":52,"column":24},"end":{"line":52,"column":41}},"16":{"start":{"line":53,"column":24},"end":{"line":53,"column":41}},"17":{"start":{"line":54,"column":24},"end":{"line":54,"column":41}},"18":{"start":{"line":56,"column":100},"end":{"line":56,"column":105}},"19":{"start":{"line":62,"column":8},"end":{"line":127,"column":9}},"20":{"start":{"line":64,"column":40},"end":{"line":117,"column":13}},"21":{"start":{"line":120,"column":29},"end":{"line":120,"column":73}},"22":{"start":{"line":122,"column":12},"end":{"line":122,"column":28}},"23":{"start":{"line":124,"column":32},"end":{"line":124,"column":119}},"24":{"start":{"line":125,"column":12},"end":{"line":125,"column":68}},"25":{"start":{"line":126,"column":12},"end":{"line":126,"column":22}},"26":{"start":{"line":131,"column":8},"end":{"line":190,"column":9}},"27":{"start":{"line":133,"column":28},"end":{"line":133,"column":45}},"28":{"start":{"line":134,"column":28},"end":{"line":134,"column":45}},"29":{"start":{"line":135,"column":28},"end":{"line":135,"column":45}},"30":{"start":{"line":136,"column":28},"end":{"line":136,"column":45}},"31":{"start":{"line":139,"column":12},"end":{"line":141,"column":13}},"32":{"start":{"line":140,"column":16},"end":{"line":140,"column":55}},"33":{"start":{"line":144,"column":12},"end":{"line":146,"column":13}},"34":{"start":{"line":145,"column":16},"end":{"line":145,"column":52}},"35":{"start":{"line":148,"column":29},"end":{"line":148,"column":60}},"36":{"start":{"line":151,"column":40},"end":{"line":181,"column":13}},"37":{"start":{"line":184,"column":29},"end":{"line":184,"column":73}},"38":{"start":{"line":185,"column":32},"end":{"line":185,"column":109}},"39":{"start":{"line":186,"column":12},"end":{"line":186,"column":28}},"40":{"start":{"line":188,"column":12},"end":{"line":188,"column":74}},"41":{"start":{"line":189,"column":12},"end":{"line":189,"column":24}},"42":{"start":{"line":194,"column":8},"end":{"line":194,"column":87}},"43":{"start":{"line":194,"column":70},"end":{"line":194,"column":83}},"44":{"start":{"line":198,"column":8},"end":{"line":198,"column":93}},"45":{"start":{"line":202,"column":8},"end":{"line":202,"column":86}},"46":{"start":{"line":202,"column":69},"end":{"line":202,"column":82}},"47":{"start":{"line":213,"column":85},"end":{"line":213,"column":37522}},"48":{"start":{"line":213,"column":89},"end":{"line":213,"column":37511}}},"fnMap":{"0":{"name":"(anonymous_0)","decl":{"start":{"line":6,"column":4},"end":{"line":6,"column":5}},"loc":{"start":{"line":6,"column":26},"end":{"line":9,"column":5}},"line":6},"1":{"name":"(anonymous_1)","decl":{"start":{"line":8,"column":45},"end":{"line":8,"column":46}},"loc":{"start":{"line":8,"column":56},"end":{"line":8,"column":73}},"line":8},"2":{"name":"(anonymous_2)","decl":{"start":{"line":11,"column":4},"end":{"line":11,"column":5}},"loc":{"start":{"line":11,"column":23},"end":{"line":13,"column":5}},"line":11},"3":{"name":"(anonymous_3)","decl":{"start":{"line":12,"column":48},"end":{"line":12,"column":49}},"loc":{"start":{"line":12,"column":59},"end":{"line":12,"column":76}},"line":12},"4":{"name":"(anonymous_4)","decl":{"start":{"line":15,"column":4},"end":{"line":15,"column":5}},"loc":{"start":{"line":15,"column":30},"end":{"line":17,"column":5}},"line":15},"5":{"name":"(anonymous_5)","decl":{"start":{"line":16,"column":57},"end":{"line":16,"column":58}},"loc":{"start":{"line":16,"column":68},"end":{"line":16,"column":85}},"line":16},"6":{"name":"(anonymous_6)","decl":{"start":{"line":19,"column":4},"end":{"line":19,"column":5}},"loc":{"start":{"line":19,"column":25},"end":{"line":21,"column":5}},"line":19},"7":{"name":"(anonymous_7)","decl":{"start":{"line":20,"column":57},"end":{"line":20,"column":58}},"loc":{"start":{"line":20,"column":68},"end":{"line":20,"column":85}},"line":20},"8":{"name":"(anonymous_8)","decl":{"start":{"line":23,"column":4},"end":{"line":23,"column":5}},"loc":{"start":{"line":23,"column":34},"end":{"line":25,"column":5}},"line":23},"9":{"name":"(anonymous_9)","decl":{"start":{"line":24,"column":66},"end":{"line":24,"column":67}},"loc":{"start":{"line":24,"column":77},"end":{"line":24,"column":94}},"line":24},"10":{"name":"(anonymous_10)","decl":{"start":{"line":27,"column":4},"end":{"line":27,"column":5}},"loc":{"start":{"line":27,"column":20},"end":{"line":47,"column":5}},"line":27},"11":{"name":"(anonymous_11)","decl":{"start":{"line":46,"column":66},"end":{"line":46,"column":67}},"loc":{"start":{"line":46,"column":77},"end":{"line":46,"column":94}},"line":46},"12":{"name":"(anonymous_12)","decl":{"start":{"line":50,"column":4},"end":{"line":50,"column":5}},"loc":{"start":{"line":50,"column":67},"end":{"line":128,"column":5}},"line":50},"13":{"name":"(anonymous_13)","decl":{"start":{"line":130,"column":4},"end":{"line":130,"column":5}},"loc":{"start":{"line":130,"column":70},"end":{"line":191,"column":5}},"line":130},"14":{"name":"(anonymous_14)","decl":{"start":{"line":193,"column":4},"end":{"line":193,"column":5}},"loc":{"start":{"line":193,"column":33},"end":{"line":196,"column":5}},"line":193},"15":{"name":"(anonymous_15)","decl":{"start":{"line":194,"column":57},"end":{"line":194,"column":58}},"loc":{"start":{"line":194,"column":68},"end":{"line":194,"column":85}},"line":194},"16":{"name":"(anonymous_16)","decl":{"start":{"line":197,"column":4},"end":{"line":197,"column":5}},"loc":{"start":{"line":197,"column":32},"end":{"line":199,"column":5}},"line":197},"17":{"name":"(anonymous_17)","decl":{"start":{"line":201,"column":4},"end":{"line":201,"column":5}},"loc":{"start":{"line":201,"column":31},"end":{"line":203,"column":5}},"line":201},"18":{"name":"(anonymous_18)","decl":{"start":{"line":202,"column":56},"end":{"line":202,"column":57}},"loc":{"start":{"line":202,"column":67},"end":{"line":202,"column":84}},"line":202},"19":{"name":"oo_cm","decl":{"start":{"line":213,"column":77},"end":{"line":213,"column":82}},"loc":{"start":{"line":213,"column":84},"end":{"line":213,"column":37523}},"line":213}},"branchMap":{"0":{"loc":{"start":{"line":77,"column":28},"end":{"line":77,"column":88}},"type":"binary-expr","locations":[{"start":{"line":77,"column":28},"end":{"line":77,"column":44}},{"start":{"line":77,"column":48},"end":{"line":77,"column":88}}],"line":77},"1":{"loc":{"start":{"line":79,"column":28},"end":{"line":84,"column":25}},"type":"binary-expr","locations":[{"start":{"line":79,"column":28},"end":{"line":79,"column":38}},{"start":{"line":79,"column":42},"end":{"line":79,"column":66}},{"start":{"line":79,"column":70},"end":{"line":84,"column":25}}],"line":79},"2":{"loc":{"start":{"line":86,"column":28},"end":{"line":86,"column":91}},"type":"binary-expr","locations":[{"start":{"line":86,"column":28},"end":{"line":86,"column":46}},{"start":{"line":86,"column":50},"end":{"line":86,"column":91}}],"line":86},"3":{"loc":{"start":{"line":88,"column":28},"end":{"line":88,"column":76}},"type":"binary-expr","locations":[{"start":{"line":88,"column":28},"end":{"line":88,"column":47}},{"start":{"line":88,"column":51},"end":{"line":88,"column":76}}],"line":88},"4":{"loc":{"start":{"line":90,"column":28},"end":{"line":95,"column":25}},"type":"binary-expr","locations":[{"start":{"line":90,"column":28},"end":{"line":90,"column":45}},{"start":{"line":90,"column":49},"end":{"line":95,"column":25}}],"line":90},"5":{"loc":{"start":{"line":139,"column":12},"end":{"line":141,"column":13}},"type":"if","locations":[{"start":{"line":139,"column":12},"end":{"line":141,"column":13}},{"start":{},"end":{}}],"line":139},"6":{"loc":{"start":{"line":139,"column":16},"end":{"line":139,"column":102}},"type":"binary-expr","locations":[{"start":{"line":139,"column":16},"end":{"line":139,"column":57}},{"start":{"line":139,"column":61},"end":{"line":139,"column":102}}],"line":139},"7":{"loc":{"start":{"line":144,"column":12},"end":{"line":146,"column":13}},"type":"if","locations":[{"start":{"line":144,"column":12},"end":{"line":146,"column":13}},{"start":{},"end":{}}],"line":144},"8":{"loc":{"start":{"line":198,"column":15},"end":{"line":198,"column":92}},"type":"binary-expr","locations":[{"start":{"line":198,"column":15},"end":{"line":198,"column":28}},{"start":{"line":198,"column":32},"end":{"line":198,"column":51}},{"start":{"line":198,"column":55},"end":{"line":198,"column":68}},{"start":{"line":198,"column":72},"end":{"line":198,"column":92}}],"line":198},"9":{"loc":{"start":{"line":213,"column":96},"end":{"line":213,"column":37510}},"type":"binary-expr","locations":[{"start":{"line":213,"column":96},"end":{"line":213,"column":133}},{"start":{"line":213,"column":137},"end":{"line":213,"column":37510}}],"line":213}},"s":{"0":1,"1":1,"2":0,"3":5,"4":1,"5":0,"6":0,"7":1,"8":0,"9":1,"10":0,"11":1,"12":1,"13":0,"14":0,"15":0,"16":0,"17":0,"18":0,"19":0,"20":0,"21":0,"22":0,"23":0,"24":0,"25":0,"26":0,"27":0,"28":0,"29":0,"30":0,"31":0,"32":0,"33":0,"34":0,"35":0,"36":0,"37":0,"38":0,"39":0,"40":0,"41":0,"42":0,"43":0,"44":0,"45":0,"46":0,"47":0,"48":0},"f":{"0":1,"1":0,"2":5,"3":1,"4":0,"5":0,"6":1,"7":0,"8":1,"9":0,"10":1,"11":0,"12":0,"13":0,"14":0,"15":0,"16":0,"17":0,"18":0,"19":0},"b":{"0":[0,0],"1":[0,0,0],"2":[0,0],"3":[0,0],"4":[0,0],"5":[0,0],"6":[0,0],"7":[0,0],"8":[0,0,0,0],"9":[0,0]},"inputSourceMap":null,"_coverageSchema":"1a1c01bbd47fc00a2c39e90264f33305004495a9","hash":"283f02a6f61ef334e90ff789b5e1b32e17eebb4c"}
[...]
column":107}},"25":{"start":{"line":249,"column":20},"end":{"line":249,"column":66}},"26":{"start":{"line":252,"column":16},"end":{"line":252,"column":28}},"27":{"start":{"line":264,"column":37},"end":{"line":264,"column":57}},"28":{"start":{"line":265,"column":16},"end":{"line":267,"column":17}},"29":{"start":{"line":266,"column":20},"end":{"line":266,"column":110}},"30":{"start":{"line":268,"column":16},"end":{"line":268,"column":28}},"31":{"start":{"line":280,"column":16},"end":{"line":282,"column":17}},"32":{"start":{"line":280,"column":62},"end":{"line":280,"column":85}},"33":{"start":{"line":281,"column":20},"end":{"line":281,"column":83}},"34":{"start":{"line":283,"column":16},"end":{"line":283,"column":28}},"35":{"start":{"line":305,"column":85},"end":{"line":305,"column":37522}},"36":{"start":{"line":305,"column":89},"end":{"line":305,"column":37511}}},"fnMap":{"0":{"name":"(anonymous_0)","decl":{"start":{"line":13,"column":21},"end":{"line":13,"column":22}},"loc":{"start":{"line":13,"column":45},"end":{"line":21,"column":9}},"line":13},"1":{"name":"(anonymous_1)","decl":{"start":{"line":75,"column":21},"end":{"line":75,"column":22}},"loc":{"start":{"line":75,"column":41},"end":{"line":81,"column":13}},"line":75},"2":{"name":"(anonymous_2)","decl":{"start":{"line":89,"column":21},"end":{"line":89,"column":22}},"loc":{"start":{"line":89,"column":41},"end":{"line":96,"column":13}},"line":89},"3":{"name":"(anonymous_3)","decl":{"start":{"line":104,"column":21},"end":{"line":104,"column":22}},"loc":{"start":{"line":104,"column":41},"end":{"line":110,"column":13}},"line":104},"4":{"name":"(anonymous_4)","decl":{"start":{"line":106,"column":55},"end":{"line":106,"column":56}},"loc":{"start":{"line":106,"column":62},"end":{"line":106,"column":85}},"line":106},"5":{"name":"(anonymous_5)","decl":{"start":{"line":151,"column":21},"end":{"line":151,"column":22}},"loc":{"start":{"line":151,"column":45},"end":{"line":159,"column":9}},"line":151},"6":{"name":"(anonymous_6)","decl":{"start":{"line":245,"column":21},"end":{"line":245,"column":22}},"loc":{"start":{"line":245,"column":41},"end":{"line":253,"column":13}},"line":245},"7":{"name":"(anonymous_7)","decl":{"start":{"line":262,"column":21},"end":{"line":262,"column":22}},"loc":{"start":{"line":262,"column":41},"end":{"line":269,"column":13}},"line":262},"8":{"name":"(anonymous_8)","decl":{"start":{"line":278,"column":21},"end":{"line":278,"column":22}},"loc":{"start":{"line":278,"column":41},"end":{"line":284,"column":13}},"line":278},"9":{"name":"(anonymous_9)","decl":{"start":{"line":280,"column":55},"end":{"line":280,"column":56}},"loc":{"start":{"line":280,"column":62},"end":{"line":280,"column":85}},"line":280},"10":{"name":"oo_cm","decl":{"start":{"line":305,"column":77},"end":{"line":305,"column":82}},"loc":{"start":{"line":305,"column":84},"end":{"line":305,"column":37523}},"line":305}},"branchMap":{"0":{"loc":{"start":{"line":16,"column":16},"end":{"line":18,"column":17}},"type":"if","locations":[{"start":{"line":16,"column":16},"end":{"line":18,"column":17}},{"start":{},"end":{}}],"line":16},"1":{"loc":{"start":{"line":76,"column":16},"end":{"line":78,"column":17}},"type":"if","locations":[{"start":{"line":76,"column":16},"end":{"line":78,"column":17}},{"start":{},"end":{}}],"line":76},"2":{"loc":{"start":{"line":76,"column":20},"end":{"line":76,"column":87}},"type":"binary-expr","locations":[{"start":{"line":76,"column":20},"end":{"line":76,"column":50}},{"start":{"line":76,"column":54},"end":{"line":76,"column":87}}],"line":76},"3":{"loc":{"start":{"line":92,"column":16},"end":{"line":94,"column":17}},"type":"if","locations":[{"start":{"line":92,"column":16},"end":{"line":94,"column":17}},{"start":{},"end":{}}],"line":92},"4":{"loc":{"start":{"line":106,"column":16},"end":{"line":108,"column":17}},"type":"if","locations":[{"start":{"line":106,"column":16},"end":{"line":108,"column":17}},{"start":{},"end":{}}],"line":106},"5":{"loc":{"start":{"line":106,"column":20},"end":{"line":106,"column":86}},"type":"binary-expr","locations":[{"start":{"line":106,"column":20},"end":{"line":106,"column":38}},{"start":{"line":106,"column":42},"end":{"line":106,"column":86}}],"line":106},"6":{"loc":{"start":{"line":154,"column":16},"end":{"line":156,"column":17}},"type":"if","locations":[{"start":{"line":154,"column":16},"end":{"line":156,"column":17}},{"start":{},"end":{}}],"line":154},"7":{"loc":{"start":{"line":247,"column":16},"end":{"line":250,"column":17}},"type":"if","locations":[{"start":{"line":247,"column":16},"end":{"line":250,"column":17}},{"start":{},"end":{}}],"line":247},"8":{"loc":{"start":{"line":247,"column":20},"end":{"line":247,"column":87}},"type":"binary-expr","locations":[{"start":{"line":247,"column":20},"end":{"line":247,"column":50}},{"start":{"line":247,"column":54},"end":{"line":247,"column":87}}],"line":247},"9":{"loc":{"start":{"line":265,"column":16},"end":{"line":267,"column":17}},"type":"if","locations":[{"start":{"line":265,"column":16},"end":{"line":267,"column":17}},{"start":{},"end":{}}],"line":265},"10":{"loc":{"start":{"line":280,"column":16},"end":{"line":282,"column":17}},"type":"if","locations":[{"start":{"line":280,"column":16},"end":{"line":282,"column":17}},{"start":{},"end":{}}],"line":280},"11":{"loc":{"start":{"line":280,"column":20},"end":{"line":280,"column":86}},"type":"binary-expr","locations":[{"start":{"line":280,"column":20},"end":{"line":280,"column":38}},{"start":{"line":280,"column":42},"end":{"line":280,"column":86}}],"line":280},"12":{"loc":{"start":{"line":305,"column":96},"end":{"line":305,"column":37510}},"type":"binary-expr","locations":[{"start":{"line":305,"column":96},"end":{"line":305,"column":133}},{"start":{"line":305,"column":137},"end":{"line":305,"column":37510}}],"line":305}},"s":{"0":4,"1":4,"2":4,"3":4,"4":0,"5":4,"6":4,"7":3,"8":1,"9":4,"10":4,"11":3,"12":1,"13":4,"14":2,"15":0,"16":1,"17":4,"18":0,"19":0,"20":0,"21":0,"22":0,"23":0,"24":0,"25":0,"26":0,"27":0,"28":0,"29":0,"30":0,"31":0,"32":0,"33":0,"34":0,"35":0,"36":0},"f":{"0":4,"1":4,"2":4,"3":4,"4":2,"5":0,"6":0,"7":0,"8":0,"9":0,"10":0},"b":{"0":[0,4],"1":[3,1],"2":[4,1],"3":[3,1],"4":[0,1],"5":[4,1],"6":[0,0],"7":[0,0],"8":[0,0],"9":[0,0],"10":[0,0],"11":[0,0],"12":[0,0]},"inputSourceMap":null,"_coverageSchema":"1a1c01bbd47fc00a2c39e90264f33305004495a9","hash":"c78e7fc2b36c5d6487572861b55adbed56d31f41"}
,"C:\\ProxiMap\\Server\\Validators\\userValidator.js": {"path":"C:\\ProxiMap\\Server\\Validators\\userValidator.js","statementMap":{"0":{"start":{"line":4,"column":22},"end":{"line":41,"column":2}},"1":{"start":{"line":44,"column":33},"end":{"line":77,"column":2}}},"fnMap":{},"branchMap":{},"s":{"0":4,"1":4},"f":{},"b":{},"inputSourceMap":null,"_coverageSchema":"1a1c01bbd47fc00a2c39e90264f33305004495a9","hash":"4f00b6ec05b335a621753335b51e71a9e1afa16c"}
,"C:\\ProxiMap\\Server\\Validators\\Category\\isCategoryExist.js": {"path":"C:\\ProxiMap\\Server\\Validators\\Category\\isCategoryExist.js","statementMap":{"0":{"start":{"line":5,"column":24},"end":{"line":29,"column":2}},"1":{"start":{"line":14,"column":36},"end":{"line":14,"column":53}},"2":{"start":{"line":15,"column":33},"end":{"line":15,"column":66}},"3":{"start":{"line":17,"column":16},"end":{"line":19,"column":17}},"4":{"start":{"line":18,"column":20},"end":{"line":18,"column":58}},"5":{"start":{"line":21,"column":16},"end":{"line":21,"column":28}}},"fnMap":{"0":{"name":"(anonymous_0)","decl":{"start":{"line":12,"column":21},"end":{"line":12,"column":22}},"loc":{"start":{"line":12,"column":38},"end":{"line":22,"column":13}},"line":12}},"branchMap":{"0":{"loc":{"start":{"line":17,"column":16},"end":{"line":19,"column":17}},"type":"if","locations":[{"start":{"line":17,"column":16},"end":{"line":19,"column":17}},{"start":{},"end":{}}],"line":17},"1":{"loc":{"start":{"line":17,"column":19},"end":{"line":17,"column":65}},"type":"binary-expr","locations":[{"start":{"line":17,"column":19},"end":{"line":17,"column":28}},{"start":{"line":17,"column":32},"end":{"line":17,"column":65}}],"line":17}},"s":{"0":4,"1":3,"2":3,"3":2,"4":0,"5":1},"f":{"0":3},"b":{"0":[0,1],"1":[2,1]},"inputSourceMap":null,"_coverageSchema":"1a1c01bbd47fc00a2c39e90264f33305004495a9","hash":"cf5f7b88aba255152995343663ca7c9599740b8e"}
,"C:\\ProxiMap\\Server\\Validators\\Users\\IsUserExist.js": {"path":"C:\\ProxiMap\\Server\\Validators\\Users\\IsUserExist.js","statementMap":{"0":{"start":{"line":5,"column":20},"end":{"line":29,"column":2}},"1":{"start":{"line":14,"column":32},"end":{"line":14,"column":45}},"2":{"start":{"line":15,"column":29},"end":{"line":15,"column":58}},"3":{"start":{"line":17,"column":16},"end":{"line":19,"column":17}},"4":{"start":{"line":18,"column":20},"end":{"line":18,"column":54}},"5":{"start":{"line":21,"column":16},"end":{"line":21,"column":28}}},"fnMap":{"0":{"name":"(anonymous_0)","decl":{"start":{"line":12,"column":21},"end":{"line":12,"column":22}},"loc":{"start":{"line":12,"column":38},"end":{"line":22,"column":13}},"line":12}},"branchMap":{"0":{"loc":{"start":{"line":17,"column":16},"end":{"line":19,"column":17}},"type":"if","locations":[{"start":{"line":17,"column":16},"end":{"line":19,"column":17}},{"start":{},"end":{}}],"line":17},"1":{"loc":{"start":{"line":17,"column":19},"end":{"line":17,"column":57}},"type":"binary-expr","locations":[{"start":{"line":17,"column":19},"end":{"line":17,"column":24}},{"start":{"line":17,"column":28},"end":{"line":17,"column":57}}],"line":17}},"s":{"0":4,"1":5,"2":5,"3":5,"4":0,"5":4},"f":{"0":5},"b":{"0":[0,4],"1":[5,1]},"inputSourceMap":null,"_coverageSchema":"1a1c01bbd47fc00a2c39e90264f33305004495a9","hash":"c7c8b828fd6799c70589baeef15331369c2469b3"}
,"C:\\ProxiMap\\Server\\Validators\\Users\\emailValidator.js": {"path":"C:\\ProxiMap\\Server\\Validators\\Users\\emailValidator.js","statementMap":{"0":{"start":{"line":4,"column":23},"end":{"line":36,"column":1}},"1":{"start":{"line":10,"column":32},"end":{"line":10,"column":45}},"2":{"start":{"line":11,"column":29},"end":{"line":11,"column":61}},"3":{"start":{"line":13,"column":38},"end":{"line":13,"column":48}},"4":{"start":{"line":15,"column":16},"end":{"line":28,"column":17}},"5":{"start":{"line":16,"column":20},"end":{"line":18,"column":21}},"6":{"start":{"line":17,"column":24},"end":{"line":17,"column":64}},"7":{"start":{"line":20,"column":21},"end":{"line":28,"column":17}},"8":{"start":{"line":21,"column":44},"end":{"line":21,"column":71}},"9":{"start":{"line":22,"column":42},"end":{"line":22,"column":55}},"10":{"start":{"line":23,"column":20},"end":{"line":27,"column":21}},"11":{"start":{"line":24,"column":24},"end":{"line":26,"column":25}},"12":{"start":{"line":25,"column":28},"end":{"line":25,"column":68}},"13":{"start":{"line":30,"column":16},"end":{"line":30,"column":28}}},"fnMap":{"0":{"name":"(anonymous_0)","decl":{"start":{"line":9,"column":20},"end":{"line":9,"column":21}},"loc":{"start":{"line":9,"column":44},"end":{"line":31,"column":13}},"line":9}},"branchMap":{"0":{"loc":{"start":{"line":15,"column":16},"end":{"line":28,"column":17}},"type":"if","locations":[{"start":{"line":15,"column":16},"end":{"line":28,"column":17}},{"start":{"line":20,"column":21},"end":{"line":28,"column":17}}],"line":15},"1":{"loc":{"start":{"line":16,"column":20},"end":{"line":18,"column":21}},"type":"if","locations":[{"start":{"line":16,"column":20},"end":{"line":18,"column":21}},{"start":{},"end":{}}],"line":16},"2":{"loc":{"start":{"line":20,"column":21},"end":{"line":28,"column":17}},"type":"if","locations":[{"start":{"line":20,"column":21},"end":{"line":28,"column":17}},{"start":{},"end":{}}],"line":20},"3":{"loc":{"start":{"line":21,"column":44},"end":{"line":21,"column":71}},"type":"binary-expr","locations":[{"start":{"line":21,"column":44},"end":{"line":21,"column":48}},{"start":{"line":21,"column":52},"end":{"line":21,"column":71}}],"line":21},"4":{"loc":{"start":{"line":23,"column":20},"end":{"line":27,"column":21}},"type":"if","locations":[{"start":{"line":23,"column":20},"end":{"line":27,"column":21}},{"start":{},"end":{}}],"line":23},"5":{"loc":{"start":{"line":24,"column":24},"end":{"line":26,"column":25}},"type":"if","locations":[{"start":{"line":24,"column":24},"end":{"line":26,"column":25}},{"start":{},"end":{}}],"line":24}},"s":{"0":4,"1":7,"2":7,"3":7,"4":7,"5":7,"6":1,"7":0,"8":0,"9":0,"10":0,"11":0,"12":0,"13":6},"f":{"0":7},"b":{"0":[7,0],"1":[1,6],"2":[0,0],"3":[0,0],"4":[0,0],"5":[0,0]},"inputSourceMap":null,"_coverageSchema":"1a1c01bbd47fc00a2c39e90264f33305004495a9","hash":"b402288335c2426a5e547f241fa21376a3608f71"}
,"C:\\ProxiMap\\Server\\Validators\\Users\\passwordValidator.js": {"path":"C:\\ProxiMap\\Server\\Validators\\Users\\passwordValidator.js","statementMap":{"0":{"start":{"line":3,"column":26},"end":{"line":13,"column":1}}},"fnMap":{},"branchMap":{},"s":{"0":4},"f":{},"b":{},"inputSourceMap":null,"_coverageSchema":"1a1c01bbd47fc00a2c39e90264f33305004495a9","hash":"33994126e6ee719c2b77c6cdb41748c8f3c2d361"}
,"C:\\ProxiMap\\Server\\Validators\\Users\\uploadIMG.js": {"path":"C:\\ProxiMap\\Server\\Validators\\Users\\uploadIMG.js","statementMap":{"0":{"start":{"line":5,"column":20},"end":{"line":5,"column":34}},"1":{"start":{"line":6,"column":16},"end":{"line":15,"column":4}},"2":{"start":{"line":8,"column":17},"end":{"line":8,"column":47}},"3":{"start":{"line":9,"column":6},"end":{"line":9,"column":21}},"4":{"start":{"line":12,"column":21},"end":{"line":12,"column":88}},"5":{"start":{"line":13,"column":6},"end":{"line":13,"column":25}},"6":{"start":{"line":17,"column":15},"end":{"line":17,"column":43}}},"fnMap":{"0":{"name":"(anonymous_0)","decl":{"start":{"line":7,"column":17},"end":{"line":7,"column":18}},"loc":{"start":{"line":7,"column":42},"end":{"line":10,"column":5}},"line":7},"1":{"name":"(anonymous_1)","decl":{"start":{"line":11,"column":14},"end":{"line":11,"column":15}},"loc":{"start":{"line":11,"column":39},"end":{"line":14,"column":5}},"line":11}},"branchMap":{},"s":{"0":4,"1":4,"2":0,"3":0,"4":0,"5":0,"6":4},"f":{"0":0,"1":0},"b":{},"inputSourceMap":null,"_coverageSchema":"1a1c01bbd47fc00a2c39e90264f33305004495a9","hash":"86c0034265d0a5477d081a2b00f14f18c96da506"}
,"C:\\ProxiMap\\Server\\Validators\\Users\\usernameValidator.js": {"path":"C:\\ProxiMap\\Server\\Validators\\Users\\usernameValidator.js","statementMap":{"0":{"start":{"line":3,"column":26},"end":{"line":40,"column":5}},"1":{"start":{"line":15,"column":32},"end":{"line":15,"column":45}},"2":{"start":{"line":16,"column":29},"end":{"line":16,"column":64}},"3":{"start":{"line":18,"column":36},"end":{"line":18,"column":46}},"4":{"start":{"line":20,"column":16},"end":{"line":33,"column":17}},"5":{"start":{"line":21,"column":20},"end":{"line":23,"column":21}},"6":{"start":{"line":22,"column":24},"end":{"line":22,"column":67}},"7":{"start":{"line":25,"column":21},"end":{"line":33,"column":17}},"8":{"start":{"line":26,"column":44},"end":{"line":26,"column":71}},"9":{"start":{"line":27,"column":42},"end":{"line":27,"column":55}},"10":{"start":{"line":28,"column":20},"end":{"line":32,"column":21}},"11":{"start":{"line":29,"column":24},"end":{"line":31,"column":25}},"12":{"start":{"line":30,"column":28},"end":{"line":30,"column":71}},"13":{"start":{"line":35,"column":16},"end":{"line":35,"column":28}}},"fnMap":{"0":{"name":"(anonymous_0)","decl":{"start":{"line":14,"column":20},"end":{"line":14,"column":21}},"loc":{"start":{"line":14,"column":44},"end":{"line":36,"column":13}},"line":14}},"branchMap":{"0":{"loc":{"start":{"line":20,"column":16},"end":{"line":33,"column":17}},"type":"if","locations":[{"start":{"line":20,"column":16},"end":{"line":33,"column":17}},{"start":{"line":25,"column":21},"end":{"line":33,"column":17}}],"line":20},"1":{"loc":{"start":{"line":21,"column":20},"end":{"line":23,"column":21}},"type":"if","locations":[{"start":{"line":21,"column":20},"end":{"line":23,"column":21}},{"start":{},"end":{}}],"line":21},"2":{"loc":{"start":{"line":25,"column":21},"end":{"line":33,"column":17}},"type":"if","locations":[{"start":{"line":25,"column":21},"end":{"line":33,"column":17}},{"start":{},"end":{}}],"line":25},"3":{"loc":{"start":{"line":26,"column":44},"end":{"line":26,"column":71}},"type":"binary-expr","locations":[{"start":{"line":26,"column":44},"end":{"line":26,"column":48}},{"start":{"line":26,"column":52},"end":{"line":26,"column":71}}],"line":26},"4":{"loc":{"start":{"line":28,"column":20},"end":{"line":32,"column":21}},"type":"if","locations":[{"start":{"line":28,"column":20},"end":{"line":32,"column":21}},{"start":{},"end":{}}],"line":28},"5":{"loc":{"start":{"line":29,"column":24},"end":{"line":31,"column":25}},"type":"if","locations":[{"start":{"line":29,"column":24},"end":{"line":31,"column":25}},{"start":{},"end":{}}],"line":29}},"s":{"0":4,"1":8,"2":8,"3":8,"4":8,"5":7,"6":1,"7":1,"8":1,"9":1,"10":1,"11":0,"12":0,"13":7},"f":{"0":8},"b":{"0":[7,1],"1":[1,6],"2":[1,0],"3":[1,0],"4":[0,1],"5":[0,0]},"inputSourceMap":null,"_coverageSchema":"1a1c01bbd47fc00a2c39e90264f33305004495a9","hash":"18804020593f9488dd9c3ba8ea7f351055ec803a"}
,"C:\\ProxiMap\\Server\\Validators\\askedServiceValidator\\isAskedServiceExist.js": {"path":"C:\\ProxiMap\\Server\\Validators\\askedServiceValidator\\isAskedServiceExist.js","statementMap":{"0":{"start":{"line":5,"column":28},"end":{"line":29,"column":2}},"1":{"start":{"line":14,"column":40},"end":{"line":14,"column":61}},"2":{"start":{"line":15,"column":37},"end":{"line":15,"column":74}},"3":{"start":{"line":17,"column":16},"end":{"line":19,"column":17}},"4":{"start":{"line":18,"column":20},"end":{"line":18,"column":62}},"5":{"start":{"line":21,"column":16},"end":{"line":21,"column":28}}},"fnMap":{"0":{"name":"(anonymous_0)","decl":{"start":{"line":12,"column":21},"end":{"line":12,"column":22}},"loc":{"start":{"line":12,"column":38},"end":{"line":22,"column":13}},"line":12}},"branchMap":{"0":{"loc":{"start":{"line":17,"column":16},"end":{"line":19,"column":17}},"type":"if","locations":[{"start":{"line":17,"column":16},"end":{"line":19,"column":17}},{"start":{},"end":{}}],"line":17},"1":{"loc":{"start":{"line":17,"column":19},"end":{"line":17,"column":73}},"type":"binary-expr","locations":[{"start":{"line":17,"column":19},"end":{"line":17,"column":32}},{"start":{"line":17,"column":36},"end":{"line":17,"column":73}}],"line":17}},"s":{"0":4,"1":4,"2":4,"3":4,"4":0,"5":3},"f":{"0":4},"b":{"0":[0,3],"1":[4,1]},"inputSourceMap":null,"_coverageSchema":"1a1c01bbd47fc00a2c39e90264f33305004495a9","hash":"ebb9bd329fc9f4c57a24e0c642b7d1c5bdb6ea14"}
,"C:\\ProxiMap\\Server\\Validators\\serviceValidator\\isServiceExist.js": {"path":"C:\\ProxiMap\\Server\\Validators\\serviceValidator\\isServiceExist.js","statementMap":{"0":{"start":{"line":5,"column":23},"end":{"line":29,"column":2}},"1":{"start":{"line":14,"column":35},"end":{"line":14,"column":51}},"2":{"start":{"line":15,"column":32},"end":{"line":15,"column":64}},"3":{"start":{"line":17,"column":16},"end":{"line":19,"column":17}},"4":{"start":{"line":18,"column":20},"end":{"line":18,"column":57}},"5":{"start":{"line":21,"column":16},"end":{"line":21,"column":28}}},"fnMap":{"0":{"name":"(anonymous_0)","decl":{"start":{"line":12,"column":21},"end":{"line":12,"column":22}},"loc":{"start":{"line":12,"column":38},"end":{"line":22,"column":13}},"line":12}},"branchMap":{"0":{"loc":{"start":{"line":17,"column":16},"end":{"line":19,"column":17}},"type":"if","locations":[{"start":{"line":17,"column":16},"end":{"line":19,"column":17}},{"start":{},"end":{}}],"line":17},"1":{"loc":{"start":{"line":17,"column":19},"end":{"line":17,"column":63}},"type":"binary-expr","locations":[{"start":{"line":17,"column":19},"end":{"line":17,"column":27}},{"start":{"line":17,"column":31},"end":{"line":17,"column":63}}],"line":17}},"s":{"0":4,"1":4,"2":4,"3":4,"4":0,"5":3},"f":{"0":4},"b":{"0":[0,3],"1":[4,1]},"inputSourceMap":null,"_coverageSchema":"1a1c01bbd47fc00a2c39e90264f33305004495a9","hash":"5a60b810e53ff8ec4bc20a01382d3711a18a5cd4"}
}
