{"C:\\ProxiMap\\Server\\Application.js": {"path":"C:\\ProxiMap\\Server\\Application.js","statementMap":{"0":{"start":{"line":14,"column":0},"end":{"line":14,"column":16}},"1":{"start":{"line":16,"column":20},"end":{"line":16,"column":29}},"2":{"start":{"line":17,"column":0},"end":{"line":24,"column":2}},"3":{"start":{"line":18,"column":4},"end":{"line":18,"column":41}},"4":{"start":{"line":21,"column":4},"end":{"line":21,"column":57}},"5":{"start":{"line":22,"column":4},"end":{"line":22,"column":56}},"6":{"start":{"line":25,"column":0},"end":{"line":25,"column":32}},"7":{"start":{"line":27,"column":0},"end":{"line":27,"column":60}},"8":{"start":{"line":30,"column":0},"end":{"line":30,"column":32}},"9":{"start":{"line":33,"column":20},"end":{"line":38,"column":1}},"10":{"start":{"line":39,"column":0},"end":{"line":39,"column":35}},"11":{"start":{"line":40,"column":0},"end":{"line":40,"column":28}},"12":{"start":{"line":41,"column":0},"end":{"line":41,"column":31}},"13":{"start":{"line":42,"column":0},"end":{"line":42,"column":29}},"14":{"start":{"line":43,"column":0},"end":{"line":43,"column":37}},"15":{"start":{"line":44,"column":0},"end":{"line":44,"column":31}},"16":{"start":{"line":45,"column":0},"end":{"line":45,"column":34}}},"fnMap":{"0":{"name":"(anonymous_0)","decl":{"start":{"line":17,"column":47},"end":{"line":17,"column":48}},"loc":{"start":{"line":17,"column":53},"end":{"line":19,"column":1}},"line":17},"1":{"name":"(anonymous_1)","decl":{"start":{"line":20,"column":8},"end":{"line":20,"column":9}},"loc":{"start":{"line":20,"column":17},"end":{"line":23,"column":1}},"line":20}},"branchMap":{},"s":{"0":1,"1":1,"2":1,"3":1,"4":0,"5":0,"6":1,"7":1,"8":1,"9":1,"10":1,"11":1,"12":1,"13":1,"14":1,"15":1,"16":1},"f":{"0":1,"1":0},"b":{},"inputSourceMap":null,"_coverageSchema":"1a1c01bbd47fc00a2c39e90264f33305004495a9","hash":"61eaa40ea0f06975320a7c34a433fc8426ceb6aa"}
,"C:\\ProxiMap\\Server\\Config\\AuthConfig.js": {"path":"C:\\ProxiMap\\Server\\Config\\AuthConfig.js","statementMap":{"0":{"start":{"line":1,"column":26},"end":{"line":15,"column":1}},"1":{"start":{"line":17,"column":28},"end":{"line":30,"column":1}},"2":{"start":{"line":32,"column":29},"end":{"line":45,"column":1}}},"fnMap":{},"branchMap":{},"s":{"0":1,"1":1,"2":1},"f":{},"b":{},"inputSourceMap":null,"_coverageSchema":"1a1c01bbd47fc00a2c39e90264f33305004495a9","hash":"4407d8f50070e8bdbbfe308b0e83a54055b9b2bd"}
,"C:\\ProxiMap\\Server\\Controllers\\Auth\\Login.js": {"path":"C:\\ProxiMap\\Server\\Controllers\\Auth\\Login.js","statementMap":{"0":{"start":{"line":9,"column":14},"end":{"line":62,"column":1}},"1":{"start":{"line":11,"column":20},"end":{"line":11,"column":33}},"2":{"start":{"line":12,"column":32},"end":{"line":12,"column":40}},"3":{"start":{"line":14,"column":4},"end":{"line":61,"column":5}},"4":{"start":{"line":15,"column":21},"end":{"line":15,"column":53}},"5":{"start":{"line":16,"column":8},"end":{"line":18,"column":9}},"6":{"start":{"line":17,"column":12},"end":{"line":17,"column":90}},"7":{"start":{"line":19,"column":30},"end":{"line":19,"column":75}},"8":{"start":{"line":20,"column":8},"end":{"line":22,"column":9}},"9":{"start":{"line":21,"column":12},"end":{"line":21,"column":90}},"10":{"start":{"line":24,"column":28},"end":{"line":24,"column":47}},"11":{"start":{"line":25,"column":8},"end":{"line":25,"column":35}},"12":{"start":{"line":28,"column":29},"end":{"line":33,"column":58}},"13":{"start":{"line":35,"column":25},"end":{"line":35,"column":39}},"14":{"start":{"line":36,"column":8},"end":{"line":36,"column":67}},"15":{"start":{"line":38,"column":24},"end":{"line":38,"column":73}},"16":{"start":{"line":41,"column":8},"end":{"line":44,"column":11}},"17":{"start":{"line":46,"column":8},"end":{"line":49,"column":11}},"18":{"start":{"line":57,"column":8},"end":{"line":57,"column":143}},"19":{"start":{"line":60,"column":8},"end":{"line":60,"column":87}}},"fnMap":{"0":{"name":"(anonymous_0)","decl":{"start":{"line":9,"column":14},"end":{"line":9,"column":15}},"loc":{"start":{"line":9,"column":34},"end":{"line":62,"column":1}},"line":9}},"branchMap":{"0":{"loc":{"start":{"line":16,"column":8},"end":{"line":18,"column":9}},"type":"if","locations":[{"start":{"line":16,"column":8},"end":{"line":18,"column":9}},{"start":{},"end":{}}],"line":16},"1":{"loc":{"start":{"line":20,"column":8},"end":{"line":22,"column":9}},"type":"if","locations":[{"start":{"line":20,"column":8},"end":{"line":22,"column":9}},{"start":{},"end":{}}],"line":20}},"s":{"0":1,"1":2,"2":2,"3":2,"4":2,"5":2,"6":0,"7":2,"8":2,"9":0,"10":2,"11":2,"12":2,"13":2,"14":2,"15":2,"16":2,"17":2,"18":2,"19":0},"f":{"0":2},"b":{"0":[0,2],"1":[0,2]},"inputSourceMap":null,"_coverageSchema":"1a1c01bbd47fc00a2c39e90264f33305004495a9","hash":"39fed77e022132052cb7f2da99f68039e5df60f3"}
,"C:\\ProxiMap\\Server\\Controllers\\Auth\\Logout.js": {"path":"C:\\ProxiMap\\Server\\Controllers\\Auth\\Logout.js","statementMap":{"0":{"start":{"line":3,"column":15},"end":{"line":22,"column":1}},"1":{"start":{"line":5,"column":25},"end":{"line":5,"column":50}},"2":{"start":{"line":6,"column":17},"end":{"line":6,"column":68}},"3":{"start":{"line":7,"column":4},"end":{"line":9,"column":5}},"4":{"start":{"line":8,"column":8},"end":{"line":8,"column":92}},"5":{"start":{"line":10,"column":21},"end":{"line":10,"column":35}},"6":{"start":{"line":12,"column":20},"end":{"line":12,"column":59}},"7":{"start":{"line":13,"column":4},"end":{"line":20,"column":5}},"8":{"start":{"line":14,"column":8},"end":{"line":14,"column":39}},"9":{"start":{"line":15,"column":8},"end":{"line":15,"column":40}},"10":{"start":{"line":17,"column":8},"end":{"line":17,"column":89}},"11":{"start":{"line":19,"column":8},"end":{"line":19,"column":87}}},"fnMap":{"0":{"name":"(anonymous_0)","decl":{"start":{"line":3,"column":15},"end":{"line":3,"column":16}},"loc":{"start":{"line":3,"column":35},"end":{"line":22,"column":1}},"line":3}},"branchMap":{"0":{"loc":{"start":{"line":7,"column":4},"end":{"line":9,"column":5}},"type":"if","locations":[{"start":{"line":7,"column":4},"end":{"line":9,"column":5}},{"start":{},"end":{}}],"line":7}},"s":{"0":1,"1":1,"2":1,"3":1,"4":0,"5":1,"6":1,"7":1,"8":1,"9":1,"10":1,"11":0},"f":{"0":1},"b":{"0":[0,1]},"inputSourceMap":null,"_coverageSchema":"1a1c01bbd47fc00a2c39e90264f33305004495a9","hash":"7c31d08dc39fcd85f394edc390e7ce52f61a19a8"}
,"C:\\ProxiMap\\Server\\Controllers\\Auth\\RefreshToken.js": {"path":"C:\\ProxiMap\\Server\\Controllers\\Auth\\RefreshToken.js","statementMap":{"0":{"start":{"line":5,"column":21},"end":{"line":43,"column":1}},"1":{"start":{"line":6,"column":19},"end":{"line":6,"column":30}},"2":{"start":{"line":7,"column":4},"end":{"line":7,"column":38}},"3":{"start":{"line":8,"column":4},"end":{"line":8,"column":101}},"4":{"start":{"line":8,"column":31},"end":{"line":8,"column":101}},"5":{"start":{"line":10,"column":25},"end":{"line":10,"column":45}},"6":{"start":{"line":13,"column":4},"end":{"line":35,"column":1}},"7":{"start":{"line":14,"column":20},"end":{"line":19,"column":6}},"8":{"start":{"line":15,"column":8},"end":{"line":17,"column":9}},"9":{"start":{"line":16,"column":11},"end":{"line":16,"column":44}},"10":{"start":{"line":18,"column":8},"end":{"line":18,"column":23}},"11":{"start":{"line":21,"column":27},"end":{"line":21,"column":49}},"12":{"start":{"line":24,"column":21},"end":{"line":24,"column":35}},"13":{"start":{"line":25,"column":4},"end":{"line":25,"column":68}},"14":{"start":{"line":27,"column":4},"end":{"line":30,"column":113}},"15":{"start":{"line":34,"column":4},"end":{"line":34,"column":74}}},"fnMap":{"0":{"name":"(anonymous_0)","decl":{"start":{"line":5,"column":21},"end":{"line":5,"column":22}},"loc":{"start":{"line":5,"column":41},"end":{"line":43,"column":1}},"line":5},"1":{"name":"(anonymous_1)","decl":{"start":{"line":14,"column":72},"end":{"line":14,"column":73}},"loc":{"start":{"line":14,"column":90},"end":{"line":19,"column":5}},"line":14}},"branchMap":{"0":{"loc":{"start":{"line":8,"column":4},"end":{"line":8,"column":101}},"type":"if","locations":[{"start":{"line":8,"column":4},"end":{"line":8,"column":101}},{"start":{},"end":{}}],"line":8},"1":{"loc":{"start":{"line":15,"column":8},"end":{"line":17,"column":9}},"type":"if","locations":[{"start":{"line":15,"column":8},"end":{"line":17,"column":9}},{"start":{},"end":{}}],"line":15}},"s":{"0":1,"1":0,"2":0,"3":0,"4":0,"5":0,"6":0,"7":0,"8":0,"9":0,"10":0,"11":0,"12":0,"13":0,"14":0,"15":0},"f":{"0":0,"1":0},"b":{"0":[0,0],"1":[0,0]},"inputSourceMap":null,"_coverageSchema":"1a1c01bbd47fc00a2c39e90264f33305004495a9","hash":"d8b18f6017bc598a5ec7abbc0aa2837d05cea9a5"}
,"C:\\ProxiMap\\Server\\Controllers\\Auth\\Register.js": {"path":"C:\\ProxiMap\\Server\\Controllers\\Auth\\Register.js","statementMap":{"0":{"start":{"line":4,"column":17},"end":{"line":26,"column":1}},"1":{"start":{"line":5,"column":42},"end":{"line":5,"column":50}},"2":{"start":{"line":6,"column":4},"end":{"line":25,"column":5}},"3":{"start":{"line":7,"column":21},"end":{"line":7,"column":45}},"4":{"start":{"line":8,"column":31},"end":{"line":8,"column":64}},"5":{"start":{"line":9,"column":24},"end":{"line":9,"column":37}},"6":{"start":{"line":10,"column":21},"end":{"line":10,"column":88}},"7":{"start":{"line":12,"column":8},"end":{"line":20,"column":9}},"8":{"start":{"line":14,"column":12},"end":{"line":17,"column":13}},"9":{"start":{"line":15,"column":16},"end":{"line":15,"column":72}},"10":{"start":{"line":16,"column":16},"end":{"line":16,"column":23}},"11":{"start":{"line":18,"column":12},"end":{"line":18,"column":64}},"12":{"start":{"line":19,"column":12},"end":{"line":19,"column":19}},"13":{"start":{"line":22,"column":8},"end":{"line":22,"column":35}},"14":{"start":{"line":24,"column":8},"end":{"line":24,"column":53}}},"fnMap":{"0":{"name":"(anonymous_0)","decl":{"start":{"line":4,"column":17},"end":{"line":4,"column":18}},"loc":{"start":{"line":4,"column":37},"end":{"line":26,"column":1}},"line":4}},"branchMap":{"0":{"loc":{"start":{"line":12,"column":8},"end":{"line":20,"column":9}},"type":"if","locations":[{"start":{"line":12,"column":8},"end":{"line":20,"column":9}},{"start":{},"end":{}}],"line":12},"1":{"loc":{"start":{"line":14,"column":12},"end":{"line":17,"column":13}},"type":"if","locations":[{"start":{"line":14,"column":12},"end":{"line":17,"column":13}},{"start":{},"end":{}}],"line":14}},"s":{"0":1,"1":0,"2":0,"3":0,"4":0,"5":0,"6":0,"7":0,"8":0,"9":0,"10":0,"11":0,"12":0,"13":0,"14":0},"f":{"0":0},"b":{"0":[0,0],"1":[0,0]},"inputSourceMap":null,"_coverageSchema":"1a1c01bbd47fc00a2c39e90264f33305004495a9","hash":"5c37d81ad04d49cece299dfc06f06f6b63957a68"}
,"C:\\ProxiMap\\Server\\Controllers\\Category\\createCategory.js": {"path":"C:\\ProxiMap\\Server\\Controllers\\Category\\createCategory.js","statementMap":{"0":{"start":{"line":3,"column":23},"end":{"line":14,"column":1}},"1":{"start":{"line":5,"column":24},"end":{"line":5,"column":41}},"2":{"start":{"line":6,"column":21},"end":{"line":6,"column":29}},"3":{"start":{"line":8,"column":24},"end":{"line":8,"column":58}},"4":{"start":{"line":9,"column":4},"end":{"line":13,"column":5}},"5":{"start":{"line":10,"column":8},"end":{"line":10,"column":87}},"6":{"start":{"line":12,"column":8},"end":{"line":12,"column":117}}},"fnMap":{"0":{"name":"(anonymous_0)","decl":{"start":{"line":3,"column":23},"end":{"line":3,"column":24}},"loc":{"start":{"line":3,"column":43},"end":{"line":14,"column":1}},"line":3}},"branchMap":{"0":{"loc":{"start":{"line":9,"column":4},"end":{"line":13,"column":5}},"type":"if","locations":[{"start":{"line":9,"column":4},"end":{"line":13,"column":5}},{"start":{"line":11,"column":9},"end":{"line":13,"column":5}}],"line":9}},"s":{"0":1,"1":2,"2":2,"3":2,"4":2,"5":0,"6":2},"f":{"0":2},"b":{"0":[0,2]},"inputSourceMap":null,"_coverageSchema":"1a1c01bbd47fc00a2c39e90264f33305004495a9","hash":"b3e263e2a888237e52c00c17382d39f2f28408c2"}
,"C:\\ProxiMap\\Server\\Controllers\\Category\\deleteCategory.js": {"path":"C:\\ProxiMap\\Server\\Controllers\\Category\\deleteCategory.js","statementMap":{"0":{"start":{"line":3,"column":23},"end":{"line":21,"column":1}},"1":{"start":{"line":5,"column":24},"end":{"line":5,"column":41}},"2":{"start":{"line":6,"column":15},"end":{"line":6,"column":28}},"3":{"start":{"line":9,"column":19},"end":{"line":9,"column":51}},"4":{"start":{"line":12,"column":4},"end":{"line":14,"column":5}},"5":{"start":{"line":13,"column":8},"end":{"line":13,"column":87}},"6":{"start":{"line":16,"column":4},"end":{"line":19,"column":8}}},"fnMap":{"0":{"name":"(anonymous_0)","decl":{"start":{"line":3,"column":23},"end":{"line":3,"column":24}},"loc":{"start":{"line":3,"column":43},"end":{"line":21,"column":1}},"line":3}},"branchMap":{"0":{"loc":{"start":{"line":12,"column":4},"end":{"line":14,"column":5}},"type":"if","locations":[{"start":{"line":12,"column":4},"end":{"line":14,"column":5}},{"start":{},"end":{}}],"line":12}},"s":{"0":1,"1":1,"2":1,"3":1,"4":0,"5":0,"6":0},"f":{"0":1},"b":{"0":[0,0]},"inputSourceMap":null,"_coverageSchema":"1a1c01bbd47fc00a2c39e90264f33305004495a9","hash":"e734f77d29429ca4bee44042b313e89b9c0b3e2f"}
,"C:\\ProxiMap\\Server\\Controllers\\Category\\readCategory.js": {"path":"C:\\ProxiMap\\Server\\Controllers\\Category\\readCategory.js","statementMap":{"0":{"start":{"line":4,"column":21},"end":{"line":15,"column":1}},"1":{"start":{"line":5,"column":24},"end":{"line":5,"column":41}},"2":{"start":{"line":6,"column":15},"end":{"line":6,"column":28}},"3":{"start":{"line":8,"column":21},"end":{"line":8,"column":51}},"4":{"start":{"line":10,"column":4},"end":{"line":14,"column":7}}},"fnMap":{"0":{"name":"(anonymous_0)","decl":{"start":{"line":4,"column":21},"end":{"line":4,"column":22}},"loc":{"start":{"line":4,"column":41},"end":{"line":15,"column":1}},"line":4}},"branchMap":{},"s":{"0":1,"1":1,"2":1,"3":1,"4":1},"f":{"0":1},"b":{},"inputSourceMap":null,"_coverageSchema":"1a1c01bbd47fc00a2c39e90264f33305004495a9","hash":"1cabba2c1dc56377080c8ab4fcc204205b1eabbf"}
,"C:\\ProxiMap\\Server\\Controllers\\Category\\readCategorys.js": {"path":"C:\\ProxiMap\\Server\\Controllers\\Category\\readCategorys.js","statementMap":{"0":{"start":{"line":4,"column":22},"end":{"line":10,"column":1}},"1":{"start":{"line":5,"column":24},"end":{"line":5,"column":41}},"2":{"start":{"line":7,"column":22},"end":{"line":7,"column":49}},"3":{"start":{"line":9,"column":4},"end":{"line":9,"column":36}}},"fnMap":{"0":{"name":"(anonymous_0)","decl":{"start":{"line":4,"column":22},"end":{"line":4,"column":23}},"loc":{"start":{"line":4,"column":42},"end":{"line":10,"column":1}},"line":4}},"branchMap":{},"s":{"0":1,"1":1,"2":1,"3":1},"f":{"0":1},"b":{},"inputSourceMap":null,"_coverageSchema":"1a1c01bbd47fc00a2c39e90264f33305004495a9","hash":"c56d0077f5e6e8cd6033352f31b8f0527f1b20ef"}
,"C:\\ProxiMap\\Server\\Controllers\\Category\\updateCategory.js": {"path":"C:\\ProxiMap\\Server\\Controllers\\Category\\updateCategory.js","statementMap":{"0":{"start":{"line":4,"column":23},"end":{"line":16,"column":1}},"1":{"start":{"line":5,"column":24},"end":{"line":5,"column":41}},"2":{"start":{"line":6,"column":15},"end":{"line":6,"column":28}},"3":{"start":{"line":7,"column":28},"end":{"line":7,"column":36}},"4":{"start":{"line":9,"column":28},"end":{"line":9,"column":77}},"5":{"start":{"line":11,"column":4},"end":{"line":13,"column":5}},"6":{"start":{"line":12,"column":8},"end":{"line":12,"column":87}},"7":{"start":{"line":15,"column":4},"end":{"line":15,"column":107}}},"fnMap":{"0":{"name":"(anonymous_0)","decl":{"start":{"line":4,"column":23},"end":{"line":4,"column":24}},"loc":{"start":{"line":4,"column":43},"end":{"line":16,"column":1}},"line":4}},"branchMap":{"0":{"loc":{"start":{"line":11,"column":4},"end":{"line":13,"column":5}},"type":"if","locations":[{"start":{"line":11,"column":4},"end":{"line":13,"column":5}},{"start":{},"end":{}}],"line":11}},"s":{"0":1,"1":0,"2":0,"3":0,"4":0,"5":0,"6":0,"7":0},"f":{"0":0},"b":{"0":[0,0]},"inputSourceMap":null,"_coverageSchema":"1a1c01bbd47fc00a2c39e90264f33305004495a9","hash":"db32ea26461dbea8e14fb47705ca8c283af0724f"}
,"C:\\ProxiMap\\Server\\Controllers\\Service\\createService.js": {"path":"C:\\ProxiMap\\Server\\Controllers\\Service\\createService.js","statementMap":{"0":{"start":{"line":4,"column":22},"end":{"line":16,"column":1}},"1":{"start":{"line":6,"column":23},"end":{"line":6,"column":39}},"2":{"start":{"line":7,"column":20},"end":{"line":7,"column":28}},"3":{"start":{"line":9,"column":23},"end":{"line":9,"column":55}},"4":{"start":{"line":11,"column":4},"end":{"line":15,"column":5}},"5":{"start":{"line":12,"column":8},"end":{"line":12,"column":87}},"6":{"start":{"line":14,"column":8},"end":{"line":14,"column":114}}},"fnMap":{"0":{"name":"(anonymous_0)","decl":{"start":{"line":4,"column":22},"end":{"line":4,"column":23}},"loc":{"start":{"line":4,"column":42},"end":{"line":16,"column":1}},"line":4}},"branchMap":{"0":{"loc":{"start":{"line":11,"column":4},"end":{"line":15,"column":5}},"type":"if","locations":[{"start":{"line":11,"column":4},"end":{"line":15,"column":5}},{"start":{"line":13,"column":9},"end":{"line":15,"column":5}}],"line":11}},"s":{"0":1,"1":0,"2":0,"3":0,"4":0,"5":0,"6":0},"f":{"0":0},"b":{"0":[0,0]},"inputSourceMap":null,"_coverageSchema":"1a1c01bbd47fc00a2c39e90264f33305004495a9","hash":"3f46d14413ed534ffd5f15aea20ebb75143f3f7d"}
,"C:\\ProxiMap\\Server\\Controllers\\Service\\deleteService.js": {"path":"C:\\ProxiMap\\Server\\Controllers\\Service\\deleteService.js","statementMap":{"0":{"start":{"line":5,"column":22},"end":{"line":23,"column":1}},"1":{"start":{"line":7,"column":23},"end":{"line":7,"column":39}},"2":{"start":{"line":8,"column":15},"end":{"line":8,"column":28}},"3":{"start":{"line":11,"column":19},"end":{"line":11,"column":50}},"4":{"start":{"line":14,"column":4},"end":{"line":16,"column":5}},"5":{"start":{"line":15,"column":8},"end":{"line":15,"column":87}},"6":{"start":{"line":18,"column":4},"end":{"line":21,"column":8}}},"fnMap":{"0":{"name":"(anonymous_0)","decl":{"start":{"line":5,"column":22},"end":{"line":5,"column":23}},"loc":{"start":{"line":5,"column":42},"end":{"line":23,"column":1}},"line":5}},"branchMap":{"0":{"loc":{"start":{"line":14,"column":4},"end":{"line":16,"column":5}},"type":"if","locations":[{"start":{"line":14,"column":4},"end":{"line":16,"column":5}},{"start":{},"end":{}}],"line":14}},"s":{"0":1,"1":0,"2":0,"3":0,"4":0,"5":0,"6":0},"f":{"0":0},"b":{"0":[0,0]},"inputSourceMap":null,"_coverageSchema":"1a1c01bbd47fc00a2c39e90264f33305004495a9","hash":"1e950b5077f06a9dca534638463cee23c57922ea"}
,"C:\\ProxiMap\\Server\\Controllers\\Service\\readService.js": {"path":"C:\\ProxiMap\\Server\\Controllers\\Service\\readService.js","statementMap":{"0":{"start":{"line":4,"column":20},"end":{"line":15,"column":1}},"1":{"start":{"line":5,"column":23},"end":{"line":5,"column":39}},"2":{"start":{"line":6,"column":15},"end":{"line":6,"column":28}},"3":{"start":{"line":8,"column":20},"end":{"line":8,"column":49}},"4":{"start":{"line":10,"column":4},"end":{"line":14,"column":7}}},"fnMap":{"0":{"name":"(anonymous_0)","decl":{"start":{"line":4,"column":20},"end":{"line":4,"column":21}},"loc":{"start":{"line":4,"column":40},"end":{"line":15,"column":1}},"line":4}},"branchMap":{},"s":{"0":1,"1":0,"2":0,"3":0,"4":0},"f":{"0":0},"b":{},"inputSourceMap":null,"_coverageSchema":"1a1c01bbd47fc00a2c39e90264f33305004495a9","hash":"42f60217810e966dc3f508ea0a0a3cb97b6378b1"}
,"C:\\ProxiMap\\Server\\Controllers\\Service\\readServices.js": {"path":"C:\\ProxiMap\\Server\\Controllers\\Service\\readServices.js","statementMap":{"0":{"start":{"line":4,"column":21},"end":{"line":10,"column":1}},"1":{"start":{"line":5,"column":23},"end":{"line":5,"column":39}},"2":{"start":{"line":7,"column":21},"end":{"line":7,"column":47}},"3":{"start":{"line":9,"column":4},"end":{"line":9,"column":35}},"4":{"start":{"line":13,"column":37},"end":{"line":19,"column":1}},"5":{"start":{"line":15,"column":23},"end":{"line":15,"column":39}},"6":{"start":{"line":16,"column":43},"end":{"line":16,"column":53}},"7":{"start":{"line":17,"column":21},"end":{"line":17,"column":87}},"8":{"start":{"line":18,"column":4},"end":{"line":18,"column":35}}},"fnMap":{"0":{"name":"(anonymous_0)","decl":{"start":{"line":4,"column":21},"end":{"line":4,"column":22}},"loc":{"start":{"line":4,"column":41},"end":{"line":10,"column":1}},"line":4},"1":{"name":"(anonymous_1)","decl":{"start":{"line":13,"column":37},"end":{"line":13,"column":38}},"loc":{"start":{"line":13,"column":57},"end":{"line":19,"column":1}},"line":13}},"branchMap":{},"s":{"0":1,"1":0,"2":0,"3":0,"4":1,"5":0,"6":0,"7":0,"8":0},"f":{"0":0,"1":0},"b":{},"inputSourceMap":null,"_coverageSchema":"1a1c01bbd47fc00a2c39e90264f33305004495a9","hash":"38890984cfdd4e710e89ec083624b7298473c4e2"}
,"C:\\ProxiMap\\Server\\Controllers\\Service\\updateService.js": {"path":"C:\\ProxiMap\\Server\\Controllers\\Service\\updateService.js","statementMap":{"0":{"start":{"line":4,"column":22},"end":{"line":16,"column":1}},"1":{"start":{"line":5,"column":23},"end":{"line":5,"column":39}},"2":{"start":{"line":6,"column":15},"end":{"line":6,"column":28}},"3":{"start":{"line":7,"column":27},"end":{"line":7,"column":35}},"4":{"start":{"line":9,"column":27},"end":{"line":9,"column":74}},"5":{"start":{"line":11,"column":4},"end":{"line":13,"column":5}},"6":{"start":{"line":12,"column":8},"end":{"line":12,"column":87}},"7":{"start":{"line":15,"column":4},"end":{"line":15,"column":105}}},"fnMap":{"0":{"name":"(anonymous_0)","decl":{"start":{"line":4,"column":22},"end":{"line":4,"column":23}},"loc":{"start":{"line":4,"column":42},"end":{"line":16,"column":1}},"line":4}},"branchMap":{"0":{"loc":{"start":{"line":11,"column":4},"end":{"line":13,"column":5}},"type":"if","locations":[{"start":{"line":11,"column":4},"end":{"line":13,"column":5}},{"start":{},"end":{}}],"line":11}},"s":{"0":1,"1":0,"2":0,"3":0,"4":0,"5":0,"6":0,"7":0},"f":{"0":0},"b":{"0":[0,0]},"inputSourceMap":null,"_coverageSchema":"1a1c01bbd47fc00a2c39e90264f33305004495a9","hash":"254a9eecfc5429adc91b47cfe35c2c463bffba3b"}
,"C:\\ProxiMap\\Server\\Controllers\\Token\\CreateToken.js": {"path":"C:\\ProxiMap\\Server\\Controllers\\Token\\CreateToken.js","statementMap":{"0":{"start":{"line":3,"column":20},"end":{"line":17,"column":1}},"1":{"start":{"line":5,"column":21},"end":{"line":5,"column":35}},"2":{"start":{"line":6,"column":18},"end":{"line":6,"column":26}},"3":{"start":{"line":9,"column":18},"end":{"line":9,"column":34}},"4":{"start":{"line":10,"column":4},"end":{"line":10,"column":57}},"5":{"start":{"line":10,"column":22},"end":{"line":10,"column":57}},"6":{"start":{"line":12,"column":21},"end":{"line":12,"column":49}},"7":{"start":{"line":15,"column":4},"end":{"line":15,"column":35}},"8":{"start":{"line":16,"column":4},"end":{"line":16,"column":11}}},"fnMap":{"0":{"name":"(anonymous_0)","decl":{"start":{"line":3,"column":20},"end":{"line":3,"column":21}},"loc":{"start":{"line":3,"column":40},"end":{"line":17,"column":1}},"line":3}},"branchMap":{"0":{"loc":{"start":{"line":10,"column":4},"end":{"line":10,"column":57}},"type":"if","locations":[{"start":{"line":10,"column":4},"end":{"line":10,"column":57}},{"start":{},"end":{}}],"line":10}},"s":{"0":1,"1":0,"2":0,"3":0,"4":0,"5":0,"6":0,"7":0,"8":0},"f":{"0":0},"b":{"0":[0,0]},"inputSourceMap":null,"_coverageSchema":"1a1c01bbd47fc00a2c39e90264f33305004495a9","hash":"282625e9b8c1a659d99076a6d75b93dd60331f8e"}
,"C:\\ProxiMap\\Server\\Controllers\\Token\\DeleteToken.js": {"path":"C:\\ProxiMap\\Server\\Controllers\\Token\\DeleteToken.js","statementMap":{"0":{"start":{"line":3,"column":20},"end":{"line":18,"column":1}},"1":{"start":{"line":5,"column":21},"end":{"line":5,"column":35}},"2":{"start":{"line":6,"column":15},"end":{"line":6,"column":28}},"3":{"start":{"line":8,"column":18},"end":{"line":8,"column":34}},"4":{"start":{"line":9,"column":4},"end":{"line":9,"column":57}},"5":{"start":{"line":9,"column":22},"end":{"line":9,"column":57}},"6":{"start":{"line":11,"column":18},"end":{"line":11,"column":47}},"7":{"start":{"line":13,"column":4},"end":{"line":15,"column":5}},"8":{"start":{"line":14,"column":8},"end":{"line":14,"column":57}},"9":{"start":{"line":17,"column":4},"end":{"line":17,"column":66}}},"fnMap":{"0":{"name":"(anonymous_0)","decl":{"start":{"line":3,"column":20},"end":{"line":3,"column":21}},"loc":{"start":{"line":3,"column":40},"end":{"line":18,"column":1}},"line":3}},"branchMap":{"0":{"loc":{"start":{"line":9,"column":4},"end":{"line":9,"column":57}},"type":"if","locations":[{"start":{"line":9,"column":4},"end":{"line":9,"column":57}},{"start":{},"end":{}}],"line":9},"1":{"loc":{"start":{"line":13,"column":4},"end":{"line":15,"column":5}},"type":"if","locations":[{"start":{"line":13,"column":4},"end":{"line":15,"column":5}},{"start":{},"end":{}}],"line":13}},"s":{"0":1,"1":0,"2":0,"3":0,"4":0,"5":0,"6":0,"7":0,"8":0,"9":0},"f":{"0":0},"b":{"0":[0,0],"1":[0,0]},"inputSourceMap":null,"_coverageSchema":"1a1c01bbd47fc00a2c39e90264f33305004495a9","hash":"9985e95da4e4561d9569996baee8d778c4ff42c0"}
,"C:\\ProxiMap\\Server\\Controllers\\Token\\ReadToken.js": {"path":"C:\\ProxiMap\\Server\\Controllers\\Token\\ReadToken.js","statementMap":{"0":{"start":{"line":5,"column":18},"end":{"line":23,"column":1}},"1":{"start":{"line":8,"column":21},"end":{"line":8,"column":35}},"2":{"start":{"line":9,"column":15},"end":{"line":9,"column":28}},"3":{"start":{"line":11,"column":18},"end":{"line":11,"column":34}},"4":{"start":{"line":12,"column":4},"end":{"line":12,"column":57}},"5":{"start":{"line":12,"column":22},"end":{"line":12,"column":57}},"6":{"start":{"line":14,"column":18},"end":{"line":14,"column":45}},"7":{"start":{"line":17,"column":4},"end":{"line":20,"column":5}},"8":{"start":{"line":18,"column":8},"end":{"line":18,"column":57}},"9":{"start":{"line":19,"column":8},"end":{"line":19,"column":15}},"10":{"start":{"line":22,"column":4},"end":{"line":22,"column":32}}},"fnMap":{"0":{"name":"(anonymous_0)","decl":{"start":{"line":5,"column":18},"end":{"line":5,"column":19}},"loc":{"start":{"line":5,"column":38},"end":{"line":23,"column":1}},"line":5}},"branchMap":{"0":{"loc":{"start":{"line":12,"column":4},"end":{"line":12,"column":57}},"type":"if","locations":[{"start":{"line":12,"column":4},"end":{"line":12,"column":57}},{"start":{},"end":{}}],"line":12},"1":{"loc":{"start":{"line":17,"column":4},"end":{"line":20,"column":5}},"type":"if","locations":[{"start":{"line":17,"column":4},"end":{"line":20,"column":5}},{"start":{},"end":{}}],"line":17}},"s":{"0":1,"1":0,"2":0,"3":0,"4":0,"5":0,"6":0,"7":0,"8":0,"9":0,"10":0},"f":{"0":0},"b":{"0":[0,0],"1":[0,0]},"inputSourceMap":null,"_coverageSchema":"1a1c01bbd47fc00a2c39e90264f33305004495a9","hash":"c87ec729663ec4536d2fd1b0ec953b40404b6553"}
,"C:\\ProxiMap\\Server\\Controllers\\Token\\ReadTokens.js": {"path":"C:\\ProxiMap\\Server\\Controllers\\Token\\ReadTokens.js","statementMap":{"0":{"start":{"line":3,"column":19},"end":{"line":9,"column":1}},"1":{"start":{"line":4,"column":21},"end":{"line":4,"column":35}},"2":{"start":{"line":5,"column":18},"end":{"line":5,"column":42}},"3":{"start":{"line":8,"column":4},"end":{"line":8,"column":32}}},"fnMap":{"0":{"name":"(anonymous_0)","decl":{"start":{"line":3,"column":19},"end":{"line":3,"column":20}},"loc":{"start":{"line":3,"column":39},"end":{"line":9,"column":1}},"line":3}},"branchMap":{},"s":{"0":1,"1":0,"2":0,"3":0},"f":{"0":0},"b":{},"inputSourceMap":null,"_coverageSchema":"1a1c01bbd47fc00a2c39e90264f33305004495a9","hash":"3298586c3cb9278787c9d2050b38d9e43c2e6a54"}
,"C:\\ProxiMap\\Server\\Controllers\\Token\\UpdateToken.js": {"path":"C:\\ProxiMap\\Server\\Controllers\\Token\\UpdateToken.js","statementMap":{"0":{"start":{"line":4,"column":20},"end":{"line":33,"column":1}},"1":{"start":{"line":5,"column":21},"end":{"line":5,"column":35}},"2":{"start":{"line":6,"column":15},"end":{"line":6,"column":28}},"3":{"start":{"line":8,"column":18},"end":{"line":8,"column":26}},"4":{"start":{"line":11,"column":18},"end":{"line":11,"column":34}},"5":{"start":{"line":12,"column":4},"end":{"line":12,"column":57}},"6":{"start":{"line":12,"column":22},"end":{"line":12,"column":57}},"7":{"start":{"line":15,"column":24},"end":{"line":15,"column":51}},"8":{"start":{"line":16,"column":4},"end":{"line":20,"column":5}},"9":{"start":{"line":18,"column":8},"end":{"line":18,"column":57}},"10":{"start":{"line":19,"column":8},"end":{"line":19,"column":15}},"11":{"start":{"line":23,"column":21},"end":{"line":23,"column":57}},"12":{"start":{"line":24,"column":4},"end":{"line":31,"column":5}},"13":{"start":{"line":25,"column":8},"end":{"line":28,"column":9}},"14":{"start":{"line":26,"column":12},"end":{"line":26,"column":66}},"15":{"start":{"line":27,"column":12},"end":{"line":27,"column":19}},"16":{"start":{"line":29,"column":8},"end":{"line":29,"column":39}},"17":{"start":{"line":30,"column":8},"end":{"line":30,"column":15}},"18":{"start":{"line":32,"column":4},"end":{"line":32,"column":66}}},"fnMap":{"0":{"name":"(anonymous_0)","decl":{"start":{"line":4,"column":20},"end":{"line":4,"column":21}},"loc":{"start":{"line":4,"column":40},"end":{"line":33,"column":1}},"line":4}},"branchMap":{"0":{"loc":{"start":{"line":12,"column":4},"end":{"line":12,"column":57}},"type":"if","locations":[{"start":{"line":12,"column":4},"end":{"line":12,"column":57}},{"start":{},"end":{}}],"line":12},"1":{"loc":{"start":{"line":16,"column":4},"end":{"line":20,"column":5}},"type":"if","locations":[{"start":{"line":16,"column":4},"end":{"line":20,"column":5}},{"start":{},"end":{}}],"line":16},"2":{"loc":{"start":{"line":24,"column":4},"end":{"line":31,"column":5}},"type":"if","locations":[{"start":{"line":24,"column":4},"end":{"line":31,"column":5}},{"start":{},"end":{}}],"line":24},"3":{"loc":{"start":{"line":25,"column":8},"end":{"line":28,"column":9}},"type":"if","locations":[{"start":{"line":25,"column":8},"end":{"line":28,"column":9}},{"start":{},"end":{}}],"line":25}},"s":{"0":1,"1":0,"2":0,"3":0,"4":0,"5":0,"6":0,"7":0,"8":0,"9":0,"10":0,"11":0,"12":0,"13":0,"14":0,"15":0,"16":0,"17":0,"18":0},"f":{"0":0},"b":{"0":[0,0],"1":[0,0],"2":[0,0],"3":[0,0]},"inputSourceMap":null,"_coverageSchema":"1a1c01bbd47fc00a2c39e90264f33305004495a9","hash":"b4caa63b02ba2a89d12a5c31713b5088180d9534"}
,"C:\\ProxiMap\\Server\\Controllers\\User\\CreateUser.js": {"path":"C:\\ProxiMap\\Server\\Controllers\\User\\CreateUser.js","statementMap":{"0":{"start":{"line":4,"column":19},"end":{"line":24,"column":1}},"1":{"start":{"line":7,"column":20},"end":{"line":7,"column":33}},"2":{"start":{"line":8,"column":17},"end":{"line":8,"column":25}},"3":{"start":{"line":11,"column":17},"end":{"line":11,"column":41}},"4":{"start":{"line":12,"column":27},"end":{"line":12,"column":65}},"5":{"start":{"line":13,"column":4},"end":{"line":13,"column":35}},"6":{"start":{"line":16,"column":20},"end":{"line":16,"column":46}},"7":{"start":{"line":18,"column":4},"end":{"line":22,"column":7}},"8":{"start":{"line":23,"column":4},"end":{"line":23,"column":11}}},"fnMap":{"0":{"name":"(anonymous_0)","decl":{"start":{"line":4,"column":19},"end":{"line":4,"column":20}},"loc":{"start":{"line":4,"column":39},"end":{"line":24,"column":1}},"line":4}},"branchMap":{},"s":{"0":1,"1":0,"2":0,"3":0,"4":0,"5":0,"6":0,"7":0,"8":0},"f":{"0":0},"b":{},"inputSourceMap":null,"_coverageSchema":"1a1c01bbd47fc00a2c39e90264f33305004495a9","hash":"ffbff16f3ff3019e5c358172372c4b25c90b611a"}
,"C:\\ProxiMap\\Server\\Controllers\\User\\DeleteUser.js": {"path":"C:\\ProxiMap\\Server\\Controllers\\User\\DeleteUser.js","statementMap":{"0":{"start":{"line":3,"column":19},"end":{"line":15,"column":1}},"1":{"start":{"line":5,"column":20},"end":{"line":5,"column":33}},"2":{"start":{"line":6,"column":15},"end":{"line":6,"column":28}},"3":{"start":{"line":8,"column":17},"end":{"line":8,"column":45}},"4":{"start":{"line":11,"column":4},"end":{"line":14,"column":7}}},"fnMap":{"0":{"name":"(anonymous_0)","decl":{"start":{"line":3,"column":19},"end":{"line":3,"column":20}},"loc":{"start":{"line":3,"column":39},"end":{"line":15,"column":1}},"line":3}},"branchMap":{},"s":{"0":1,"1":0,"2":0,"3":0,"4":0},"f":{"0":0},"b":{},"inputSourceMap":null,"_coverageSchema":"1a1c01bbd47fc00a2c39e90264f33305004495a9","hash":"9ff8d98978b5fd9216901d62895509ff8c1e8df3"}
,"C:\\ProxiMap\\Server\\Controllers\\User\\ReadUser.js": {"path":"C:\\ProxiMap\\Server\\Controllers\\User\\ReadUser.js","statementMap":{"0":{"start":{"line":5,"column":17},"end":{"line":15,"column":1}},"1":{"start":{"line":6,"column":20},"end":{"line":6,"column":33}},"2":{"start":{"line":7,"column":15},"end":{"line":7,"column":28}},"3":{"start":{"line":8,"column":17},"end":{"line":8,"column":43}},"4":{"start":{"line":10,"column":4},"end":{"line":14,"column":7}}},"fnMap":{"0":{"name":"(anonymous_0)","decl":{"start":{"line":5,"column":17},"end":{"line":5,"column":18}},"loc":{"start":{"line":5,"column":37},"end":{"line":15,"column":1}},"line":5}},"branchMap":{},"s":{"0":1,"1":0,"2":0,"3":0,"4":0},"f":{"0":0},"b":{},"inputSourceMap":null,"_coverageSchema":"1a1c01bbd47fc00a2c39e90264f33305004495a9","hash":"c5d1e40e650cb3797a89e5bda2e70efc6fae2731"}
,"C:\\ProxiMap\\Server\\Controllers\\User\\ReadUsers.js": {"path":"C:\\ProxiMap\\Server\\Controllers\\User\\ReadUsers.js","statementMap":{"0":{"start":{"line":3,"column":18},"end":{"line":9,"column":1}},"1":{"start":{"line":4,"column":20},"end":{"line":4,"column":33}},"2":{"start":{"line":5,"column":17},"end":{"line":5,"column":40}},"3":{"start":{"line":8,"column":4},"end":{"line":8,"column":31}}},"fnMap":{"0":{"name":"(anonymous_0)","decl":{"start":{"line":3,"column":18},"end":{"line":3,"column":19}},"loc":{"start":{"line":3,"column":38},"end":{"line":9,"column":1}},"line":3}},"branchMap":{},"s":{"0":1,"1":0,"2":0,"3":0},"f":{"0":0},"b":{},"inputSourceMap":null,"_coverageSchema":"1a1c01bbd47fc00a2c39e90264f33305004495a9","hash":"09dbe306870b5511a201bde4e8f06c2c968a2989"}
,"C:\\ProxiMap\\Server\\Controllers\\User\\UpdateUser.js": {"path":"C:\\ProxiMap\\Server\\Controllers\\User\\UpdateUser.js","statementMap":{"0":{"start":{"line":4,"column":19},"end":{"line":21,"column":1}},"1":{"start":{"line":5,"column":20},"end":{"line":5,"column":33}},"2":{"start":{"line":6,"column":15},"end":{"line":6,"column":28}},"3":{"start":{"line":9,"column":17},"end":{"line":9,"column":25}},"4":{"start":{"line":10,"column":24},"end":{"line":10,"column":58}},"5":{"start":{"line":16,"column":4},"end":{"line":20,"column":7}}},"fnMap":{"0":{"name":"(anonymous_0)","decl":{"start":{"line":4,"column":19},"end":{"line":4,"column":20}},"loc":{"start":{"line":4,"column":39},"end":{"line":21,"column":1}},"line":4}},"branchMap":{},"s":{"0":1,"1":0,"2":0,"3":0,"4":0,"5":0},"f":{"0":0},"b":{},"inputSourceMap":null,"_coverageSchema":"1a1c01bbd47fc00a2c39e90264f33305004495a9","hash":"7e08b61bc7bc5e3921c9bdc05d243e8efc8f994e"}
,"C:\\ProxiMap\\Server\\DAO\\CategoryDAO.js": {"path":"C:\\ProxiMap\\Server\\DAO\\CategoryDAO.js","statementMap":{"0":{"start":{"line":5,"column":7},"end":{"line":5,"column":41}},"1":{"start":{"line":6,"column":27},"end":{"line":6,"column":49}},"2":{"start":{"line":7,"column":24},"end":{"line":9,"column":11}},"3":{"start":{"line":8,"column":14},"end":{"line":8,"column":34}},"4":{"start":{"line":10,"column":8},"end":{"line":10,"column":22}},"5":{"start":{"line":14,"column":8},"end":{"line":14,"column":30}},"6":{"start":{"line":15,"column":8},"end":{"line":15,"column":43}},"7":{"start":{"line":19,"column":8},"end":{"line":19,"column":52}},"8":{"start":{"line":23,"column":8},"end":{"line":23,"column":62}},"9":{"start":{"line":27,"column":8},"end":{"line":27,"column":37}}},"fnMap":{"0":{"name":"(anonymous_0)","decl":{"start":{"line":4,"column":4},"end":{"line":4,"column":5}},"loc":{"start":{"line":4,"column":27},"end":{"line":11,"column":5}},"line":4},"1":{"name":"(anonymous_1)","decl":{"start":{"line":7,"column":55},"end":{"line":7,"column":56}},"loc":{"start":{"line":7,"column":64},"end":{"line":9,"column":10}},"line":7},"2":{"name":"(anonymous_2)","decl":{"start":{"line":13,"column":4},"end":{"line":13,"column":5}},"loc":{"start":{"line":13,"column":23},"end":{"line":16,"column":5}},"line":13},"3":{"name":"(anonymous_3)","decl":{"start":{"line":18,"column":4},"end":{"line":18,"column":5}},"loc":{"start":{"line":18,"column":25},"end":{"line":20,"column":5}},"line":18},"4":{"name":"(anonymous_4)","decl":{"start":{"line":22,"column":4},"end":{"line":22,"column":5}},"loc":{"start":{"line":22,"column":35},"end":{"line":24,"column":5}},"line":22},"5":{"name":"(anonymous_5)","decl":{"start":{"line":26,"column":4},"end":{"line":26,"column":5}},"loc":{"start":{"line":26,"column":20},"end":{"line":28,"column":5}},"line":26}},"branchMap":{},"s":{"0":2,"1":2,"2":2,"3":2,"4":2,"5":1,"6":1,"7":1,"8":0,"9":1},"f":{"0":2,"1":2,"2":1,"3":1,"4":0,"5":1},"b":{},"inputSourceMap":null,"_coverageSchema":"1a1c01bbd47fc00a2c39e90264f33305004495a9","hash":"7359c5488a7f78d53f496cfb7c182cdb03e2bfed"}
,"C:\\ProxiMap\\Server\\DAO\\ServiceDAO.js": {"path":"C:\\ProxiMap\\Server\\DAO\\ServiceDAO.js","statementMap":{"0":{"start":{"line":5,"column":27},"end":{"line":5,"column":47}},"1":{"start":{"line":6,"column":8},"end":{"line":6,"column":75}},"2":{"start":{"line":6,"column":58},"end":{"line":6,"column":71}},"3":{"start":{"line":10,"column":8},"end":{"line":10,"column":78}},"4":{"start":{"line":10,"column":61},"end":{"line":10,"column":74}},"5":{"start":{"line":14,"column":8},"end":{"line":14,"column":87}},"6":{"start":{"line":14,"column":70},"end":{"line":14,"column":83}},"7":{"start":{"line":18,"column":8},"end":{"line":18,"column":87}},"8":{"start":{"line":18,"column":70},"end":{"line":18,"column":83}},"9":{"start":{"line":22,"column":8},"end":{"line":22,"column":96}},"10":{"start":{"line":22,"column":79},"end":{"line":22,"column":92}},"11":{"start":{"line":26,"column":36},"end":{"line":35,"column":9}},"12":{"start":{"line":36,"column":8},"end":{"line":36,"column":96}},"13":{"start":{"line":36,"column":79},"end":{"line":36,"column":92}},"14":{"start":{"line":40,"column":8},"end":{"line":75,"column":9}},"15":{"start":{"line":41,"column":12},"end":{"line":41,"column":38}},"16":{"start":{"line":42,"column":12},"end":{"line":42,"column":38}},"17":{"start":{"line":43,"column":12},"end":{"line":43,"column":38}},"18":{"start":{"line":44,"column":12},"end":{"line":44,"column":38}},"19":{"start":{"line":46,"column":40},"end":{"line":67,"column":13}},"20":{"start":{"line":69,"column":29},"end":{"line":69,"column":73}},"21":{"start":{"line":71,"column":12},"end":{"line":71,"column":28}},"22":{"start":{"line":73,"column":12},"end":{"line":73,"column":68}},"23":{"start":{"line":74,"column":12},"end":{"line":74,"column":25}}},"fnMap":{"0":{"name":"(anonymous_0)","decl":{"start":{"line":4,"column":4},"end":{"line":4,"column":5}},"loc":{"start":{"line":4,"column":26},"end":{"line":7,"column":5}},"line":4},"1":{"name":"(anonymous_1)","decl":{"start":{"line":6,"column":45},"end":{"line":6,"column":46}},"loc":{"start":{"line":6,"column":56},"end":{"line":6,"column":73}},"line":6},"2":{"name":"(anonymous_2)","decl":{"start":{"line":9,"column":4},"end":{"line":9,"column":5}},"loc":{"start":{"line":9,"column":23},"end":{"line":11,"column":5}},"line":9},"3":{"name":"(anonymous_3)","decl":{"start":{"line":10,"column":48},"end":{"line":10,"column":49}},"loc":{"start":{"line":10,"column":59},"end":{"line":10,"column":76}},"line":10},"4":{"name":"(anonymous_4)","decl":{"start":{"line":13,"column":4},"end":{"line":13,"column":5}},"loc":{"start":{"line":13,"column":30},"end":{"line":15,"column":5}},"line":13},"5":{"name":"(anonymous_5)","decl":{"start":{"line":14,"column":57},"end":{"line":14,"column":58}},"loc":{"start":{"line":14,"column":68},"end":{"line":14,"column":85}},"line":14},"6":{"name":"(anonymous_6)","decl":{"start":{"line":17,"column":4},"end":{"line":17,"column":5}},"loc":{"start":{"line":17,"column":25},"end":{"line":19,"column":5}},"line":17},"7":{"name":"(anonymous_7)","decl":{"start":{"line":18,"column":57},"end":{"line":18,"column":58}},"loc":{"start":{"line":18,"column":68},"end":{"line":18,"column":85}},"line":18},"8":{"name":"(anonymous_8)","decl":{"start":{"line":21,"column":4},"end":{"line":21,"column":5}},"loc":{"start":{"line":21,"column":34},"end":{"line":23,"column":5}},"line":21},"9":{"name":"(anonymous_9)","decl":{"start":{"line":22,"column":66},"end":{"line":22,"column":67}},"loc":{"start":{"line":22,"column":77},"end":{"line":22,"column":94}},"line":22},"10":{"name":"(anonymous_10)","decl":{"start":{"line":25,"column":4},"end":{"line":25,"column":5}},"loc":{"start":{"line":25,"column":20},"end":{"line":37,"column":5}},"line":25},"11":{"name":"(anonymous_11)","decl":{"start":{"line":36,"column":66},"end":{"line":36,"column":67}},"loc":{"start":{"line":36,"column":77},"end":{"line":36,"column":94}},"line":36},"12":{"name":"(anonymous_12)","decl":{"start":{"line":39,"column":4},"end":{"line":39,"column":5}},"loc":{"start":{"line":39,"column":60},"end":{"line":76,"column":5}},"line":39}},"branchMap":{},"s":{"0":0,"1":0,"2":0,"3":0,"4":0,"5":0,"6":0,"7":0,"8":0,"9":0,"10":0,"11":0,"12":0,"13":0,"14":0,"15":0,"16":0,"17":0,"18":0,"19":0,"20":0,"21":0,"22":0,"23":0},"f":{"0":0,"1":0,"2":0,"3":0,"4":0,"5":0,"6":0,"7":0,"8":0,"9":0,"10":0,"11":0,"12":0},"b":{},"inputSourceMap":null,"_coverageSchema":"1a1c01bbd47fc00a2c39e90264f33305004495a9","hash":"a048278037a5bb14766f094bfda0aed8ae924814"}
,"C:\\ProxiMap\\Server\\DAO\\TokenDAO.js": {"path":"C:\\ProxiMap\\Server\\DAO\\TokenDAO.js","statementMap":{"0":{"start":{"line":5,"column":24},"end":{"line":5,"column":40}},"1":{"start":{"line":7,"column":23},"end":{"line":9,"column":10}},"2":{"start":{"line":8,"column":12},"end":{"line":8,"column":32}},"3":{"start":{"line":11,"column":8},"end":{"line":11,"column":22}},"4":{"start":{"line":15,"column":22},"end":{"line":17,"column":10}},"5":{"start":{"line":16,"column":12},"end":{"line":16,"column":32}},"6":{"start":{"line":18,"column":8},"end":{"line":18,"column":21}},"7":{"start":{"line":22,"column":8},"end":{"line":24,"column":11}},"8":{"start":{"line":23,"column":12},"end":{"line":23,"column":32}},"9":{"start":{"line":28,"column":8},"end":{"line":30,"column":11}},"10":{"start":{"line":29,"column":12},"end":{"line":29,"column":24}},"11":{"start":{"line":33,"column":23},"end":{"line":33,"column":68}},"12":{"start":{"line":34,"column":8},"end":{"line":36,"column":11}},"13":{"start":{"line":35,"column":12},"end":{"line":35,"column":24}},"14":{"start":{"line":39,"column":8},"end":{"line":41,"column":11}},"15":{"start":{"line":40,"column":12},"end":{"line":40,"column":24}},"16":{"start":{"line":46,"column":8},"end":{"line":46,"column":34}},"17":{"start":{"line":50,"column":8},"end":{"line":50,"column":51}},"18":{"start":{"line":54,"column":8},"end":{"line":54,"column":64}}},"fnMap":{"0":{"name":"(anonymous_0)","decl":{"start":{"line":4,"column":4},"end":{"line":4,"column":5}},"loc":{"start":{"line":4,"column":24},"end":{"line":12,"column":5}},"line":4},"1":{"name":"(anonymous_1)","decl":{"start":{"line":7,"column":50},"end":{"line":7,"column":51}},"loc":{"start":{"line":7,"column":59},"end":{"line":9,"column":9}},"line":7},"2":{"name":"(anonymous_2)","decl":{"start":{"line":14,"column":4},"end":{"line":14,"column":5}},"loc":{"start":{"line":14,"column":23},"end":{"line":19,"column":5}},"line":14},"3":{"name":"(anonymous_3)","decl":{"start":{"line":15,"column":53},"end":{"line":15,"column":54}},"loc":{"start":{"line":15,"column":62},"end":{"line":17,"column":9}},"line":15},"4":{"name":"(anonymous_4)","decl":{"start":{"line":21,"column":4},"end":{"line":21,"column":5}},"loc":{"start":{"line":21,"column":32},"end":{"line":25,"column":5}},"line":21},"5":{"name":"(anonymous_5)","decl":{"start":{"line":22,"column":62},"end":{"line":22,"column":63}},"loc":{"start":{"line":22,"column":71},"end":{"line":24,"column":9}},"line":22},"6":{"name":"(anonymous_6)","decl":{"start":{"line":27,"column":4},"end":{"line":27,"column":5}},"loc":{"start":{"line":27,"column":20},"end":{"line":31,"column":5}},"line":27},"7":{"name":"(anonymous_7)","decl":{"start":{"line":28,"column":55},"end":{"line":28,"column":56}},"loc":{"start":{"line":28,"column":64},"end":{"line":30,"column":9}},"line":28},"8":{"name":"(anonymous_8)","decl":{"start":{"line":32,"column":4},"end":{"line":32,"column":5}},"loc":{"start":{"line":32,"column":33},"end":{"line":37,"column":5}},"line":32},"9":{"name":"(anonymous_9)","decl":{"start":{"line":34,"column":62},"end":{"line":34,"column":63}},"loc":{"start":{"line":34,"column":71},"end":{"line":36,"column":9}},"line":34},"10":{"name":"(anonymous_10)","decl":{"start":{"line":38,"column":4},"end":{"line":38,"column":5}},"loc":{"start":{"line":38,"column":25},"end":{"line":42,"column":5}},"line":38},"11":{"name":"(anonymous_11)","decl":{"start":{"line":39,"column":55},"end":{"line":39,"column":56}},"loc":{"start":{"line":39,"column":64},"end":{"line":41,"column":9}},"line":39},"12":{"name":"(anonymous_12)","decl":{"start":{"line":45,"column":4},"end":{"line":45,"column":5}},"loc":{"start":{"line":45,"column":20},"end":{"line":47,"column":5}},"line":45},"13":{"name":"(anonymous_13)","decl":{"start":{"line":49,"column":4},"end":{"line":49,"column":5}},"loc":{"start":{"line":49,"column":28},"end":{"line":51,"column":5}},"line":49},"14":{"name":"(anonymous_14)","decl":{"start":{"line":53,"column":4},"end":{"line":53,"column":5}},"loc":{"start":{"line":53,"column":45},"end":{"line":55,"column":5}},"line":53}},"branchMap":{},"s":{"0":2,"1":2,"2":0,"3":2,"4":0,"5":0,"6":0,"7":0,"8":0,"9":0,"10":0,"11":1,"12":1,"13":0,"14":0,"15":0,"16":0,"17":0,"18":0},"f":{"0":2,"1":0,"2":0,"3":0,"4":0,"5":0,"6":0,"7":0,"8":1,"9":0,"10":0,"11":0,"12":0,"13":0,"14":0},"b":{},"inputSourceMap":null,"_coverageSchema":"1a1c01bbd47fc00a2c39e90264f33305004495a9","hash":"adc39b4bdf9933f33a774419949a2755938f62c4"}
,"C:\\ProxiMap\\Server\\DAO\\UserDAO.js": {"path":"C:\\ProxiMap\\Server\\DAO\\UserDAO.js","statementMap":{"0":{"start":{"line":7,"column":24},"end":{"line":7,"column":38}},"1":{"start":{"line":9,"column":23},"end":{"line":13,"column":10}},"2":{"start":{"line":11,"column":12},"end":{"line":11,"column":71}},"3":{"start":{"line":12,"column":12},"end":{"line":12,"column":32}},"4":{"start":{"line":15,"column":8},"end":{"line":15,"column":22}},"5":{"start":{"line":19,"column":21},"end":{"line":21,"column":10}},"6":{"start":{"line":20,"column":12},"end":{"line":20,"column":32}},"7":{"start":{"line":22,"column":8},"end":{"line":22,"column":20}},"8":{"start":{"line":26,"column":8},"end":{"line":30,"column":11}},"9":{"start":{"line":29,"column":12},"end":{"line":29,"column":32}},"10":{"start":{"line":34,"column":8},"end":{"line":36,"column":11}},"11":{"start":{"line":35,"column":12},"end":{"line":35,"column":24}},"12":{"start":{"line":41,"column":8},"end":{"line":41,"column":33}},"13":{"start":{"line":45,"column":8},"end":{"line":45,"column":78}},"14":{"start":{"line":49,"column":8},"end":{"line":49,"column":50}},"15":{"start":{"line":52,"column":9},"end":{"line":52,"column":57}}},"fnMap":{"0":{"name":"(anonymous_0)","decl":{"start":{"line":6,"column":4},"end":{"line":6,"column":5}},"loc":{"start":{"line":6,"column":23},"end":{"line":16,"column":5}},"line":6},"1":{"name":"(anonymous_1)","decl":{"start":{"line":9,"column":50},"end":{"line":9,"column":51}},"loc":{"start":{"line":9,"column":59},"end":{"line":13,"column":9}},"line":9},"2":{"name":"(anonymous_2)","decl":{"start":{"line":18,"column":4},"end":{"line":18,"column":5}},"loc":{"start":{"line":18,"column":23},"end":{"line":23,"column":5}},"line":18},"3":{"name":"(anonymous_3)","decl":{"start":{"line":19,"column":51},"end":{"line":19,"column":52}},"loc":{"start":{"line":19,"column":60},"end":{"line":21,"column":9}},"line":19},"4":{"name":"(anonymous_4)","decl":{"start":{"line":25,"column":4},"end":{"line":25,"column":5}},"loc":{"start":{"line":25,"column":31},"end":{"line":31,"column":5}},"line":25},"5":{"name":"(anonymous_5)","decl":{"start":{"line":26,"column":60},"end":{"line":26,"column":61}},"loc":{"start":{"line":26,"column":69},"end":{"line":30,"column":9}},"line":26},"6":{"name":"(anonymous_6)","decl":{"start":{"line":33,"column":4},"end":{"line":33,"column":5}},"loc":{"start":{"line":33,"column":25},"end":{"line":37,"column":5}},"line":33},"7":{"name":"(anonymous_7)","decl":{"start":{"line":34,"column":54},"end":{"line":34,"column":55}},"loc":{"start":{"line":34,"column":63},"end":{"line":36,"column":9}},"line":34},"8":{"name":"(anonymous_8)","decl":{"start":{"line":40,"column":4},"end":{"line":40,"column":5}},"loc":{"start":{"line":40,"column":20},"end":{"line":42,"column":5}},"line":40},"9":{"name":"(anonymous_9)","decl":{"start":{"line":44,"column":4},"end":{"line":44,"column":5}},"loc":{"start":{"line":44,"column":56},"end":{"line":46,"column":5}},"line":44},"10":{"name":"(anonymous_10)","decl":{"start":{"line":48,"column":4},"end":{"line":48,"column":5}},"loc":{"start":{"line":48,"column":28},"end":{"line":50,"column":5}},"line":48},"11":{"name":"(anonymous_11)","decl":{"start":{"line":51,"column":4},"end":{"line":51,"column":5}},"loc":{"start":{"line":51,"column":34},"end":{"line":53,"column":5}},"line":51}},"branchMap":{},"s":{"0":0,"1":0,"2":0,"3":0,"4":0,"5":0,"6":0,"7":0,"8":0,"9":0,"10":0,"11":0,"12":0,"13":0,"14":2,"15":0},"f":{"0":0,"1":0,"2":0,"3":0,"4":0,"5":0,"6":0,"7":0,"8":0,"9":0,"10":2,"11":0},"b":{},"inputSourceMap":null,"_coverageSchema":"1a1c01bbd47fc00a2c39e90264f33305004495a9","hash":"c1d4f72752bf9c5bc2ef7b65a6b7bade9c609a5b"}
,"C:\\ProxiMap\\Server\\DTO\\User.js": {"path":"C:\\ProxiMap\\Server\\DTO\\User.js","statementMap":{"0":{"start":{"line":3,"column":8},"end":{"line":3,"column":25}},"1":{"start":{"line":4,"column":8},"end":{"line":4,"column":27}},"2":{"start":{"line":5,"column":8},"end":{"line":5,"column":25}},"3":{"start":{"line":10,"column":8},"end":{"line":14,"column":9}}},"fnMap":{"0":{"name":"(anonymous_0)","decl":{"start":{"line":2,"column":4},"end":{"line":2,"column":5}},"loc":{"start":{"line":2,"column":35},"end":{"line":6,"column":5}},"line":2},"1":{"name":"(anonymous_1)","decl":{"start":{"line":9,"column":4},"end":{"line":9,"column":5}},"loc":{"start":{"line":9,"column":14},"end":{"line":15,"column":5}},"line":9}},"branchMap":{},"s":{"0":2,"1":2,"2":2,"3":2},"f":{"0":2,"1":2},"b":{},"inputSourceMap":null,"_coverageSchema":"1a1c01bbd47fc00a2c39e90264f33305004495a9","hash":"f42a179d8d2e8bfa7775dfcc87536517549af23c"}
,"C:\\ProxiMap\\Server\\Models\\Category.js": {"path":"C:\\ProxiMap\\Server\\Models\\Category.js","statementMap":{"0":{"start":{"line":2,"column":23},"end":{"line":5,"column":2}},"1":{"start":{"line":8,"column":17},"end":{"line":8,"column":59}}},"fnMap":{},"branchMap":{},"s":{"0":1,"1":1},"f":{},"b":{},"inputSourceMap":null,"_coverageSchema":"1a1c01bbd47fc00a2c39e90264f33305004495a9","hash":"e171c194a5a167d2da6a09f254c4c3bd444cfc8b"}
,"C:\\ProxiMap\\Server\\Models\\Service.js": {"path":"C:\\ProxiMap\\Server\\Models\\Service.js","statementMap":{"0":{"start":{"line":2,"column":22},"end":{"line":18,"column":4}},"1":{"start":{"line":20,"column":16},"end":{"line":20,"column":56}}},"fnMap":{},"branchMap":{},"s":{"0":1,"1":1},"f":{},"b":{},"inputSourceMap":null,"_coverageSchema":"1a1c01bbd47fc00a2c39e90264f33305004495a9","hash":"004c0ecdffb7a4253dac8fc852d6bd23dde4885d"}
,"C:\\ProxiMap\\Server\\Models\\Token.js": {"path":"C:\\ProxiMap\\Server\\Models\\Token.js","statementMap":{"0":{"start":{"line":3,"column":20},"end":{"line":6,"column":2}},"1":{"start":{"line":8,"column":14},"end":{"line":8,"column":50}}},"fnMap":{},"branchMap":{},"s":{"0":1,"1":1},"f":{},"b":{},"inputSourceMap":null,"_coverageSchema":"1a1c01bbd47fc00a2c39e90264f33305004495a9","hash":"7351a6a06760bc8269e5e76783d2c14c9120c3c1"}
,"C:\\ProxiMap\\Server\\Models\\User.js": {"path":"C:\\ProxiMap\\Server\\Models\\User.js","statementMap":{"0":{"start":{"line":3,"column":19},"end":{"line":21,"column":2}},"1":{"start":{"line":23,"column":13},"end":{"line":23,"column":47}}},"fnMap":{},"branchMap":{},"s":{"0":1,"1":1},"f":{},"b":{},"inputSourceMap":null,"_coverageSchema":"1a1c01bbd47fc00a2c39e90264f33305004495a9","hash":"5a6a69a9189d077513042c535bd6a6f6829a9eab"}
,"C:\\ProxiMap\\Server\\Routes\\AuthRoutes.js": {"path":"C:\\ProxiMap\\Server\\Routes\\AuthRoutes.js","statementMap":{"0":{"start":{"line":15,"column":0},"end":{"line":15,"column":16}},"1":{"start":{"line":16,"column":29},"end":{"line":16,"column":45}},"2":{"start":{"line":18,"column":0},"end":{"line":18,"column":43}},"3":{"start":{"line":21,"column":0},"end":{"line":21,"column":49}},"4":{"start":{"line":23,"column":0},"end":{"line":23,"column":51}},"5":{"start":{"line":25,"column":0},"end":{"line":25,"column":61}},"6":{"start":{"line":27,"column":0},"end":{"line":32,"column":2}},"7":{"start":{"line":28,"column":4},"end":{"line":28,"column":41}},"8":{"start":{"line":29,"column":4},"end":{"line":31,"column":6}},"9":{"start":{"line":34,"column":0},"end":{"line":82,"column":1}},"10":{"start":{"line":37,"column":22},"end":{"line":37,"column":35}},"11":{"start":{"line":38,"column":34},"end":{"line":38,"column":87}},"12":{"start":{"line":40,"column":6},"end":{"line":79,"column":7}},"13":{"start":{"line":41,"column":23},"end":{"line":41,"column":55}},"14":{"start":{"line":42,"column":10},"end":{"line":44,"column":11}},"15":{"start":{"line":43,"column":14},"end":{"line":43,"column":78}},"16":{"start":{"line":45,"column":32},"end":{"line":45,"column":77}},"17":{"start":{"line":46,"column":10},"end":{"line":48,"column":11}},"18":{"start":{"line":47,"column":14},"end":{"line":47,"column":78}},"19":{"start":{"line":50,"column":30},"end":{"line":50,"column":49}},"20":{"start":{"line":51,"column":10},"end":{"line":51,"column":37}},"21":{"start":{"line":54,"column":31},"end":{"line":59,"column":60}},"22":{"start":{"line":61,"column":27},"end":{"line":61,"column":41}},"23":{"start":{"line":62,"column":10},"end":{"line":62,"column":69}},"24":{"start":{"line":64,"column":26},"end":{"line":64,"column":75}},"25":{"start":{"line":67,"column":10},"end":{"line":70,"column":13}},"26":{"start":{"line":71,"column":10},"end":{"line":74,"column":12}},"27":{"start":{"line":75,"column":10},"end":{"line":75,"column":148}},"28":{"start":{"line":78,"column":10},"end":{"line":78,"column":75}}},"fnMap":{"0":{"name":"(anonymous_0)","decl":{"start":{"line":27,"column":36},"end":{"line":27,"column":37}},"loc":{"start":{"line":27,"column":56},"end":{"line":32,"column":1}},"line":27},"1":{"name":"(anonymous_1)","decl":{"start":{"line":34,"column":35},"end":{"line":34,"column":36}},"loc":{"start":{"line":34,"column":55},"end":{"line":81,"column":1}},"line":34}},"branchMap":{"0":{"loc":{"start":{"line":42,"column":10},"end":{"line":44,"column":11}},"type":"if","locations":[{"start":{"line":42,"column":10},"end":{"line":44,"column":11}},{"start":{},"end":{}}],"line":42},"1":{"loc":{"start":{"line":46,"column":10},"end":{"line":48,"column":11}},"type":"if","locations":[{"start":{"line":46,"column":10},"end":{"line":48,"column":11}},{"start":{},"end":{}}],"line":46}},"s":{"0":1,"1":1,"2":1,"3":1,"4":1,"5":1,"6":1,"7":0,"8":0,"9":1,"10":0,"11":0,"12":0,"13":0,"14":0,"15":0,"16":0,"17":0,"18":0,"19":0,"20":0,"21":0,"22":0,"23":0,"24":0,"25":0,"26":0,"27":0,"28":0},"f":{"0":0,"1":0},"b":{"0":[0,0],"1":[0,0]},"inputSourceMap":null,"_coverageSchema":"1a1c01bbd47fc00a2c39e90264f33305004495a9","hash":"ef26a720bb8c8597b9c38f1772e31193eff5b7b6"}
,"C:\\ProxiMap\\Server\\Routes\\CategoryRouter.js": {"path":"C:\\ProxiMap\\Server\\Routes\\CategoryRouter.js","statementMap":{"0":{"start":{"line":12,"column":22},"end":{"line":12,"column":38}},"1":{"start":{"line":17,"column":0},"end":{"line":21,"column":16}},"2":{"start":{"line":20,"column":20},"end":{"line":20,"column":89}},"3":{"start":{"line":24,"column":0},"end":{"line":28,"column":14}},"4":{"start":{"line":27,"column":20},"end":{"line":27,"column":87}},"5":{"start":{"line":31,"column":0},"end":{"line":33,"column":16}},"6":{"start":{"line":32,"column":20},"end":{"line":32,"column":87}},"7":{"start":{"line":37,"column":0},"end":{"line":41,"column":16}},"8":{"start":{"line":40,"column":20},"end":{"line":40,"column":89}},"9":{"start":{"line":44,"column":0},"end":{"line":46,"column":16}},"10":{"start":{"line":45,"column":20},"end":{"line":45,"column":89}}},"fnMap":{"0":{"name":"(anonymous_0)","decl":{"start":{"line":20,"column":0},"end":{"line":20,"column":1}},"loc":{"start":{"line":20,"column":20},"end":{"line":20,"column":89}},"line":20},"1":{"name":"(anonymous_1)","decl":{"start":{"line":27,"column":0},"end":{"line":27,"column":1}},"loc":{"start":{"line":27,"column":20},"end":{"line":27,"column":87}},"line":27},"2":{"name":"(anonymous_2)","decl":{"start":{"line":32,"column":0},"end":{"line":32,"column":1}},"loc":{"start":{"line":32,"column":20},"end":{"line":32,"column":87}},"line":32},"3":{"name":"(anonymous_3)","decl":{"start":{"line":40,"column":0},"end":{"line":40,"column":1}},"loc":{"start":{"line":40,"column":20},"end":{"line":40,"column":89}},"line":40},"4":{"name":"(anonymous_4)","decl":{"start":{"line":45,"column":0},"end":{"line":45,"column":1}},"loc":{"start":{"line":45,"column":20},"end":{"line":45,"column":89}},"line":45}},"branchMap":{},"s":{"0":1,"1":1,"2":2,"3":1,"4":1,"5":1,"6":1,"7":1,"8":0,"9":1,"10":1},"f":{"0":2,"1":1,"2":1,"3":0,"4":1},"b":{},"inputSourceMap":null,"_coverageSchema":"1a1c01bbd47fc00a2c39e90264f33305004495a9","hash":"df88f07acc0d3e4b5ce418bd6fcae1de6cecba73"}
,"C:\\ProxiMap\\Server\\Routes\\ServiceRouter.js": {"path":"C:\\ProxiMap\\Server\\Routes\\ServiceRouter.js","statementMap":{"0":{"start":{"line":16,"column":22},"end":{"line":16,"column":38}},"1":{"start":{"line":21,"column":0},"end":{"line":25,"column":15}},"2":{"start":{"line":24,"column":20},"end":{"line":24,"column":88}},"3":{"start":{"line":28,"column":0},"end":{"line":33,"column":13}},"4":{"start":{"line":32,"column":20},"end":{"line":32,"column":86}},"5":{"start":{"line":36,"column":0},"end":{"line":38,"column":15}},"6":{"start":{"line":37,"column":20},"end":{"line":37,"column":86}},"7":{"start":{"line":41,"column":0},"end":{"line":41,"column":94}},"8":{"start":{"line":44,"column":0},"end":{"line":49,"column":15}},"9":{"start":{"line":48,"column":20},"end":{"line":48,"column":88}},"10":{"start":{"line":52,"column":0},"end":{"line":54,"column":15}},"11":{"start":{"line":53,"column":20},"end":{"line":53,"column":88}}},"fnMap":{"0":{"name":"(anonymous_0)","decl":{"start":{"line":24,"column":0},"end":{"line":24,"column":1}},"loc":{"start":{"line":24,"column":20},"end":{"line":24,"column":88}},"line":24},"1":{"name":"(anonymous_1)","decl":{"start":{"line":32,"column":0},"end":{"line":32,"column":1}},"loc":{"start":{"line":32,"column":20},"end":{"line":32,"column":86}},"line":32},"2":{"name":"(anonymous_2)","decl":{"start":{"line":37,"column":0},"end":{"line":37,"column":1}},"loc":{"start":{"line":37,"column":20},"end":{"line":37,"column":86}},"line":37},"3":{"name":"(anonymous_3)","decl":{"start":{"line":48,"column":0},"end":{"line":48,"column":1}},"loc":{"start":{"line":48,"column":20},"end":{"line":48,"column":88}},"line":48},"4":{"name":"(anonymous_4)","decl":{"start":{"line":53,"column":0},"end":{"line":53,"column":1}},"loc":{"start":{"line":53,"column":20},"end":{"line":53,"column":88}},"line":53}},"branchMap":{},"s":{"0":1,"1":1,"2":0,"3":1,"4":0,"5":1,"6":0,"7":1,"8":1,"9":0,"10":1,"11":0},"f":{"0":0,"1":0,"2":0,"3":0,"4":0},"b":{},"inputSourceMap":null,"_coverageSchema":"1a1c01bbd47fc00a2c39e90264f33305004495a9","hash":"4debb6220d9b4401ca34f6eb3197b4d28c6825a0"}
,"C:\\ProxiMap\\Server\\Routes\\TokenRouter.js": {"path":"C:\\ProxiMap\\Server\\Routes\\TokenRouter.js","statementMap":{"0":{"start":{"line":13,"column":20},"end":{"line":13,"column":36}},"1":{"start":{"line":14,"column":20},"end":{"line":28,"column":1}},"2":{"start":{"line":15,"column":20},"end":{"line":15,"column":33}},"3":{"start":{"line":16,"column":15},"end":{"line":16,"column":30}},"4":{"start":{"line":18,"column":4},"end":{"line":27,"column":5}},"5":{"start":{"line":19,"column":21},"end":{"line":19,"column":47}},"6":{"start":{"line":20,"column":8},"end":{"line":23,"column":9}},"7":{"start":{"line":21,"column":12},"end":{"line":21,"column":62}},"8":{"start":{"line":22,"column":12},"end":{"line":22,"column":19}},"9":{"start":{"line":24,"column":8},"end":{"line":24,"column":15}},"10":{"start":{"line":26,"column":8},"end":{"line":26,"column":65}},"11":{"start":{"line":30,"column":0},"end":{"line":30,"column":39}},"12":{"start":{"line":31,"column":0},"end":{"line":31,"column":49}},"13":{"start":{"line":33,"column":0},"end":{"line":33,"column":65}},"14":{"start":{"line":35,"column":0},"end":{"line":35,"column":63}},"15":{"start":{"line":36,"column":0},"end":{"line":36,"column":55}}},"fnMap":{"0":{"name":"(anonymous_0)","decl":{"start":{"line":14,"column":20},"end":{"line":14,"column":21}},"loc":{"start":{"line":14,"column":46},"end":{"line":28,"column":1}},"line":14}},"branchMap":{"0":{"loc":{"start":{"line":20,"column":8},"end":{"line":23,"column":9}},"type":"if","locations":[{"start":{"line":20,"column":8},"end":{"line":23,"column":9}},{"start":{},"end":{}}],"line":20}},"s":{"0":1,"1":1,"2":0,"3":0,"4":0,"5":0,"6":0,"7":0,"8":0,"9":0,"10":0,"11":1,"12":1,"13":1,"14":1,"15":1},"f":{"0":0},"b":{"0":[0,0]},"inputSourceMap":null,"_coverageSchema":"1a1c01bbd47fc00a2c39e90264f33305004495a9","hash":"43592fecb24809205933d28da98cb7093864e23f"}
,"C:\\ProxiMap\\Server\\Routes\\UserRouter.js": {"path":"C:\\ProxiMap\\Server\\Routes\\UserRouter.js","statementMap":{"0":{"start":{"line":20,"column":19},"end":{"line":20,"column":35}},"1":{"start":{"line":24,"column":0},"end":{"line":26,"column":11}},"2":{"start":{"line":25,"column":20},"end":{"line":25,"column":83}},"3":{"start":{"line":28,"column":0},"end":{"line":28,"column":38}},"4":{"start":{"line":32,"column":0},"end":{"line":37,"column":9}},"5":{"start":{"line":35,"column":20},"end":{"line":35,"column":45}},"6":{"start":{"line":36,"column":20},"end":{"line":36,"column":83}},"7":{"start":{"line":40,"column":0},"end":{"line":48,"column":12}},"8":{"start":{"line":46,"column":20},"end":{"line":46,"column":45}},"9":{"start":{"line":47,"column":20},"end":{"line":47,"column":85}},"10":{"start":{"line":52,"column":0},"end":{"line":58,"column":12}},"11":{"start":{"line":56,"column":20},"end":{"line":56,"column":45}},"12":{"start":{"line":57,"column":20},"end":{"line":57,"column":85}},"13":{"start":{"line":61,"column":0},"end":{"line":65,"column":12}},"14":{"start":{"line":63,"column":20},"end":{"line":63,"column":45}},"15":{"start":{"line":64,"column":20},"end":{"line":64,"column":85}}},"fnMap":{"0":{"name":"(anonymous_0)","decl":{"start":{"line":25,"column":0},"end":{"line":25,"column":1}},"loc":{"start":{"line":25,"column":20},"end":{"line":25,"column":83}},"line":25},"1":{"name":"(anonymous_1)","decl":{"start":{"line":35,"column":0},"end":{"line":35,"column":1}},"loc":{"start":{"line":35,"column":20},"end":{"line":35,"column":45}},"line":35},"2":{"name":"(anonymous_2)","decl":{"start":{"line":36,"column":0},"end":{"line":36,"column":1}},"loc":{"start":{"line":36,"column":20},"end":{"line":36,"column":83}},"line":36},"3":{"name":"(anonymous_3)","decl":{"start":{"line":46,"column":0},"end":{"line":46,"column":1}},"loc":{"start":{"line":46,"column":20},"end":{"line":46,"column":45}},"line":46},"4":{"name":"(anonymous_4)","decl":{"start":{"line":47,"column":0},"end":{"line":47,"column":1}},"loc":{"start":{"line":47,"column":20},"end":{"line":47,"column":85}},"line":47},"5":{"name":"(anonymous_5)","decl":{"start":{"line":56,"column":0},"end":{"line":56,"column":1}},"loc":{"start":{"line":56,"column":20},"end":{"line":56,"column":45}},"line":56},"6":{"name":"(anonymous_6)","decl":{"start":{"line":57,"column":0},"end":{"line":57,"column":1}},"loc":{"start":{"line":57,"column":20},"end":{"line":57,"column":85}},"line":57},"7":{"name":"(anonymous_7)","decl":{"start":{"line":63,"column":0},"end":{"line":63,"column":1}},"loc":{"start":{"line":63,"column":20},"end":{"line":63,"column":45}},"line":63},"8":{"name":"(anonymous_8)","decl":{"start":{"line":64,"column":0},"end":{"line":64,"column":1}},"loc":{"start":{"line":64,"column":20},"end":{"line":64,"column":85}},"line":64}},"branchMap":{},"s":{"0":1,"1":1,"2":0,"3":1,"4":1,"5":0,"6":0,"7":1,"8":0,"9":0,"10":1,"11":0,"12":0,"13":1,"14":0,"15":0},"f":{"0":0,"1":0,"2":0,"3":0,"4":0,"5":0,"6":0,"7":0,"8":0},"b":{},"inputSourceMap":null,"_coverageSchema":"1a1c01bbd47fc00a2c39e90264f33305004495a9","hash":"f13f24f0ce2515f74fca8bd314e5cd6384cce496"}
,"C:\\ProxiMap\\Server\\Tests\\database.js": {"path":"C:\\ProxiMap\\Server\\Tests\\database.js","statementMap":{"0":{"start":{"line":4,"column":0},"end":{"line":4,"column":38}},"1":{"start":{"line":6,"column":18},"end":{"line":14,"column":1}},"2":{"start":{"line":7,"column":4},"end":{"line":13,"column":5}},"3":{"start":{"line":8,"column":8},"end":{"line":8,"column":56}},"4":{"start":{"line":9,"column":8},"end":{"line":9,"column":45}},"5":{"start":{"line":11,"column":8},"end":{"line":11,"column":60}},"6":{"start":{"line":12,"column":8},"end":{"line":12,"column":24}},"7":{"start":{"line":16,"column":21},"end":{"line":24,"column":1}},"8":{"start":{"line":17,"column":4},"end":{"line":23,"column":5}},"9":{"start":{"line":18,"column":8},"end":{"line":18,"column":36}},"10":{"start":{"line":19,"column":8},"end":{"line":19,"column":50}},"11":{"start":{"line":21,"column":8},"end":{"line":21,"column":65}},"12":{"start":{"line":22,"column":8},"end":{"line":22,"column":24}}},"fnMap":{"0":{"name":"(anonymous_0)","decl":{"start":{"line":6,"column":18},"end":{"line":6,"column":19}},"loc":{"start":{"line":6,"column":30},"end":{"line":14,"column":1}},"line":6},"1":{"name":"(anonymous_1)","decl":{"start":{"line":16,"column":21},"end":{"line":16,"column":22}},"loc":{"start":{"line":16,"column":33},"end":{"line":24,"column":1}},"line":16}},"branchMap":{},"s":{"0":1,"1":1,"2":1,"3":1,"4":1,"5":0,"6":0,"7":1,"8":1,"9":1,"10":1,"11":0,"12":0},"f":{"0":1,"1":1},"b":{},"inputSourceMap":null,"_coverageSchema":"1a1c01bbd47fc00a2c39e90264f33305004495a9","hash":"935f118acfe7542bf6a46b7693916ab615d3c4ca"}
,"C:\\ProxiMap\\Server\\Utilities\\JWTUtil.js": {"path":"C:\\ProxiMap\\Server\\Utilities\\JWTUtil.js","statementMap":{"0":{"start":{"line":4,"column":0},"end":{"line":4,"column":16}},"1":{"start":{"line":8,"column":20},"end":{"line":11,"column":1}},"2":{"start":{"line":10,"column":4},"end":{"line":10,"column":55}},"3":{"start":{"line":14,"column":29},"end":{"line":21,"column":1}},"4":{"start":{"line":15,"column":4},"end":{"line":20,"column":55}},"5":{"start":{"line":25,"column":28},"end":{"line":40,"column":1}},"6":{"start":{"line":27,"column":19},"end":{"line":27,"column":21}},"7":{"start":{"line":28,"column":4},"end":{"line":38,"column":7}},"8":{"start":{"line":29,"column":8},"end":{"line":31,"column":9}},"9":{"start":{"line":30,"column":12},"end":{"line":30,"column":45}},"10":{"start":{"line":32,"column":8},"end":{"line":37,"column":59}},"11":{"start":{"line":39,"column":4},"end":{"line":39,"column":23}},"12":{"start":{"line":44,"column":25},"end":{"line":102,"column":1}},"13":{"start":{"line":45,"column":24},"end":{"line":45,"column":49}},"14":{"start":{"line":46,"column":25},"end":{"line":46,"column":51}},"15":{"start":{"line":47,"column":4},"end":{"line":49,"column":5}},"16":{"start":{"line":48,"column":8},"end":{"line":48,"column":76}},"17":{"start":{"line":50,"column":17},"end":{"line":50,"column":68}},"18":{"start":{"line":52,"column":4},"end":{"line":54,"column":5}},"19":{"start":{"line":53,"column":8},"end":{"line":53,"column":77}},"20":{"start":{"line":56,"column":4},"end":{"line":97,"column":5}},"21":{"start":{"line":57,"column":24},"end":{"line":57,"column":48}},"22":{"start":{"line":58,"column":8},"end":{"line":58,"column":27}},"23":{"start":{"line":59,"column":8},"end":{"line":59,"column":15}},"24":{"start":{"line":63,"column":8},"end":{"line":96,"column":9}},"25":{"start":{"line":64,"column":12},"end":{"line":92,"column":13}},"26":{"start":{"line":67,"column":16},"end":{"line":67,"column":45}},"27":{"start":{"line":70,"column":32},"end":{"line":70,"column":43}},"28":{"start":{"line":73,"column":33},"end":{"line":78,"column":66}},"29":{"start":{"line":82,"column":33},"end":{"line":82,"column":47}},"30":{"start":{"line":83,"column":16},"end":{"line":83,"column":72}},"31":{"start":{"line":87,"column":16},"end":{"line":87,"column":72}},"32":{"start":{"line":88,"column":16},"end":{"line":88,"column":23}},"33":{"start":{"line":91,"column":16},"end":{"line":91,"column":95}},"34":{"start":{"line":95,"column":12},"end":{"line":95,"column":70}},"35":{"start":{"line":104,"column":33},"end":{"line":114,"column":1}},"36":{"start":{"line":105,"column":25},"end":{"line":105,"column":50}},"37":{"start":{"line":106,"column":17},"end":{"line":106,"column":68}},"38":{"start":{"line":107,"column":21},"end":{"line":107,"column":30}},"39":{"start":{"line":109,"column":4},"end":{"line":113,"column":5}},"40":{"start":{"line":110,"column":8},"end":{"line":110,"column":15}},"41":{"start":{"line":112,"column":8},"end":{"line":112,"column":149}}},"fnMap":{"0":{"name":"(anonymous_0)","decl":{"start":{"line":8,"column":20},"end":{"line":8,"column":21}},"loc":{"start":{"line":8,"column":31},"end":{"line":11,"column":1}},"line":8},"1":{"name":"(anonymous_1)","decl":{"start":{"line":14,"column":29},"end":{"line":14,"column":30}},"loc":{"start":{"line":14,"column":39},"end":{"line":21,"column":1}},"line":14},"2":{"name":"(anonymous_2)","decl":{"start":{"line":25,"column":28},"end":{"line":25,"column":29}},"loc":{"start":{"line":25,"column":39},"end":{"line":40,"column":1}},"line":25},"3":{"name":"(anonymous_3)","decl":{"start":{"line":28,"column":49},"end":{"line":28,"column":50}},"loc":{"start":{"line":28,"column":67},"end":{"line":38,"column":5}},"line":28},"4":{"name":"(anonymous_4)","decl":{"start":{"line":44,"column":25},"end":{"line":44,"column":26}},"loc":{"start":{"line":44,"column":44},"end":{"line":102,"column":1}},"line":44},"5":{"name":"(anonymous_5)","decl":{"start":{"line":104,"column":33},"end":{"line":104,"column":34}},"loc":{"start":{"line":104,"column":67},"end":{"line":114,"column":1}},"line":104}},"branchMap":{"0":{"loc":{"start":{"line":29,"column":8},"end":{"line":31,"column":9}},"type":"if","locations":[{"start":{"line":29,"column":8},"end":{"line":31,"column":9}},{"start":{},"end":{}}],"line":29},"1":{"loc":{"start":{"line":47,"column":4},"end":{"line":49,"column":5}},"type":"if","locations":[{"start":{"line":47,"column":4},"end":{"line":49,"column":5}},{"start":{},"end":{}}],"line":47},"2":{"loc":{"start":{"line":47,"column":7},"end":{"line":47,"column":36}},"type":"binary-expr","locations":[{"start":{"line":47,"column":7},"end":{"line":47,"column":19}},{"start":{"line":47,"column":23},"end":{"line":47,"column":36}}],"line":47},"3":{"loc":{"start":{"line":52,"column":4},"end":{"line":54,"column":5}},"type":"if","locations":[{"start":{"line":52,"column":4},"end":{"line":54,"column":5}},{"start":{},"end":{}}],"line":52},"4":{"loc":{"start":{"line":63,"column":8},"end":{"line":96,"column":9}},"type":"if","locations":[{"start":{"line":63,"column":8},"end":{"line":96,"column":9}},{"start":{"line":93,"column":15},"end":{"line":96,"column":9}}],"line":63},"5":{"loc":{"start":{"line":109,"column":4},"end":{"line":113,"column":5}},"type":"if","locations":[{"start":{"line":109,"column":4},"end":{"line":113,"column":5}},{"start":{"line":111,"column":9},"end":{"line":113,"column":5}}],"line":109}},"s":{"0":1,"1":1,"2":1,"3":1,"4":2,"5":1,"6":0,"7":0,"8":0,"9":0,"10":0,"11":0,"12":1,"13":1,"14":1,"15":1,"16":0,"17":1,"18":1,"19":0,"20":1,"21":1,"22":1,"23":1,"24":0,"25":0,"26":0,"27":0,"28":0,"29":0,"30":0,"31":0,"32":0,"33":0,"34":0,"35":1,"36":5,"37":5,"38":5,"39":5,"40":5,"41":0},"f":{"0":1,"1":2,"2":0,"3":0,"4":1,"5":5},"b":{"0":[0,0],"1":[0,1],"2":[1,0],"3":[0,1],"4":[0,0],"5":[5,0]},"inputSourceMap":null,"_coverageSchema":"1a1c01bbd47fc00a2c39e90264f33305004495a9","hash":"4604001aa762558e75e3bc8494f010e2585584a4"}
,"C:\\ProxiMap\\Server\\Utilities\\Service\\checkService.js": {"path":"C:\\ProxiMap\\Server\\Utilities\\Service\\checkService.js","statementMap":{"0":{"start":{"line":2,"column":21},"end":{"line":49,"column":2}}},"fnMap":{},"branchMap":{},"s":{"0":1},"f":{},"b":{},"inputSourceMap":null,"_coverageSchema":"1a1c01bbd47fc00a2c39e90264f33305004495a9","hash":"29bcdfbcc76c6f34063f9b766e87e4b3e24a93fa"}
,"C:\\ProxiMap\\Server\\Utilities\\Token\\CheckToken.js": {"path":"C:\\ProxiMap\\Server\\Utilities\\Token\\CheckToken.js","statementMap":{"0":{"start":{"line":2,"column":21},"end":{"line":13,"column":2}}},"fnMap":{},"branchMap":{},"s":{"0":1},"f":{},"b":{},"inputSourceMap":null,"_coverageSchema":"1a1c01bbd47fc00a2c39e90264f33305004495a9","hash":"1f567a697cf31de3c92cef49dfc68a228e4d3e4d"}
,"C:\\ProxiMap\\Server\\Validators\\CheckMongoId.js": {"path":"C:\\ProxiMap\\Server\\Validators\\CheckMongoId.js","statementMap":{"0":{"start":{"line":3,"column":16},"end":{"line":6,"column":1}}},"fnMap":{},"branchMap":{},"s":{"0":1},"f":{},"b":{},"inputSourceMap":null,"_coverageSchema":"1a1c01bbd47fc00a2c39e90264f33305004495a9","hash":"560108314c2fea39708327c2965013d5a8709f6f"}
,"C:\\ProxiMap\\Server\\Validators\\ValidateRes.js": {"path":"C:\\ProxiMap\\Server\\Validators\\ValidateRes.js","statementMap":{"0":{"start":{"line":4,"column":20},"end":{"line":39,"column":1}},"1":{"start":{"line":6,"column":24},"end":{"line":6,"column":45}},"2":{"start":{"line":7,"column":4},"end":{"line":36,"column":5}},"3":{"start":{"line":9,"column":28},"end":{"line":29,"column":10}},"4":{"start":{"line":10,"column":25},"end":{"line":10,"column":28}},"5":{"start":{"line":12,"column":8},"end":{"line":22,"column":9}},"6":{"start":{"line":15,"column":12},"end":{"line":15,"column":29}},"7":{"start":{"line":17,"column":13},"end":{"line":22,"column":9}},"8":{"start":{"line":18,"column":12},"end":{"line":18,"column":29}},"9":{"start":{"line":21,"column":12},"end":{"line":21,"column":29}},"10":{"start":{"line":25,"column":8},"end":{"line":28,"column":9}},"11":{"start":{"line":31,"column":31},"end":{"line":31,"column":63}},"12":{"start":{"line":32,"column":8},"end":{"line":32,"column":35}},"13":{"start":{"line":33,"column":8},"end":{"line":33,"column":39}},"14":{"start":{"line":34,"column":8},"end":{"line":34,"column":27}},"15":{"start":{"line":38,"column":4},"end":{"line":38,"column":11}}},"fnMap":{"0":{"name":"(anonymous_0)","decl":{"start":{"line":4,"column":20},"end":{"line":4,"column":21}},"loc":{"start":{"line":4,"column":38},"end":{"line":39,"column":1}},"line":4},"1":{"name":"(anonymous_1)","decl":{"start":{"line":9,"column":52},"end":{"line":9,"column":53}},"loc":{"start":{"line":9,"column":61},"end":{"line":29,"column":9}},"line":9}},"branchMap":{"0":{"loc":{"start":{"line":7,"column":4},"end":{"line":36,"column":5}},"type":"if","locations":[{"start":{"line":7,"column":4},"end":{"line":36,"column":5}},{"start":{},"end":{}}],"line":7},"1":{"loc":{"start":{"line":12,"column":8},"end":{"line":22,"column":9}},"type":"if","locations":[{"start":{"line":12,"column":8},"end":{"line":22,"column":9}},{"start":{"line":17,"column":13},"end":{"line":22,"column":9}}],"line":12},"2":{"loc":{"start":{"line":12,"column":11},"end":{"line":12,"column":86}},"type":"binary-expr","locations":[{"start":{"line":12,"column":11},"end":{"line":12,"column":45}},{"start":{"line":12,"column":49},"end":{"line":12,"column":86}}],"line":12},"3":{"loc":{"start":{"line":17,"column":13},"end":{"line":22,"column":9}},"type":"if","locations":[{"start":{"line":17,"column":13},"end":{"line":22,"column":9}},{"start":{"line":20,"column":12},"end":{"line":22,"column":9}}],"line":17},"4":{"loc":{"start":{"line":17,"column":16},"end":{"line":17,"column":354}},"type":"binary-expr","locations":[{"start":{"line":17,"column":16},"end":{"line":17,"column":44}},{"start":{"line":17,"column":48},"end":{"line":17,"column":79}},{"start":{"line":17,"column":83},"end":{"line":17,"column":115}},{"start":{"line":17,"column":119},"end":{"line":17,"column":150}},{"start":{"line":17,"column":154},"end":{"line":17,"column":183}},{"start":{"line":17,"column":187},"end":{"line":17,"column":217}},{"start":{"line":17,"column":221},"end":{"line":17,"column":249}},{"start":{"line":17,"column":253},"end":{"line":17,"column":285}},{"start":{"line":17,"column":289},"end":{"line":17,"column":320}},{"start":{"line":17,"column":324},"end":{"line":17,"column":354}}],"line":17},"5":{"loc":{"start":{"line":31,"column":31},"end":{"line":31,"column":63}},"type":"binary-expr","locations":[{"start":{"line":31,"column":31},"end":{"line":31,"column":56}},{"start":{"line":31,"column":60},"end":{"line":31,"column":63}}],"line":31}},"s":{"0":1,"1":8,"2":8,"3":5,"4":8,"5":8,"6":0,"7":8,"8":0,"9":8,"10":8,"11":5,"12":5,"13":5,"14":5,"15":3},"f":{"0":8,"1":8},"b":{"0":[5,3],"1":[0,8],"2":[8,8],"3":[0,8],"4":[8,8,8,8,8,8,8,8,8,8],"5":[5,0]},"inputSourceMap":null,"_coverageSchema":"1a1c01bbd47fc00a2c39e90264f33305004495a9","hash":"27b06eca80a9c59ef9e354a0309ae79a4b040ba5"}
,"C:\\ProxiMap\\Server\\Validators\\categoryValidator.js": {"path":"C:\\ProxiMap\\Server\\Validators\\categoryValidator.js","statementMap":{"0":{"start":{"line":5,"column":26},"end":{"line":28,"column":2}},"1":{"start":{"line":30,"column":37},"end":{"line":55,"column":2}}},"fnMap":{},"branchMap":{},"s":{"0":1,"1":1},"f":{},"b":{},"inputSourceMap":null,"_coverageSchema":"1a1c01bbd47fc00a2c39e90264f33305004495a9","hash":"dceace9bf143c0a2e3ff2cd2da624e2243438fba"}
,"C:\\ProxiMap\\Server\\Validators\\serviceValidator.js": {"path":"C:\\ProxiMap\\Server\\Validators\\serviceValidator.js","statementMap":{"0":{"start":{"line":4,"column":25},"end":{"line":95,"column":2}},"1":{"start":{"line":14,"column":32},"end":{"line":14,"column":45}},"2":{"start":{"line":15,"column":29},"end":{"line":15,"column":58}},"3":{"start":{"line":16,"column":16},"end":{"line":18,"column":17}},"4":{"start":{"line":17,"column":20},"end":{"line":17,"column":62}},"5":{"start":{"line":19,"column":16},"end":{"line":19,"column":28}},"6":{"start":{"line":97,"column":36},"end":{"line":203,"column":2}},"7":{"start":{"line":108,"column":32},"end":{"line":108,"column":45}},"8":{"start":{"line":109,"column":29},"end":{"line":109,"column":58}},"9":{"start":{"line":110,"column":16},"end":{"line":112,"column":17}},"10":{"start":{"line":111,"column":20},"end":{"line":111,"column":62}},"11":{"start":{"line":113,"column":16},"end":{"line":113,"column":28}}},"fnMap":{"0":{"name":"(anonymous_0)","decl":{"start":{"line":13,"column":21},"end":{"line":13,"column":22}},"loc":{"start":{"line":13,"column":45},"end":{"line":21,"column":9}},"line":13},"1":{"name":"(anonymous_1)","decl":{"start":{"line":107,"column":21},"end":{"line":107,"column":22}},"loc":{"start":{"line":107,"column":45},"end":{"line":115,"column":9}},"line":107}},"branchMap":{"0":{"loc":{"start":{"line":16,"column":16},"end":{"line":18,"column":17}},"type":"if","locations":[{"start":{"line":16,"column":16},"end":{"line":18,"column":17}},{"start":{},"end":{}}],"line":16},"1":{"loc":{"start":{"line":110,"column":16},"end":{"line":112,"column":17}},"type":"if","locations":[{"start":{"line":110,"column":16},"end":{"line":112,"column":17}},{"start":{},"end":{}}],"line":110}},"s":{"0":1,"1":0,"2":0,"3":0,"4":0,"5":0,"6":1,"7":0,"8":0,"9":0,"10":0,"11":0},"f":{"0":0,"1":0},"b":{"0":[0,0],"1":[0,0]},"inputSourceMap":null,"_coverageSchema":"1a1c01bbd47fc00a2c39e90264f33305004495a9","hash":"cc53879c809c46a75d8bf179d17627c13d52d3db"}
,"C:\\ProxiMap\\Server\\Validators\\userValidator.js": {"path":"C:\\ProxiMap\\Server\\Validators\\userValidator.js","statementMap":{"0":{"start":{"line":4,"column":22},"end":{"line":41,"column":2}},"1":{"start":{"line":44,"column":33},"end":{"line":77,"column":2}}},"fnMap":{},"branchMap":{},"s":{"0":1,"1":1},"f":{},"b":{},"inputSourceMap":null,"_coverageSchema":"1a1c01bbd47fc00a2c39e90264f33305004495a9","hash":"4f00b6ec05b335a621753335b51e71a9e1afa16c"}
,"C:\\ProxiMap\\Server\\Validators\\Users\\IsUserExist.js": {"path":"C:\\ProxiMap\\Server\\Validators\\Users\\IsUserExist.js","statementMap":{"0":{"start":{"line":5,"column":20},"end":{"line":29,"column":2}},"1":{"start":{"line":14,"column":32},"end":{"line":14,"column":45}},"2":{"start":{"line":15,"column":29},"end":{"line":15,"column":58}},"3":{"start":{"line":17,"column":16},"end":{"line":19,"column":17}},"4":{"start":{"line":18,"column":20},"end":{"line":18,"column":54}},"5":{"start":{"line":21,"column":16},"end":{"line":21,"column":28}}},"fnMap":{"0":{"name":"(anonymous_0)","decl":{"start":{"line":12,"column":21},"end":{"line":12,"column":22}},"loc":{"start":{"line":12,"column":38},"end":{"line":22,"column":13}},"line":12}},"branchMap":{"0":{"loc":{"start":{"line":17,"column":16},"end":{"line":19,"column":17}},"type":"if","locations":[{"start":{"line":17,"column":16},"end":{"line":19,"column":17}},{"start":{},"end":{}}],"line":17},"1":{"loc":{"start":{"line":17,"column":19},"end":{"line":17,"column":57}},"type":"binary-expr","locations":[{"start":{"line":17,"column":19},"end":{"line":17,"column":24}},{"start":{"line":17,"column":28},"end":{"line":17,"column":57}}],"line":17}},"s":{"0":1,"1":0,"2":0,"3":0,"4":0,"5":0},"f":{"0":0},"b":{"0":[0,0],"1":[0,0]},"inputSourceMap":null,"_coverageSchema":"1a1c01bbd47fc00a2c39e90264f33305004495a9","hash":"c7c8b828fd6799c70589baeef15331369c2469b3"}
,"C:\\ProxiMap\\Server\\Validators\\Users\\emailValidator.js": {"path":"C:\\ProxiMap\\Server\\Validators\\Users\\emailValidator.js","statementMap":{"0":{"start":{"line":4,"column":23},"end":{"line":36,"column":1}},"1":{"start":{"line":10,"column":32},"end":{"line":10,"column":45}},"2":{"start":{"line":11,"column":29},"end":{"line":11,"column":61}},"3":{"start":{"line":13,"column":38},"end":{"line":13,"column":48}},"4":{"start":{"line":15,"column":16},"end":{"line":28,"column":17}},"5":{"start":{"line":16,"column":20},"end":{"line":18,"column":21}},"6":{"start":{"line":17,"column":24},"end":{"line":17,"column":64}},"7":{"start":{"line":20,"column":21},"end":{"line":28,"column":17}},"8":{"start":{"line":21,"column":44},"end":{"line":21,"column":71}},"9":{"start":{"line":22,"column":42},"end":{"line":22,"column":55}},"10":{"start":{"line":23,"column":20},"end":{"line":27,"column":21}},"11":{"start":{"line":24,"column":24},"end":{"line":26,"column":25}},"12":{"start":{"line":25,"column":28},"end":{"line":25,"column":68}},"13":{"start":{"line":30,"column":16},"end":{"line":30,"column":28}}},"fnMap":{"0":{"name":"(anonymous_0)","decl":{"start":{"line":9,"column":20},"end":{"line":9,"column":21}},"loc":{"start":{"line":9,"column":44},"end":{"line":31,"column":13}},"line":9}},"branchMap":{"0":{"loc":{"start":{"line":15,"column":16},"end":{"line":28,"column":17}},"type":"if","locations":[{"start":{"line":15,"column":16},"end":{"line":28,"column":17}},{"start":{"line":20,"column":21},"end":{"line":28,"column":17}}],"line":15},"1":{"loc":{"start":{"line":16,"column":20},"end":{"line":18,"column":21}},"type":"if","locations":[{"start":{"line":16,"column":20},"end":{"line":18,"column":21}},{"start":{},"end":{}}],"line":16},"2":{"loc":{"start":{"line":20,"column":21},"end":{"line":28,"column":17}},"type":"if","locations":[{"start":{"line":20,"column":21},"end":{"line":28,"column":17}},{"start":{},"end":{}}],"line":20},"3":{"loc":{"start":{"line":21,"column":44},"end":{"line":21,"column":71}},"type":"binary-expr","locations":[{"start":{"line":21,"column":44},"end":{"line":21,"column":48}},{"start":{"line":21,"column":52},"end":{"line":21,"column":71}}],"line":21},"4":{"loc":{"start":{"line":23,"column":20},"end":{"line":27,"column":21}},"type":"if","locations":[{"start":{"line":23,"column":20},"end":{"line":27,"column":21}},{"start":{},"end":{}}],"line":23},"5":{"loc":{"start":{"line":24,"column":24},"end":{"line":26,"column":25}},"type":"if","locations":[{"start":{"line":24,"column":24},"end":{"line":26,"column":25}},{"start":{},"end":{}}],"line":24}},"s":{"0":1,"1":0,"2":0,"3":0,"4":0,"5":0,"6":0,"7":0,"8":0,"9":0,"10":0,"11":0,"12":0,"13":0},"f":{"0":0},"b":{"0":[0,0],"1":[0,0],"2":[0,0],"3":[0,0],"4":[0,0],"5":[0,0]},"inputSourceMap":null,"_coverageSchema":"1a1c01bbd47fc00a2c39e90264f33305004495a9","hash":"b402288335c2426a5e547f241fa21376a3608f71"}
,"C:\\ProxiMap\\Server\\Validators\\Users\\passwordValidator.js": {"path":"C:\\ProxiMap\\Server\\Validators\\Users\\passwordValidator.js","statementMap":{"0":{"start":{"line":3,"column":26},"end":{"line":13,"column":1}}},"fnMap":{},"branchMap":{},"s":{"0":1},"f":{},"b":{},"inputSourceMap":null,"_coverageSchema":"1a1c01bbd47fc00a2c39e90264f33305004495a9","hash":"33994126e6ee719c2b77c6cdb41748c8f3c2d361"}
,"C:\\ProxiMap\\Server\\Validators\\Users\\usernameValidator.js": {"path":"C:\\ProxiMap\\Server\\Validators\\Users\\usernameValidator.js","statementMap":{"0":{"start":{"line":3,"column":26},"end":{"line":40,"column":5}},"1":{"start":{"line":15,"column":32},"end":{"line":15,"column":45}},"2":{"start":{"line":16,"column":29},"end":{"line":16,"column":64}},"3":{"start":{"line":18,"column":36},"end":{"line":18,"column":46}},"4":{"start":{"line":20,"column":16},"end":{"line":33,"column":17}},"5":{"start":{"line":21,"column":20},"end":{"line":23,"column":21}},"6":{"start":{"line":22,"column":24},"end":{"line":22,"column":67}},"7":{"start":{"line":25,"column":21},"end":{"line":33,"column":17}},"8":{"start":{"line":26,"column":44},"end":{"line":26,"column":71}},"9":{"start":{"line":27,"column":42},"end":{"line":27,"column":55}},"10":{"start":{"line":28,"column":20},"end":{"line":32,"column":21}},"11":{"start":{"line":29,"column":24},"end":{"line":31,"column":25}},"12":{"start":{"line":30,"column":28},"end":{"line":30,"column":71}},"13":{"start":{"line":35,"column":16},"end":{"line":35,"column":28}}},"fnMap":{"0":{"name":"(anonymous_0)","decl":{"start":{"line":14,"column":20},"end":{"line":14,"column":21}},"loc":{"start":{"line":14,"column":44},"end":{"line":36,"column":13}},"line":14}},"branchMap":{"0":{"loc":{"start":{"line":20,"column":16},"end":{"line":33,"column":17}},"type":"if","locations":[{"start":{"line":20,"column":16},"end":{"line":33,"column":17}},{"start":{"line":25,"column":21},"end":{"line":33,"column":17}}],"line":20},"1":{"loc":{"start":{"line":21,"column":20},"end":{"line":23,"column":21}},"type":"if","locations":[{"start":{"line":21,"column":20},"end":{"line":23,"column":21}},{"start":{},"end":{}}],"line":21},"2":{"loc":{"start":{"line":25,"column":21},"end":{"line":33,"column":17}},"type":"if","locations":[{"start":{"line":25,"column":21},"end":{"line":33,"column":17}},{"start":{},"end":{}}],"line":25},"3":{"loc":{"start":{"line":26,"column":44},"end":{"line":26,"column":71}},"type":"binary-expr","locations":[{"start":{"line":26,"column":44},"end":{"line":26,"column":48}},{"start":{"line":26,"column":52},"end":{"line":26,"column":71}}],"line":26},"4":{"loc":{"start":{"line":28,"column":20},"end":{"line":32,"column":21}},"type":"if","locations":[{"start":{"line":28,"column":20},"end":{"line":32,"column":21}},{"start":{},"end":{}}],"line":28},"5":{"loc":{"start":{"line":29,"column":24},"end":{"line":31,"column":25}},"type":"if","locations":[{"start":{"line":29,"column":24},"end":{"line":31,"column":25}},{"start":{},"end":{}}],"line":29}},"s":{"0":1,"1":0,"2":0,"3":0,"4":0,"5":0,"6":0,"7":0,"8":0,"9":0,"10":0,"11":0,"12":0,"13":0},"f":{"0":0},"b":{"0":[0,0],"1":[0,0],"2":[0,0],"3":[0,0],"4":[0,0],"5":[0,0]},"inputSourceMap":null,"_coverageSchema":"1a1c01bbd47fc00a2c39e90264f33305004495a9","hash":"18804020593f9488dd9c3ba8ea7f351055ec803a"}
,"C:\\ProxiMap\\Server\\Validators\\serviceValidator\\isServiceExist.js": {"path":"C:\\ProxiMap\\Server\\Validators\\serviceValidator\\isServiceExist.js","statementMap":{"0":{"start":{"line":5,"column":23},"end":{"line":29,"column":2}},"1":{"start":{"line":14,"column":35},"end":{"line":14,"column":51}},"2":{"start":{"line":15,"column":32},"end":{"line":15,"column":64}},"3":{"start":{"line":17,"column":16},"end":{"line":19,"column":17}},"4":{"start":{"line":18,"column":20},"end":{"line":18,"column":57}},"5":{"start":{"line":21,"column":16},"end":{"line":21,"column":28}}},"fnMap":{"0":{"name":"(anonymous_0)","decl":{"start":{"line":12,"column":21},"end":{"line":12,"column":22}},"loc":{"start":{"line":12,"column":38},"end":{"line":22,"column":13}},"line":12}},"branchMap":{"0":{"loc":{"start":{"line":17,"column":16},"end":{"line":19,"column":17}},"type":"if","locations":[{"start":{"line":17,"column":16},"end":{"line":19,"column":17}},{"start":{},"end":{}}],"line":17},"1":{"loc":{"start":{"line":17,"column":19},"end":{"line":17,"column":63}},"type":"binary-expr","locations":[{"start":{"line":17,"column":19},"end":{"line":17,"column":27}},{"start":{"line":17,"column":31},"end":{"line":17,"column":63}}],"line":17}},"s":{"0":1,"1":0,"2":0,"3":0,"4":0,"5":0},"f":{"0":0},"b":{"0":[0,0],"1":[0,0]},"inputSourceMap":null,"_coverageSchema":"1a1c01bbd47fc00a2c39e90264f33305004495a9","hash":"5a60b810e53ff8ec4bc20a01382d3711a18a5cd4"}
}
