TN:
SF:Server\Application.js
FN:17,(anonymous_0)
FN:20,(anonymous_1)
FNF:2
FNH:1
FNDA:1,(anonymous_0)
FNDA:0,(anonymous_1)
DA:14,1
DA:16,1
DA:17,1
DA:18,1
DA:21,0
DA:22,0
DA:25,1
DA:27,1
DA:30,1
DA:33,1
DA:39,1
DA:40,1
DA:41,1
DA:42,1
DA:43,1
DA:44,1
DA:45,1
LF:17
LH:15
BRF:0
BRH:0
end_of_record
TN:
SF:Server\Config\AuthConfig.js
FNF:0
FNH:0
DA:1,1
DA:17,1
DA:32,1
LF:3
LH:3
BRF:0
BRH:0
end_of_record
TN:
SF:Server\Controllers\Auth\Login.js
FN:9,(anonymous_0)
FNF:1
FNH:1
FNDA:2,(anonymous_0)
DA:9,1
DA:11,2
DA:12,2
DA:14,2
DA:15,2
DA:16,2
DA:17,0
DA:19,2
DA:20,2
DA:21,0
DA:24,2
DA:25,2
DA:28,2
DA:35,2
DA:36,2
DA:38,2
DA:41,2
DA:46,2
DA:57,2
DA:60,0
LF:20
LH:17
BRDA:16,0,0,0
BRDA:16,0,1,2
BRDA:20,1,0,0
BRDA:20,1,1,2
BRF:4
BRH:2
end_of_record
TN:
SF:Server\Controllers\Auth\Logout.js
FN:3,(anonymous_0)
FNF:1
FNH:1
FNDA:1,(anonymous_0)
DA:3,1
DA:5,1
DA:6,1
DA:7,1
DA:8,0
DA:10,1
DA:12,1
DA:13,1
DA:14,1
DA:15,1
DA:17,1
DA:19,0
LF:12
LH:10
BRDA:7,0,0,0
BRDA:7,0,1,1
BRF:2
BRH:1
end_of_record
TN:
SF:Server\Controllers\Auth\RefreshToken.js
FN:5,(anonymous_0)
FN:14,(anonymous_1)
FNF:2
FNH:0
FNDA:0,(anonymous_0)
FNDA:0,(anonymous_1)
DA:5,1
DA:6,0
DA:7,0
DA:8,0
DA:10,0
DA:13,0
DA:14,0
DA:15,0
DA:16,0
DA:18,0
DA:21,0
DA:24,0
DA:25,0
DA:27,0
DA:34,0
LF:15
LH:1
BRDA:8,0,0,0
BRDA:8,0,1,0
BRDA:15,1,0,0
BRDA:15,1,1,0
BRF:4
BRH:0
end_of_record
TN:
SF:Server\Controllers\Auth\Register.js
FN:4,(anonymous_0)
FNF:1
FNH:0
FNDA:0,(anonymous_0)
DA:4,1
DA:5,0
DA:6,0
DA:7,0
DA:8,0
DA:9,0
DA:10,0
DA:12,0
DA:14,0
DA:15,0
DA:16,0
DA:18,0
DA:19,0
DA:22,0
DA:24,0
LF:15
LH:1
BRDA:12,0,0,0
BRDA:12,0,1,0
BRDA:14,1,0,0
BRDA:14,1,1,0
BRF:4
BRH:0
end_of_record
TN:
SF:Server\Controllers\Category\createCategory.js
FN:3,(anonymous_0)
FNF:1
FNH:1
FNDA:2,(anonymous_0)
DA:3,1
DA:5,2
DA:6,2
DA:8,2
DA:9,2
DA:10,0
DA:12,2
LF:7
LH:6
BRDA:9,0,0,0
BRDA:9,0,1,2
BRF:2
BRH:1
end_of_record
TN:
SF:Server\Controllers\Category\deleteCategory.js
FN:3,(anonymous_0)
FNF:1
FNH:1
FNDA:1,(anonymous_0)
DA:3,1
DA:5,1
DA:6,1
DA:9,1
DA:12,0
DA:13,0
DA:16,0
LF:7
LH:4
BRDA:12,0,0,0
BRDA:12,0,1,0
BRF:2
BRH:0
end_of_record
TN:
SF:Server\Controllers\Category\readCategory.js
FN:4,(anonymous_0)
FNF:1
FNH:1
FNDA:1,(anonymous_0)
DA:4,1
DA:5,1
DA:6,1
DA:8,1
DA:10,1
LF:5
LH:5
BRF:0
BRH:0
end_of_record
TN:
SF:Server\Controllers\Category\readCategorys.js
FN:4,(anonymous_0)
FNF:1
FNH:1
FNDA:1,(anonymous_0)
DA:4,1
DA:5,1
DA:7,1
DA:9,1
LF:4
LH:4
BRF:0
BRH:0
end_of_record
TN:
SF:Server\Controllers\Category\updateCategory.js
FN:4,(anonymous_0)
FNF:1
FNH:0
FNDA:0,(anonymous_0)
DA:4,1
DA:5,0
DA:6,0
DA:7,0
DA:9,0
DA:11,0
DA:12,0
DA:15,0
LF:8
LH:1
BRDA:11,0,0,0
BRDA:11,0,1,0
BRF:2
BRH:0
end_of_record
TN:
SF:Server\Controllers\Service\createService.js
FN:4,(anonymous_0)
FNF:1
FNH:0
FNDA:0,(anonymous_0)
DA:4,1
DA:6,0
DA:7,0
DA:9,0
DA:11,0
DA:12,0
DA:14,0
LF:7
LH:1
BRDA:11,0,0,0
BRDA:11,0,1,0
BRF:2
BRH:0
end_of_record
TN:
SF:Server\Controllers\Service\deleteService.js
FN:5,(anonymous_0)
FNF:1
FNH:0
FNDA:0,(anonymous_0)
DA:5,1
DA:7,0
DA:8,0
DA:11,0
DA:14,0
DA:15,0
DA:18,0
LF:7
LH:1
BRDA:14,0,0,0
BRDA:14,0,1,0
BRF:2
BRH:0
end_of_record
TN:
SF:Server\Controllers\Service\readService.js
FN:4,(anonymous_0)
FNF:1
FNH:0
FNDA:0,(anonymous_0)
DA:4,1
DA:5,0
DA:6,0
DA:8,0
DA:10,0
LF:5
LH:1
BRF:0
BRH:0
end_of_record
TN:
SF:Server\Controllers\Service\readServices.js
FN:4,(anonymous_0)
FN:13,(anonymous_1)
FNF:2
FNH:0
FNDA:0,(anonymous_0)
FNDA:0,(anonymous_1)
DA:4,1
DA:5,0
DA:7,0
DA:9,0
DA:13,1
DA:15,0
DA:16,0
DA:17,0
DA:18,0
LF:9
LH:2
BRF:0
BRH:0
end_of_record
TN:
SF:Server\Controllers\Service\updateService.js
FN:4,(anonymous_0)
FNF:1
FNH:0
FNDA:0,(anonymous_0)
DA:4,1
DA:5,0
DA:6,0
DA:7,0
DA:9,0
DA:11,0
DA:12,0
DA:15,0
LF:8
LH:1
BRDA:11,0,0,0
BRDA:11,0,1,0
BRF:2
BRH:0
end_of_record
TN:
SF:Server\Controllers\Token\CreateToken.js
FN:3,(anonymous_0)
FNF:1
FNH:0
FNDA:0,(anonymous_0)
DA:3,1
DA:5,0
DA:6,0
DA:9,0
DA:10,0
DA:12,0
DA:15,0
DA:16,0
LF:8
LH:1
BRDA:10,0,0,0
BRDA:10,0,1,0
BRF:2
BRH:0
end_of_record
TN:
SF:Server\Controllers\Token\DeleteToken.js
FN:3,(anonymous_0)
FNF:1
FNH:0
FNDA:0,(anonymous_0)
DA:3,1
DA:5,0
DA:6,0
DA:8,0
DA:9,0
DA:11,0
DA:13,0
DA:14,0
DA:17,0
LF:9
LH:1
BRDA:9,0,0,0
BRDA:9,0,1,0
BRDA:13,1,0,0
BRDA:13,1,1,0
BRF:4
BRH:0
end_of_record
TN:
SF:Server\Controllers\Token\ReadToken.js
FN:5,(anonymous_0)
FNF:1
FNH:0
FNDA:0,(anonymous_0)
DA:5,1
DA:8,0
DA:9,0
DA:11,0
DA:12,0
DA:14,0
DA:17,0
DA:18,0
DA:19,0
DA:22,0
LF:10
LH:1
BRDA:12,0,0,0
BRDA:12,0,1,0
BRDA:17,1,0,0
BRDA:17,1,1,0
BRF:4
BRH:0
end_of_record
TN:
SF:Server\Controllers\Token\ReadTokens.js
FN:3,(anonymous_0)
FNF:1
FNH:0
FNDA:0,(anonymous_0)
DA:3,1
DA:4,0
DA:5,0
DA:8,0
LF:4
LH:1
BRF:0
BRH:0
end_of_record
TN:
SF:Server\Controllers\Token\UpdateToken.js
FN:4,(anonymous_0)
FNF:1
FNH:0
FNDA:0,(anonymous_0)
DA:4,1
DA:5,0
DA:6,0
DA:8,0
DA:11,0
DA:12,0
DA:15,0
DA:16,0
DA:18,0
DA:19,0
DA:23,0
DA:24,0
DA:25,0
DA:26,0
DA:27,0
DA:29,0
DA:30,0
DA:32,0
LF:18
LH:1
BRDA:12,0,0,0
BRDA:12,0,1,0
BRDA:16,1,0,0
BRDA:16,1,1,0
BRDA:24,2,0,0
BRDA:24,2,1,0
BRDA:25,3,0,0
BRDA:25,3,1,0
BRF:8
BRH:0
end_of_record
TN:
SF:Server\Controllers\User\CreateUser.js
FN:4,(anonymous_0)
FNF:1
FNH:0
FNDA:0,(anonymous_0)
DA:4,1
DA:7,0
DA:8,0
DA:11,0
DA:12,0
DA:13,0
DA:16,0
DA:18,0
DA:23,0
LF:9
LH:1
BRF:0
BRH:0
end_of_record
TN:
SF:Server\Controllers\User\DeleteUser.js
FN:3,(anonymous_0)
FNF:1
FNH:0
FNDA:0,(anonymous_0)
DA:3,1
DA:5,0
DA:6,0
DA:8,0
DA:11,0
LF:5
LH:1
BRF:0
BRH:0
end_of_record
TN:
SF:Server\Controllers\User\ReadUser.js
FN:5,(anonymous_0)
FNF:1
FNH:0
FNDA:0,(anonymous_0)
DA:5,1
DA:6,0
DA:7,0
DA:8,0
DA:10,0
LF:5
LH:1
BRF:0
BRH:0
end_of_record
TN:
SF:Server\Controllers\User\ReadUsers.js
FN:3,(anonymous_0)
FNF:1
FNH:0
FNDA:0,(anonymous_0)
DA:3,1
DA:4,0
DA:5,0
DA:8,0
LF:4
LH:1
BRF:0
BRH:0
end_of_record
TN:
SF:Server\Controllers\User\UpdateUser.js
FN:4,(anonymous_0)
FNF:1
FNH:0
FNDA:0,(anonymous_0)
DA:4,1
DA:5,0
DA:6,0
DA:9,0
DA:10,0
DA:16,0
LF:6
LH:1
BRF:0
BRH:0
end_of_record
TN:
SF:Server\DAO\CategoryDAO.js
FN:4,(anonymous_0)
FN:7,(anonymous_1)
FN:13,(anonymous_2)
FN:18,(anonymous_3)
FN:22,(anonymous_4)
FN:26,(anonymous_5)
FNF:6
FNH:5
FNDA:2,(anonymous_0)
FNDA:2,(anonymous_1)
FNDA:1,(anonymous_2)
FNDA:1,(anonymous_3)
FNDA:0,(anonymous_4)
FNDA:1,(anonymous_5)
DA:5,2
DA:6,2
DA:7,2
DA:8,2
DA:10,2
DA:14,1
DA:15,1
DA:19,1
DA:23,0
DA:27,1
LF:10
LH:9
BRF:0
BRH:0
end_of_record
TN:
SF:Server\DAO\ServiceDAO.js
FN:4,(anonymous_0)
FN:6,(anonymous_1)
FN:9,(anonymous_2)
FN:10,(anonymous_3)
FN:13,(anonymous_4)
FN:14,(anonymous_5)
FN:17,(anonymous_6)
FN:18,(anonymous_7)
FN:21,(anonymous_8)
FN:22,(anonymous_9)
FN:25,(anonymous_10)
FN:36,(anonymous_11)
FN:39,(anonymous_12)
FNF:13
FNH:0
FNDA:0,(anonymous_0)
FNDA:0,(anonymous_1)
FNDA:0,(anonymous_2)
FNDA:0,(anonymous_3)
FNDA:0,(anonymous_4)
FNDA:0,(anonymous_5)
FNDA:0,(anonymous_6)
FNDA:0,(anonymous_7)
FNDA:0,(anonymous_8)
FNDA:0,(anonymous_9)
FNDA:0,(anonymous_10)
FNDA:0,(anonymous_11)
FNDA:0,(anonymous_12)
DA:5,0
DA:6,0
DA:10,0
DA:14,0
DA:18,0
DA:22,0
DA:26,0
DA:36,0
DA:40,0
DA:41,0
DA:42,0
DA:43,0
DA:44,0
DA:46,0
DA:69,0
DA:71,0
DA:73,0
DA:74,0
LF:18
LH:0
BRF:0
BRH:0
end_of_record
TN:
SF:Server\DAO\TokenDAO.js
FN:4,(anonymous_0)
FN:7,(anonymous_1)
FN:14,(anonymous_2)
FN:15,(anonymous_3)
FN:21,(anonymous_4)
FN:22,(anonymous_5)
FN:27,(anonymous_6)
FN:28,(anonymous_7)
FN:32,(anonymous_8)
FN:34,(anonymous_9)
FN:38,(anonymous_10)
FN:39,(anonymous_11)
FN:45,(anonymous_12)
FN:49,(anonymous_13)
FN:53,(anonymous_14)
FNF:15
FNH:2
FNDA:2,(anonymous_0)
FNDA:0,(anonymous_1)
FNDA:0,(anonymous_2)
FNDA:0,(anonymous_3)
FNDA:0,(anonymous_4)
FNDA:0,(anonymous_5)
FNDA:0,(anonymous_6)
FNDA:0,(anonymous_7)
FNDA:1,(anonymous_8)
FNDA:0,(anonymous_9)
FNDA:0,(anonymous_10)
FNDA:0,(anonymous_11)
FNDA:0,(anonymous_12)
FNDA:0,(anonymous_13)
FNDA:0,(anonymous_14)
DA:5,2
DA:7,2
DA:8,0
DA:11,2
DA:15,0
DA:16,0
DA:18,0
DA:22,0
DA:23,0
DA:28,0
DA:29,0
DA:33,1
DA:34,1
DA:35,0
DA:39,0
DA:40,0
DA:46,0
DA:50,0
DA:54,0
LF:19
LH:5
BRF:0
BRH:0
end_of_record
TN:
SF:Server\DAO\UserDAO.js
FN:6,(anonymous_0)
FN:9,(anonymous_1)
FN:18,(anonymous_2)
FN:19,(anonymous_3)
FN:25,(anonymous_4)
FN:26,(anonymous_5)
FN:33,(anonymous_6)
FN:34,(anonymous_7)
FN:40,(anonymous_8)
FN:44,(anonymous_9)
FN:48,(anonymous_10)
FN:51,(anonymous_11)
FNF:12
FNH:1
FNDA:0,(anonymous_0)
FNDA:0,(anonymous_1)
FNDA:0,(anonymous_2)
FNDA:0,(anonymous_3)
FNDA:0,(anonymous_4)
FNDA:0,(anonymous_5)
FNDA:0,(anonymous_6)
FNDA:0,(anonymous_7)
FNDA:0,(anonymous_8)
FNDA:0,(anonymous_9)
FNDA:2,(anonymous_10)
FNDA:0,(anonymous_11)
DA:7,0
DA:9,0
DA:11,0
DA:12,0
DA:15,0
DA:19,0
DA:20,0
DA:22,0
DA:26,0
DA:29,0
DA:34,0
DA:35,0
DA:41,0
DA:45,0
DA:49,2
DA:52,0
LF:16
LH:1
BRF:0
BRH:0
end_of_record
TN:
SF:Server\DTO\User.js
FN:2,(anonymous_0)
FN:9,(anonymous_1)
FNF:2
FNH:2
FNDA:2,(anonymous_0)
FNDA:2,(anonymous_1)
DA:3,2
DA:4,2
DA:5,2
DA:10,2
LF:4
LH:4
BRF:0
BRH:0
end_of_record
TN:
SF:Server\Models\Category.js
FNF:0
FNH:0
DA:2,1
DA:8,1
LF:2
LH:2
BRF:0
BRH:0
end_of_record
TN:
SF:Server\Models\Service.js
FNF:0
FNH:0
DA:2,1
DA:20,1
LF:2
LH:2
BRF:0
BRH:0
end_of_record
TN:
SF:Server\Models\Token.js
FNF:0
FNH:0
DA:3,1
DA:8,1
LF:2
LH:2
BRF:0
BRH:0
end_of_record
TN:
SF:Server\Models\User.js
FNF:0
FNH:0
DA:3,1
DA:23,1
LF:2
LH:2
BRF:0
BRH:0
end_of_record
TN:
SF:Server\Routes\AuthRoutes.js
FN:27,(anonymous_0)
FN:34,(anonymous_1)
FNF:2
FNH:0
FNDA:0,(anonymous_0)
FNDA:0,(anonymous_1)
DA:15,1
DA:16,1
DA:18,1
DA:21,1
DA:23,1
DA:25,1
DA:27,1
DA:28,0
DA:29,0
DA:34,1
DA:37,0
DA:38,0
DA:40,0
DA:41,0
DA:42,0
DA:43,0
DA:45,0
DA:46,0
DA:47,0
DA:50,0
DA:51,0
DA:54,0
DA:61,0
DA:62,0
DA:64,0
DA:67,0
DA:71,0
DA:75,0
DA:78,0
LF:29
LH:8
BRDA:42,0,0,0
BRDA:42,0,1,0
BRDA:46,1,0,0
BRDA:46,1,1,0
BRF:4
BRH:0
end_of_record
TN:
SF:Server\Routes\CategoryRouter.js
FN:20,(anonymous_0)
FN:27,(anonymous_1)
FN:32,(anonymous_2)
FN:40,(anonymous_3)
FN:45,(anonymous_4)
FNF:5
FNH:4
FNDA:2,(anonymous_0)
FNDA:1,(anonymous_1)
FNDA:1,(anonymous_2)
FNDA:0,(anonymous_3)
FNDA:1,(anonymous_4)
DA:12,1
DA:17,1
DA:20,2
DA:24,1
DA:27,1
DA:31,1
DA:32,1
DA:37,1
DA:40,0
DA:44,1
DA:45,1
LF:11
LH:10
BRF:0
BRH:0
end_of_record
TN:
SF:Server\Routes\ServiceRouter.js
FN:24,(anonymous_0)
FN:32,(anonymous_1)
FN:37,(anonymous_2)
FN:48,(anonymous_3)
FN:53,(anonymous_4)
FNF:5
FNH:0
FNDA:0,(anonymous_0)
FNDA:0,(anonymous_1)
FNDA:0,(anonymous_2)
FNDA:0,(anonymous_3)
FNDA:0,(anonymous_4)
DA:16,1
DA:21,1
DA:24,0
DA:28,1
DA:32,0
DA:36,1
DA:37,0
DA:41,1
DA:44,1
DA:48,0
DA:52,1
DA:53,0
LF:12
LH:7
BRF:0
BRH:0
end_of_record
TN:
SF:Server\Routes\TokenRouter.js
FN:14,(anonymous_0)
FNF:1
FNH:0
FNDA:0,(anonymous_0)
DA:13,1
DA:14,1
DA:15,0
DA:16,0
DA:18,0
DA:19,0
DA:20,0
DA:21,0
DA:22,0
DA:24,0
DA:26,0
DA:30,1
DA:31,1
DA:33,1
DA:35,1
DA:36,1
LF:16
LH:7
BRDA:20,0,0,0
BRDA:20,0,1,0
BRF:2
BRH:0
end_of_record
TN:
SF:Server\Routes\UserRouter.js
FN:25,(anonymous_0)
FN:35,(anonymous_1)
FN:36,(anonymous_2)
FN:46,(anonymous_3)
FN:47,(anonymous_4)
FN:56,(anonymous_5)
FN:57,(anonymous_6)
FN:63,(anonymous_7)
FN:64,(anonymous_8)
FNF:9
FNH:0
FNDA:0,(anonymous_0)
FNDA:0,(anonymous_1)
FNDA:0,(anonymous_2)
FNDA:0,(anonymous_3)
FNDA:0,(anonymous_4)
FNDA:0,(anonymous_5)
FNDA:0,(anonymous_6)
FNDA:0,(anonymous_7)
FNDA:0,(anonymous_8)
DA:20,1
DA:24,1
DA:25,0
DA:28,1
DA:32,1
DA:35,0
DA:36,0
DA:40,1
DA:46,0
DA:47,0
DA:52,1
DA:56,0
DA:57,0
DA:61,1
DA:63,0
DA:64,0
LF:16
LH:7
BRF:0
BRH:0
end_of_record
TN:
SF:Server\Tests\database.js
FN:6,(anonymous_0)
FN:16,(anonymous_1)
FNF:2
FNH:2
FNDA:1,(anonymous_0)
FNDA:1,(anonymous_1)
DA:4,1
DA:6,1
DA:7,1
DA:8,1
DA:9,1
DA:11,0
DA:12,0
DA:16,1
DA:17,1
DA:18,1
DA:19,1
DA:21,0
DA:22,0
LF:13
LH:9
BRF:0
BRH:0
end_of_record
TN:
SF:Server\Utilities\JWTUtil.js
FN:8,(anonymous_0)
FN:14,(anonymous_1)
FN:25,(anonymous_2)
FN:28,(anonymous_3)
FN:44,(anonymous_4)
FN:104,(anonymous_5)
FNF:6
FNH:4
FNDA:1,(anonymous_0)
FNDA:2,(anonymous_1)
FNDA:0,(anonymous_2)
FNDA:0,(anonymous_3)
FNDA:1,(anonymous_4)
FNDA:5,(anonymous_5)
DA:4,1
DA:8,1
DA:10,1
DA:14,1
DA:15,2
DA:25,1
DA:27,0
DA:28,0
DA:29,0
DA:30,0
DA:32,0
DA:39,0
DA:44,1
DA:45,1
DA:46,1
DA:47,1
DA:48,0
DA:50,1
DA:52,1
DA:53,0
DA:56,1
DA:57,1
DA:58,1
DA:59,1
DA:63,0
DA:64,0
DA:67,0
DA:70,0
DA:73,0
DA:82,0
DA:83,0
DA:87,0
DA:88,0
DA:91,0
DA:95,0
DA:104,1
DA:105,5
DA:106,5
DA:107,5
DA:109,5
DA:110,5
DA:112,0
LF:42
LH:22
BRDA:29,0,0,0
BRDA:29,0,1,0
BRDA:47,1,0,0
BRDA:47,1,1,1
BRDA:47,2,0,1
BRDA:47,2,1,0
BRDA:52,3,0,0
BRDA:52,3,1,1
BRDA:63,4,0,0
BRDA:63,4,1,0
BRDA:109,5,0,5
BRDA:109,5,1,0
BRF:12
BRH:4
end_of_record
TN:
SF:Server\Utilities\Service\checkService.js
FNF:0
FNH:0
DA:2,1
LF:1
LH:1
BRF:0
BRH:0
end_of_record
TN:
SF:Server\Utilities\Token\CheckToken.js
FNF:0
FNH:0
DA:2,1
LF:1
LH:1
BRF:0
BRH:0
end_of_record
TN:
SF:Server\Validators\CheckMongoId.js
FNF:0
FNH:0
DA:3,1
LF:1
LH:1
BRF:0
BRH:0
end_of_record
TN:
SF:Server\Validators\ValidateRes.js
FN:4,(anonymous_0)
FN:9,(anonymous_1)
FNF:2
FNH:2
FNDA:8,(anonymous_0)
FNDA:8,(anonymous_1)
DA:4,1
DA:6,8
DA:7,8
DA:9,5
DA:10,8
DA:12,8
DA:15,0
DA:17,8
DA:18,0
DA:21,8
DA:25,8
DA:31,5
DA:32,5
DA:33,5
DA:34,5
DA:38,3
LF:16
LH:14
BRDA:7,0,0,5
BRDA:7,0,1,3
BRDA:12,1,0,0
BRDA:12,1,1,8
BRDA:12,2,0,8
BRDA:12,2,1,8
BRDA:17,3,0,0
BRDA:17,3,1,8
BRDA:17,4,0,8
BRDA:17,4,1,8
BRDA:17,4,2,8
BRDA:17,4,3,8
BRDA:17,4,4,8
BRDA:17,4,5,8
BRDA:17,4,6,8
BRDA:17,4,7,8
BRDA:17,4,8,8
BRDA:17,4,9,8
BRDA:31,5,0,5
BRDA:31,5,1,0
BRF:20
BRH:17
end_of_record
TN:
SF:Server\Validators\categoryValidator.js
FNF:0
FNH:0
DA:5,1
DA:30,1
LF:2
LH:2
BRF:0
BRH:0
end_of_record
TN:
SF:Server\Validators\serviceValidator.js
FN:13,(anonymous_0)
FN:107,(anonymous_1)
FNF:2
FNH:0
FNDA:0,(anonymous_0)
FNDA:0,(anonymous_1)
DA:4,1
DA:14,0
DA:15,0
DA:16,0
DA:17,0
DA:19,0
DA:97,1
DA:108,0
DA:109,0
DA:110,0
DA:111,0
DA:113,0
LF:12
LH:2
BRDA:16,0,0,0
BRDA:16,0,1,0
BRDA:110,1,0,0
BRDA:110,1,1,0
BRF:4
BRH:0
end_of_record
TN:
SF:Server\Validators\userValidator.js
FNF:0
FNH:0
DA:4,1
DA:44,1
LF:2
LH:2
BRF:0
BRH:0
end_of_record
TN:
SF:Server\Validators\Users\IsUserExist.js
FN:12,(anonymous_0)
FNF:1
FNH:0
FNDA:0,(anonymous_0)
DA:5,1
DA:14,0
DA:15,0
DA:17,0
DA:18,0
DA:21,0
LF:6
LH:1
BRDA:17,0,0,0
BRDA:17,0,1,0
BRDA:17,1,0,0
BRDA:17,1,1,0
BRF:4
BRH:0
end_of_record
TN:
SF:Server\Validators\Users\emailValidator.js
FN:9,(anonymous_0)
FNF:1
FNH:0
FNDA:0,(anonymous_0)
DA:4,1
DA:10,0
DA:11,0
DA:13,0
DA:15,0
DA:16,0
DA:17,0
DA:20,0
DA:21,0
DA:22,0
DA:23,0
DA:24,0
DA:25,0
DA:30,0
LF:14
LH:1
BRDA:15,0,0,0
BRDA:15,0,1,0
BRDA:16,1,0,0
BRDA:16,1,1,0
BRDA:20,2,0,0
BRDA:20,2,1,0
BRDA:21,3,0,0
BRDA:21,3,1,0
BRDA:23,4,0,0
BRDA:23,4,1,0
BRDA:24,5,0,0
BRDA:24,5,1,0
BRF:12
BRH:0
end_of_record
TN:
SF:Server\Validators\Users\passwordValidator.js
FNF:0
FNH:0
DA:3,1
LF:1
LH:1
BRF:0
BRH:0
end_of_record
TN:
SF:Server\Validators\Users\usernameValidator.js
FN:14,(anonymous_0)
FNF:1
FNH:0
FNDA:0,(anonymous_0)
DA:3,1
DA:15,0
DA:16,0
DA:18,0
DA:20,0
DA:21,0
DA:22,0
DA:25,0
DA:26,0
DA:27,0
DA:28,0
DA:29,0
DA:30,0
DA:35,0
LF:14
LH:1
BRDA:20,0,0,0
BRDA:20,0,1,0
BRDA:21,1,0,0
BRDA:21,1,1,0
BRDA:25,2,0,0
BRDA:25,2,1,0
BRDA:26,3,0,0
BRDA:26,3,1,0
BRDA:28,4,0,0
BRDA:28,4,1,0
BRDA:29,5,0,0
BRDA:29,5,1,0
BRF:12
BRH:0
end_of_record
TN:
SF:Server\Validators\serviceValidator\isServiceExist.js
FN:12,(anonymous_0)
FNF:1
FNH:0
FNDA:0,(anonymous_0)
DA:5,1
DA:14,0
DA:15,0
DA:17,0
DA:18,0
DA:21,0
LF:6
LH:1
BRDA:17,0,0,0
BRDA:17,0,1,0
BRDA:17,1,0,0
BRDA:17,1,1,0
BRF:4
BRH:0
end_of_record
