TN:
SF:Server\Application.js
FN:22,(anonymous_0)
FN:25,(anonymous_1)
FN:65,oo_cm
FNF:3
FNH:2
FNDA:4,(anonymous_0)
FNDA:0,(anonymous_1)
FNDA:8,oo_cm
DA:17,4
DA:19,4
DA:20,4
DA:22,4
DA:23,4
DA:26,0
DA:27,0
DA:30,4
DA:32,4
DA:34,4
DA:37,4
DA:40,4
DA:46,4
DA:47,4
DA:48,4
DA:49,4
DA:50,4
DA:51,4
DA:52,4
DA:53,4
DA:65,8
LF:21
LH:19
BRDA:65,0,0,8
BRDA:65,0,1,4
BRF:2
BRH:2
end_of_record
TN:
SF:Server\Config\AuthConfig.js
FNF:0
FNH:0
DA:1,4
DA:20,4
DA:35,4
DA:50,4
LF:4
LH:4
BRF:0
BRH:0
end_of_record
TN:
SF:Server\Controllers\AskedService\createAskedService.js
FN:4,(anonymous_0)
FNF:1
FNH:1
FNDA:1,(anonymous_0)
DA:4,4
DA:6,1
DA:7,1
DA:9,1
DA:10,1
DA:12,1
DA:13,1
DA:23,1
DA:24,0
DA:26,1
LF:10
LH:9
BRDA:12,0,0,1
BRDA:12,0,1,0
BRDA:23,1,0,0
BRDA:23,1,1,1
BRF:4
BRH:2
end_of_record
TN:
SF:Server\Controllers\AskedService\deleteAskedService.js
FN:5,(anonymous_0)
FNF:1
FNH:1
FNDA:1,(anonymous_0)
DA:5,4
DA:7,1
DA:8,1
DA:11,1
DA:14,1
DA:15,0
DA:18,1
LF:7
LH:6
BRDA:14,0,0,0
BRDA:14,0,1,1
BRF:2
BRH:1
end_of_record
TN:
SF:Server\Controllers\AskedService\readAskedService.js
FN:4,(anonymous_0)
FN:26,oo_cm
FNF:2
FNH:2
FNDA:1,(anonymous_0)
FNDA:1,oo_cm
DA:4,4
DA:5,1
DA:6,1
DA:8,1
DA:10,1
DA:12,1
DA:26,1
LF:7
LH:7
BRDA:26,0,0,1
BRDA:26,0,1,0
BRF:2
BRH:1
end_of_record
TN:
SF:Server\Controllers\AskedService\readAskedServices.js
FN:4,(anonymous_0)
FN:13,(anonymous_1)
FN:23,(anonymous_2)
FN:44,oo_cm
FNF:4
FNH:1
FNDA:1,(anonymous_0)
FNDA:0,(anonymous_1)
FNDA:0,(anonymous_2)
FNDA:0,oo_cm
DA:4,4
DA:5,1
DA:7,1
DA:9,1
DA:13,4
DA:15,0
DA:16,0
DA:17,0
DA:18,0
DA:19,0
DA:20,0
DA:23,4
DA:25,0
DA:26,0
DA:28,0
DA:30,0
DA:31,0
DA:32,0
DA:35,0
DA:44,0
LF:20
LH:6
BRDA:30,0,0,0
BRDA:30,0,1,0
BRDA:44,1,0,0
BRDA:44,1,1,0
BRF:4
BRH:0
end_of_record
TN:
SF:Server\Controllers\AskedService\updateAskedService.js
FN:4,(anonymous_0)
FNF:1
FNH:1
FNDA:1,(anonymous_0)
DA:4,4
DA:5,1
DA:6,1
DA:7,1
DA:10,1
DA:11,1
DA:12,0
DA:15,1
LF:8
LH:7
BRDA:11,0,0,0
BRDA:11,0,1,1
BRDA:11,1,0,1
BRDA:11,1,1,1
BRF:4
BRH:3
end_of_record
TN:
SF:Server\Controllers\Auth\Login.js
FN:9,(anonymous_0)
FN:72,oo_cm
FNF:2
FNH:2
FNDA:9,(anonymous_0)
FNDA:8,oo_cm
DA:9,4
DA:11,9
DA:12,9
DA:14,9
DA:15,9
DA:16,9
DA:17,1
DA:19,8
DA:20,8
DA:21,0
DA:24,8
DA:25,8
DA:28,8
DA:36,8
DA:37,8
DA:39,8
DA:42,8
DA:47,8
DA:58,8
DA:61,0
DA:72,8
LF:21
LH:19
BRDA:16,0,0,1
BRDA:16,0,1,8
BRDA:20,1,0,0
BRDA:20,1,1,8
BRDA:72,2,0,8
BRDA:72,2,1,0
BRF:6
BRH:4
end_of_record
TN:
SF:Server\Controllers\Auth\Logout.js
FN:3,(anonymous_0)
FNF:1
FNH:1
FNDA:4,(anonymous_0)
DA:3,4
DA:5,4
DA:6,4
DA:7,0
DA:9,4
DA:10,4
DA:11,0
DA:13,4
DA:15,4
DA:16,4
DA:17,4
DA:18,4
DA:22,4
DA:24,0
LF:14
LH:11
BRDA:6,0,0,0
BRDA:6,0,1,4
BRDA:10,1,0,0
BRDA:10,1,1,4
BRF:4
BRH:2
end_of_record
TN:
SF:Server\Controllers\Auth\RefreshToken.js
FN:6,(anonymous_0)
FN:19,(anonymous_1)
FN:60,oo_cm
FNF:3
FNH:0
FNDA:0,(anonymous_0)
FNDA:0,(anonymous_1)
FNDA:0,oo_cm
DA:6,4
DA:7,0
DA:8,0
DA:11,0
DA:12,0
DA:15,0
DA:18,0
DA:19,0
DA:20,0
DA:21,0
DA:23,0
DA:26,0
DA:29,0
DA:30,0
DA:32,0
DA:33,0
DA:35,0
DA:42,0
DA:60,0
LF:19
LH:1
BRDA:11,0,0,0
BRDA:11,0,1,0
BRDA:20,1,0,0
BRDA:20,1,1,0
BRDA:60,2,0,0
BRDA:60,2,1,0
BRF:6
BRH:0
end_of_record
TN:
SF:Server\Controllers\Auth\Register.js
FN:4,(anonymous_0)
FNF:1
FNH:0
FNDA:0,(anonymous_0)
DA:4,4
DA:5,0
DA:6,0
DA:7,0
DA:8,0
DA:9,0
DA:10,0
DA:12,0
DA:14,0
DA:15,0
DA:16,0
DA:18,0
DA:19,0
DA:22,0
DA:24,0
LF:15
LH:1
BRDA:12,0,0,0
BRDA:12,0,1,0
BRDA:14,1,0,0
BRDA:14,1,1,0
BRF:4
BRH:0
end_of_record
TN:
SF:Server\Controllers\Category\createCategory.js
FN:3,(anonymous_0)
FNF:1
FNH:1
FNDA:1,(anonymous_0)
DA:3,4
DA:5,1
DA:6,1
DA:8,1
DA:9,1
DA:10,0
DA:12,1
LF:7
LH:6
BRDA:9,0,0,0
BRDA:9,0,1,1
BRF:2
BRH:1
end_of_record
TN:
SF:Server\Controllers\Category\deleteCategory.js
FN:3,(anonymous_0)
FNF:1
FNH:1
FNDA:1,(anonymous_0)
DA:3,4
DA:5,1
DA:6,1
DA:9,1
DA:12,1
DA:13,0
DA:16,1
LF:7
LH:6
BRDA:12,0,0,0
BRDA:12,0,1,1
BRF:2
BRH:1
end_of_record
TN:
SF:Server\Controllers\Category\readCategory.js
FN:4,(anonymous_0)
FNF:1
FNH:1
FNDA:1,(anonymous_0)
DA:4,4
DA:5,1
DA:6,1
DA:8,1
DA:10,1
LF:5
LH:5
BRF:0
BRH:0
end_of_record
TN:
SF:Server\Controllers\Category\readCategorys.js
FN:4,(anonymous_0)
FNF:1
FNH:1
FNDA:1,(anonymous_0)
DA:4,4
DA:5,1
DA:7,1
DA:9,1
LF:4
LH:4
BRF:0
BRH:0
end_of_record
TN:
SF:Server\Controllers\Category\updateCategory.js
FN:4,(anonymous_0)
FNF:1
FNH:1
FNDA:1,(anonymous_0)
DA:4,4
DA:5,1
DA:6,1
DA:7,1
DA:9,1
DA:11,1
DA:12,0
DA:15,1
LF:8
LH:7
BRDA:11,0,0,0
BRDA:11,0,1,1
BRF:2
BRH:1
end_of_record
TN:
SF:Server\Controllers\Service\createService.js
FN:4,(anonymous_0)
FNF:1
FNH:1
FNDA:1,(anonymous_0)
DA:4,4
DA:6,1
DA:7,1
DA:9,1
DA:10,1
DA:12,1
DA:13,0
DA:22,1
DA:23,0
DA:25,1
LF:10
LH:8
BRDA:12,0,0,0
BRDA:12,0,1,1
BRDA:22,1,0,0
BRDA:22,1,1,1
BRF:4
BRH:2
end_of_record
TN:
SF:Server\Controllers\Service\deleteService.js
FN:5,(anonymous_0)
FNF:1
FNH:1
FNDA:1,(anonymous_0)
DA:5,4
DA:7,1
DA:8,1
DA:11,1
DA:14,1
DA:15,0
DA:18,1
LF:7
LH:6
BRDA:14,0,0,0
BRDA:14,0,1,1
BRF:2
BRH:1
end_of_record
TN:
SF:Server\Controllers\Service\readService.js
FN:4,(anonymous_0)
FN:26,oo_cm
FNF:2
FNH:2
FNDA:1,(anonymous_0)
FNDA:1,oo_cm
DA:4,4
DA:5,1
DA:6,1
DA:8,1
DA:10,1
DA:12,1
DA:26,1
LF:7
LH:7
BRDA:26,0,0,1
BRDA:26,0,1,0
BRF:2
BRH:1
end_of_record
TN:
SF:Server\Controllers\Service\readServices.js
FN:4,(anonymous_0)
FN:13,(anonymous_1)
FN:44,(anonymous_2)
FNF:3
FNH:1
FNDA:1,(anonymous_0)
FNDA:0,(anonymous_1)
FNDA:0,(anonymous_2)
DA:4,4
DA:5,1
DA:7,1
DA:9,1
DA:13,4
DA:19,0
DA:22,0
DA:25,0
DA:27,0
DA:28,0
DA:32,0
DA:34,0
DA:36,0
DA:44,4
DA:46,0
DA:47,0
DA:48,0
DA:49,0
DA:50,0
DA:51,0
DA:54,0
LF:21
LH:6
BRDA:27,0,0,0
BRDA:27,0,1,0
BRDA:27,1,0,0
BRDA:27,1,1,0
BRDA:27,1,2,0
BRDA:27,1,3,0
BRDA:49,2,0,0
BRDA:49,2,1,0
BRF:8
BRH:0
end_of_record
TN:
SF:Server\Controllers\Service\updateService.js
FN:4,(anonymous_0)
FN:17,(anonymous_1)
FN:35,oo_cm
FNF:3
FNH:1
FNDA:1,(anonymous_0)
FNDA:0,(anonymous_1)
FNDA:0,oo_cm
DA:4,4
DA:5,1
DA:6,1
DA:7,1
DA:10,1
DA:11,1
DA:12,0
DA:15,1
DA:17,4
DA:18,0
DA:19,0
DA:20,0
DA:21,0
DA:22,0
DA:23,0
DA:26,0
DA:35,0
LF:17
LH:8
BRDA:11,0,0,0
BRDA:11,0,1,1
BRDA:11,1,0,1
BRDA:11,1,1,1
BRDA:22,2,0,0
BRDA:22,2,1,0
BRDA:22,3,0,0
BRDA:22,3,1,0
BRDA:35,4,0,0
BRDA:35,4,1,0
BRF:10
BRH:3
end_of_record
TN:
SF:Server\Controllers\Token\CreateToken.js
FN:3,(anonymous_0)
FNF:1
FNH:0
FNDA:0,(anonymous_0)
DA:3,4
DA:5,0
DA:6,0
DA:9,0
DA:10,0
DA:12,0
DA:15,0
DA:16,0
LF:8
LH:1
BRDA:10,0,0,0
BRDA:10,0,1,0
BRF:2
BRH:0
end_of_record
TN:
SF:Server\Controllers\Token\DeleteToken.js
FN:3,(anonymous_0)
FNF:1
FNH:0
FNDA:0,(anonymous_0)
DA:3,4
DA:5,0
DA:6,0
DA:8,0
DA:9,0
DA:11,0
DA:13,0
DA:14,0
DA:17,0
LF:9
LH:1
BRDA:9,0,0,0
BRDA:9,0,1,0
BRDA:13,1,0,0
BRDA:13,1,1,0
BRF:4
BRH:0
end_of_record
TN:
SF:Server\Controllers\Token\ReadToken.js
FN:5,(anonymous_0)
FNF:1
FNH:0
FNDA:0,(anonymous_0)
DA:5,4
DA:8,0
DA:9,0
DA:11,0
DA:12,0
DA:14,0
DA:17,0
DA:18,0
DA:19,0
DA:22,0
LF:10
LH:1
BRDA:12,0,0,0
BRDA:12,0,1,0
BRDA:17,1,0,0
BRDA:17,1,1,0
BRF:4
BRH:0
end_of_record
TN:
SF:Server\Controllers\Token\ReadTokens.js
FN:3,(anonymous_0)
FNF:1
FNH:0
FNDA:0,(anonymous_0)
DA:3,4
DA:4,0
DA:5,0
DA:8,0
LF:4
LH:1
BRF:0
BRH:0
end_of_record
TN:
SF:Server\Controllers\Token\UpdateToken.js
FN:4,(anonymous_0)
FNF:1
FNH:0
FNDA:0,(anonymous_0)
DA:4,4
DA:5,0
DA:6,0
DA:8,0
DA:11,0
DA:12,0
DA:15,0
DA:16,0
DA:18,0
DA:19,0
DA:23,0
DA:24,0
DA:25,0
DA:26,0
DA:27,0
DA:29,0
DA:30,0
DA:32,0
LF:18
LH:1
BRDA:12,0,0,0
BRDA:12,0,1,0
BRDA:16,1,0,0
BRDA:16,1,1,0
BRDA:24,2,0,0
BRDA:24,2,1,0
BRDA:25,3,0,0
BRDA:25,3,1,0
BRF:8
BRH:0
end_of_record
TN:
SF:Server\Controllers\User\CreateUser.js
FN:4,(anonymous_0)
FN:34,oo_cm
FNF:2
FNH:2
FNDA:1,(anonymous_0)
FNDA:1,oo_cm
DA:4,4
DA:6,1
DA:7,1
DA:8,1
DA:11,1
DA:12,1
DA:13,1
DA:16,1
DA:19,1
DA:24,1
DA:34,1
LF:11
LH:11
BRDA:34,0,0,1
BRDA:34,0,1,0
BRF:2
BRH:1
end_of_record
TN:
SF:Server\Controllers\User\DeleteUser.js
FN:3,(anonymous_0)
FNF:1
FNH:1
FNDA:1,(anonymous_0)
DA:3,4
DA:5,1
DA:6,1
DA:8,1
DA:11,1
LF:5
LH:5
BRF:0
BRH:0
end_of_record
TN:
SF:Server\Controllers\User\GetAvatar.js
FN:8,(anonymous_0)
FNF:1
FNH:0
FNDA:0,(anonymous_0)
DA:8,4
DA:9,0
DA:10,0
DA:12,0
DA:13,0
DA:14,0
DA:15,0
DA:19,0
DA:21,0
DA:22,0
LF:10
LH:1
BRDA:14,0,0,0
BRDA:14,0,1,0
BRDA:14,1,0,0
BRDA:14,1,1,0
BRF:4
BRH:0
end_of_record
TN:
SF:Server\Controllers\User\ReadUser.js
FN:5,(anonymous_0)
FNF:1
FNH:1
FNDA:1,(anonymous_0)
DA:5,4
DA:6,1
DA:7,1
DA:8,1
DA:10,1
LF:5
LH:5
BRF:0
BRH:0
end_of_record
TN:
SF:Server\Controllers\User\ReadUsers.js
FN:3,(anonymous_0)
FNF:1
FNH:1
FNDA:1,(anonymous_0)
DA:3,4
DA:4,1
DA:5,1
DA:8,1
LF:4
LH:4
BRF:0
BRH:0
end_of_record
TN:
SF:Server\Controllers\User\UpdateProfile.js
FN:8,(anonymous_0)
FNF:1
FNH:0
FNDA:0,(anonymous_0)
DA:8,4
DA:9,0
DA:10,0
DA:11,0
DA:14,0
DA:15,0
DA:21,0
DA:23,0
DA:26,0
DA:28,0
DA:29,0
DA:35,0
LF:12
LH:1
BRDA:14,0,0,0
BRDA:14,0,1,0
BRDA:28,1,0,0
BRDA:28,1,1,0
BRF:4
BRH:0
end_of_record
TN:
SF:Server\Controllers\User\UpdateUser.js
FN:5,(anonymous_0)
FNF:1
FNH:1
FNDA:1,(anonymous_0)
DA:5,4
DA:6,1
DA:7,1
DA:9,1
DA:11,1
DA:12,0
DA:18,1
LF:7
LH:6
BRDA:11,0,0,0
BRDA:11,0,1,1
BRF:2
BRH:1
end_of_record
TN:
SF:Server\DAO\AskedServiceDAO.js
FN:5,(anonymous_0)
FN:7,(anonymous_1)
FN:10,(anonymous_2)
FN:11,(anonymous_3)
FN:14,(anonymous_4)
FN:15,(anonymous_5)
FN:18,(anonymous_6)
FN:19,(anonymous_7)
FN:22,(anonymous_8)
FN:23,(anonymous_9)
FN:26,(anonymous_10)
FN:45,(anonymous_11)
FN:49,(anonymous_12)
FN:130,(anonymous_13)
FN:193,(anonymous_14)
FN:194,(anonymous_15)
FN:196,(anonymous_16)
FN:208,oo_cm
FNF:18
FNH:6
FNDA:1,(anonymous_0)
FNDA:0,(anonymous_1)
FNDA:5,(anonymous_2)
FNDA:1,(anonymous_3)
FNDA:0,(anonymous_4)
FNDA:0,(anonymous_5)
FNDA:1,(anonymous_6)
FNDA:0,(anonymous_7)
FNDA:1,(anonymous_8)
FNDA:0,(anonymous_9)
FNDA:1,(anonymous_10)
FNDA:0,(anonymous_11)
FNDA:0,(anonymous_12)
FNDA:0,(anonymous_13)
FNDA:0,(anonymous_14)
FNDA:0,(anonymous_15)
FNDA:0,(anonymous_16)
FNDA:0,oo_cm
DA:6,1
DA:7,1
DA:11,5
DA:15,0
DA:19,1
DA:23,1
DA:27,1
DA:45,1
DA:50,0
DA:51,0
DA:52,0
DA:53,0
DA:55,0
DA:57,0
DA:61,0
DA:63,0
DA:119,0
DA:120,0
DA:121,0
DA:123,0
DA:124,0
DA:125,0
DA:131,0
DA:133,0
DA:134,0
DA:135,0
DA:136,0
DA:139,0
DA:140,0
DA:144,0
DA:145,0
DA:148,0
DA:151,0
DA:184,0
DA:186,0
DA:188,0
DA:189,0
DA:194,0
DA:197,0
DA:208,0
LF:40
LH:7
BRDA:76,0,0,0
BRDA:76,0,1,0
BRDA:78,1,0,0
BRDA:78,1,1,0
BRDA:78,1,2,0
BRDA:87,2,0,0
BRDA:87,2,1,0
BRDA:89,3,0,0
BRDA:89,3,1,0
BRDA:139,4,0,0
BRDA:139,4,1,0
BRDA:139,5,0,0
BRDA:139,5,1,0
BRDA:144,6,0,0
BRDA:144,6,1,0
BRDA:197,7,0,0
BRDA:197,7,1,0
BRDA:197,7,2,0
BRDA:197,7,3,0
BRDA:208,8,0,0
BRDA:208,8,1,0
BRF:21
BRH:0
end_of_record
TN:
SF:Server\DAO\CategoryDAO.js
FN:4,(anonymous_0)
FN:7,(anonymous_1)
FN:13,(anonymous_2)
FN:17,(anonymous_3)
FN:21,(anonymous_4)
FN:25,(anonymous_5)
FN:38,oo_cm
FNF:7
FNH:6
FNDA:1,(anonymous_0)
FNDA:0,(anonymous_1)
FNDA:8,(anonymous_2)
FNDA:1,(anonymous_3)
FNDA:1,(anonymous_4)
FNDA:1,(anonymous_5)
FNDA:1,oo_cm
DA:5,1
DA:6,1
DA:7,1
DA:8,0
DA:10,1
DA:14,8
DA:18,1
DA:22,1
DA:26,1
DA:38,1
LF:10
LH:9
BRDA:38,0,0,1
BRDA:38,0,1,0
BRF:2
BRH:1
end_of_record
TN:
SF:Server\DAO\ServiceDAO.js
FN:6,(anonymous_0)
FN:8,(anonymous_1)
FN:11,(anonymous_2)
FN:12,(anonymous_3)
FN:15,(anonymous_4)
FN:16,(anonymous_5)
FN:19,(anonymous_6)
FN:20,(anonymous_7)
FN:23,(anonymous_8)
FN:24,(anonymous_9)
FN:27,(anonymous_10)
FN:46,(anonymous_11)
FN:50,(anonymous_12)
FN:130,(anonymous_13)
FN:193,(anonymous_14)
FN:194,(anonymous_15)
FN:197,(anonymous_16)
FN:201,(anonymous_17)
FN:202,(anonymous_18)
FN:213,oo_cm
FNF:20
FNH:6
FNDA:1,(anonymous_0)
FNDA:0,(anonymous_1)
FNDA:5,(anonymous_2)
FNDA:1,(anonymous_3)
FNDA:0,(anonymous_4)
FNDA:0,(anonymous_5)
FNDA:1,(anonymous_6)
FNDA:0,(anonymous_7)
FNDA:1,(anonymous_8)
FNDA:0,(anonymous_9)
FNDA:1,(anonymous_10)
FNDA:0,(anonymous_11)
FNDA:0,(anonymous_12)
FNDA:0,(anonymous_13)
FNDA:0,(anonymous_14)
FNDA:0,(anonymous_15)
FNDA:0,(anonymous_16)
FNDA:0,(anonymous_17)
FNDA:0,(anonymous_18)
FNDA:0,oo_cm
DA:7,1
DA:8,1
DA:12,5
DA:16,0
DA:20,1
DA:24,1
DA:28,1
DA:46,1
DA:51,0
DA:52,0
DA:53,0
DA:54,0
DA:56,0
DA:62,0
DA:64,0
DA:120,0
DA:122,0
DA:124,0
DA:125,0
DA:126,0
DA:131,0
DA:133,0
DA:134,0
DA:135,0
DA:136,0
DA:139,0
DA:140,0
DA:144,0
DA:145,0
DA:148,0
DA:151,0
DA:184,0
DA:185,0
DA:186,0
DA:188,0
DA:189,0
DA:194,0
DA:198,0
DA:202,0
DA:213,0
LF:40
LH:7
BRDA:77,0,0,0
BRDA:77,0,1,0
BRDA:79,1,0,0
BRDA:79,1,1,0
BRDA:79,1,2,0
BRDA:86,2,0,0
BRDA:86,2,1,0
BRDA:88,3,0,0
BRDA:88,3,1,0
BRDA:90,4,0,0
BRDA:90,4,1,0
BRDA:139,5,0,0
BRDA:139,5,1,0
BRDA:139,6,0,0
BRDA:139,6,1,0
BRDA:144,7,0,0
BRDA:144,7,1,0
BRDA:198,8,0,0
BRDA:198,8,1,0
BRDA:198,8,2,0
BRDA:198,8,3,0
BRDA:213,9,0,0
BRDA:213,9,1,0
BRF:23
BRH:0
end_of_record
TN:
SF:Server\DAO\TokenDAO.js
FN:4,(anonymous_0)
FN:7,(anonymous_1)
FN:14,(anonymous_2)
FN:15,(anonymous_3)
FN:21,(anonymous_4)
FN:22,(anonymous_5)
FN:27,(anonymous_6)
FN:28,(anonymous_7)
FN:32,(anonymous_8)
FN:34,(anonymous_9)
FN:38,(anonymous_10)
FN:39,(anonymous_11)
FN:45,(anonymous_12)
FN:49,(anonymous_13)
FN:53,(anonymous_14)
FNF:15
FNH:2
FNDA:8,(anonymous_0)
FNDA:0,(anonymous_1)
FNDA:0,(anonymous_2)
FNDA:0,(anonymous_3)
FNDA:0,(anonymous_4)
FNDA:0,(anonymous_5)
FNDA:0,(anonymous_6)
FNDA:0,(anonymous_7)
FNDA:4,(anonymous_8)
FNDA:0,(anonymous_9)
FNDA:0,(anonymous_10)
FNDA:0,(anonymous_11)
FNDA:0,(anonymous_12)
FNDA:0,(anonymous_13)
FNDA:0,(anonymous_14)
DA:5,8
DA:7,8
DA:8,0
DA:11,8
DA:15,0
DA:16,0
DA:18,0
DA:22,0
DA:23,0
DA:28,0
DA:29,0
DA:33,4
DA:34,4
DA:35,0
DA:39,0
DA:40,0
DA:46,0
DA:50,0
DA:54,0
LF:19
LH:5
BRF:0
BRH:0
end_of_record
TN:
SF:Server\DAO\UserDAO.js
FN:6,(anonymous_0)
FN:9,(anonymous_1)
FN:18,(anonymous_2)
FN:19,(anonymous_3)
FN:25,(anonymous_4)
FN:26,(anonymous_5)
FN:33,(anonymous_6)
FN:34,(anonymous_7)
FN:40,(anonymous_8)
FN:44,(anonymous_9)
FN:48,(anonymous_10)
FN:51,(anonymous_11)
FN:54,(anonymous_12)
FN:56,(anonymous_13)
FN:69,oo_cm
FNF:15
FNH:8
FNDA:1,(anonymous_0)
FNDA:0,(anonymous_1)
FNDA:14,(anonymous_2)
FNDA:3,(anonymous_3)
FNDA:1,(anonymous_4)
FNDA:0,(anonymous_5)
FNDA:1,(anonymous_6)
FNDA:0,(anonymous_7)
FNDA:1,(anonymous_8)
FNDA:0,(anonymous_9)
FNDA:16,(anonymous_10)
FNDA:8,(anonymous_11)
FNDA:0,(anonymous_12)
FNDA:0,(anonymous_13)
FNDA:0,oo_cm
DA:7,1
DA:9,1
DA:11,0
DA:12,0
DA:15,1
DA:19,14
DA:20,3
DA:22,14
DA:26,1
DA:29,0
DA:34,1
DA:35,0
DA:41,1
DA:45,0
DA:49,16
DA:52,8
DA:56,0
DA:57,0
DA:69,0
LF:19
LH:11
BRDA:69,0,0,0
BRDA:69,0,1,0
BRF:2
BRH:0
end_of_record
TN:
SF:Server\DTO\User.js
FN:2,(anonymous_0)
FN:9,(anonymous_1)
FNF:2
FNH:1
FNDA:8,(anonymous_0)
FNDA:0,(anonymous_1)
DA:3,8
DA:4,8
DA:5,8
DA:10,0
LF:4
LH:3
BRF:0
BRH:0
end_of_record
TN:
SF:Server\Models\AskedService.js
FNF:0
FNH:0
DA:2,4
DA:17,4
LF:2
LH:2
BRF:0
BRH:0
end_of_record
TN:
SF:Server\Models\Category.js
FNF:0
FNH:0
DA:2,4
DA:8,4
LF:2
LH:2
BRF:0
BRH:0
end_of_record
TN:
SF:Server\Models\Service.js
FNF:0
FNH:0
DA:2,4
DA:24,4
LF:2
LH:2
BRF:0
BRH:0
end_of_record
TN:
SF:Server\Models\Token.js
FNF:0
FNH:0
DA:3,4
DA:8,4
LF:2
LH:2
BRF:0
BRH:0
end_of_record
TN:
SF:Server\Models\User.js
FNF:0
FNH:0
DA:3,4
DA:23,4
LF:2
LH:2
BRF:0
BRH:0
end_of_record
TN:
SF:Server\Routes\AskedServiceRouter.js
FN:23,(anonymous_0)
FN:31,(anonymous_1)
FN:36,(anonymous_2)
FN:42,(anonymous_3)
FN:56,(anonymous_4)
FN:64,(anonymous_5)
FNF:6
FNH:5
FNDA:1,(anonymous_0)
FNDA:1,(anonymous_1)
FNDA:1,(anonymous_2)
FNDA:0,(anonymous_3)
FNDA:1,(anonymous_4)
FNDA:1,(anonymous_5)
DA:15,4
DA:20,4
DA:23,1
DA:27,4
DA:31,1
DA:35,4
DA:36,1
DA:39,4
DA:42,0
DA:46,4
DA:52,4
DA:56,1
DA:63,4
DA:64,1
LF:14
LH:13
BRF:0
BRH:0
end_of_record
TN:
SF:Server\Routes\AuthRoutes.js
FN:27,(anonymous_0)
FN:34,(anonymous_1)
FN:93,oo_cm
FNF:3
FNH:0
FNDA:0,(anonymous_0)
FNDA:0,(anonymous_1)
FNDA:0,oo_cm
DA:15,4
DA:16,4
DA:18,4
DA:21,4
DA:23,4
DA:25,4
DA:27,4
DA:28,0
DA:29,0
DA:34,4
DA:37,0
DA:38,0
DA:40,0
DA:41,0
DA:42,0
DA:43,0
DA:45,0
DA:46,0
DA:47,0
DA:50,0
DA:51,0
DA:54,0
DA:61,0
DA:62,0
DA:64,0
DA:67,0
DA:71,0
DA:75,0
DA:78,0
DA:93,0
LF:30
LH:8
BRDA:42,0,0,0
BRDA:42,0,1,0
BRDA:46,1,0,0
BRDA:46,1,1,0
BRDA:93,2,0,0
BRDA:93,2,1,0
BRF:6
BRH:0
end_of_record
TN:
SF:Server\Routes\CategoryRouter.js
FN:21,(anonymous_0)
FN:29,(anonymous_1)
FN:34,(anonymous_2)
FN:42,(anonymous_3)
FN:47,(anonymous_4)
FNF:5
FNH:5
FNDA:1,(anonymous_0)
FNDA:1,(anonymous_1)
FNDA:1,(anonymous_2)
FNDA:1,(anonymous_3)
FNDA:1,(anonymous_4)
DA:13,4
DA:18,4
DA:21,1
DA:25,4
DA:29,1
DA:33,4
DA:34,1
DA:39,4
DA:42,1
DA:46,4
DA:47,1
LF:11
LH:11
BRF:0
BRH:0
end_of_record
TN:
SF:Server\Routes\ServiceRouter.js
FN:24,(anonymous_0)
FN:32,(anonymous_1)
FN:56,(anonymous_2)
FN:62,(anonymous_3)
FN:74,(anonymous_4)
FN:79,(anonymous_5)
FN:84,(anonymous_6)
FNF:7
FNH:5
FNDA:1,(anonymous_0)
FNDA:1,(anonymous_1)
FNDA:1,(anonymous_2)
FNDA:0,(anonymous_3)
FNDA:1,(anonymous_4)
FNDA:0,(anonymous_5)
FNDA:1,(anonymous_6)
DA:16,4
DA:21,4
DA:24,1
DA:28,4
DA:32,1
DA:51,4
DA:55,4
DA:56,1
DA:59,4
DA:62,0
DA:70,4
DA:74,1
DA:78,4
DA:79,0
DA:83,4
DA:84,1
LF:16
LH:14
BRF:0
BRH:0
end_of_record
TN:
SF:Server\Routes\TokenRouter.js
FN:14,(anonymous_0)
FNF:1
FNH:0
FNDA:0,(anonymous_0)
DA:13,4
DA:14,4
DA:15,0
DA:16,0
DA:18,0
DA:19,0
DA:20,0
DA:21,0
DA:22,0
DA:24,0
DA:26,0
DA:30,4
DA:31,4
DA:33,4
DA:35,4
DA:36,4
LF:16
LH:7
BRDA:20,0,0,0
BRDA:20,0,1,0
BRF:2
BRH:0
end_of_record
TN:
SF:Server\Routes\UserRouter.js
FN:33,(anonymous_0)
FN:48,(anonymous_1)
FN:49,(anonymous_2)
FN:61,(anonymous_3)
FN:62,(anonymous_4)
FN:71,(anonymous_5)
FN:72,(anonymous_6)
FN:78,(anonymous_7)
FN:79,(anonymous_8)
FNF:9
FNH:9
FNDA:1,(anonymous_0)
FNDA:3,(anonymous_1)
FNDA:1,(anonymous_2)
FNDA:7,(anonymous_3)
FNDA:1,(anonymous_4)
FNDA:1,(anonymous_5)
FNDA:1,(anonymous_6)
FNDA:1,(anonymous_7)
FNDA:1,(anonymous_8)
DA:28,4
DA:32,4
DA:33,1
DA:39,4
DA:45,4
DA:48,3
DA:49,1
DA:53,4
DA:61,7
DA:62,1
DA:67,4
DA:71,1
DA:72,1
DA:76,4
DA:78,1
DA:79,1
DA:84,4
DA:88,4
LF:18
LH:18
BRF:0
BRH:0
end_of_record
TN:
SF:Server\Tests\database.js
FN:6,(anonymous_0)
FN:16,(anonymous_1)
FNF:2
FNH:2
FNDA:4,(anonymous_0)
FNDA:4,(anonymous_1)
DA:4,4
DA:6,4
DA:7,4
DA:8,4
DA:9,4
DA:11,0
DA:12,0
DA:16,4
DA:17,4
DA:18,4
DA:19,4
DA:21,0
DA:22,0
LF:13
LH:9
BRF:0
BRH:0
end_of_record
TN:
SF:Server\Utilities\JWTUtil.js
FN:8,(anonymous_0)
FN:14,(anonymous_1)
FN:25,(anonymous_2)
FN:28,(anonymous_3)
FN:44,(anonymous_4)
FN:104,(anonymous_5)
FN:124,oo_cm
FNF:7
FNH:4
FNDA:5,(anonymous_0)
FNDA:8,(anonymous_1)
FNDA:0,(anonymous_2)
FNDA:0,(anonymous_3)
FNDA:5,(anonymous_4)
FNDA:20,(anonymous_5)
FNDA:0,oo_cm
DA:4,4
DA:8,4
DA:10,5
DA:14,4
DA:15,8
DA:25,4
DA:27,0
DA:28,0
DA:29,0
DA:30,0
DA:32,0
DA:39,0
DA:44,4
DA:45,5
DA:46,5
DA:47,5
DA:48,0
DA:50,5
DA:52,5
DA:53,0
DA:56,5
DA:57,5
DA:58,5
DA:59,5
DA:63,0
DA:64,0
DA:67,0
DA:70,0
DA:73,0
DA:82,0
DA:83,0
DA:87,0
DA:88,0
DA:91,0
DA:95,0
DA:104,4
DA:105,20
DA:106,20
DA:108,20
DA:110,20
DA:111,20
DA:113,0
DA:124,0
LF:43
LH:22
BRDA:29,0,0,0
BRDA:29,0,1,0
BRDA:47,1,0,0
BRDA:47,1,1,5
BRDA:47,2,0,5
BRDA:47,2,1,0
BRDA:52,3,0,0
BRDA:52,3,1,5
BRDA:63,4,0,0
BRDA:63,4,1,0
BRDA:110,5,0,20
BRDA:110,5,1,0
BRDA:124,6,0,0
BRDA:124,6,1,0
BRF:14
BRH:4
end_of_record
TN:
SF:Server\Utilities\Service\checkService.js
FNF:0
FNH:0
DA:2,4
LF:1
LH:1
BRF:0
BRH:0
end_of_record
TN:
SF:Server\Utilities\Token\CheckToken.js
FNF:0
FNH:0
DA:2,4
LF:1
LH:1
BRF:0
BRH:0
end_of_record
TN:
SF:Server\Validators\CheckMongoId.js
FNF:0
FNH:0
DA:3,4
LF:1
LH:1
BRF:0
BRH:0
end_of_record
TN:
SF:Server\Validators\ValidateRes.js
FN:4,(anonymous_0)
FN:8,(anonymous_1)
FNF:2
FNH:2
FNDA:35,(anonymous_0)
FNDA:52,(anonymous_1)
DA:4,4
DA:6,35
DA:7,35
DA:8,22
DA:9,52
DA:11,52
DA:12,2
DA:14,50
DA:15,5
DA:18,45
DA:22,52
DA:27,22
DA:31,22
DA:32,22
DA:33,22
DA:37,13
LF:16
LH:16
BRDA:7,0,0,22
BRDA:7,0,1,13
BRDA:11,1,0,2
BRDA:11,1,1,50
BRDA:11,2,0,52
BRDA:11,2,1,51
BRDA:14,3,0,5
BRDA:14,3,1,45
BRDA:14,4,0,50
BRDA:14,4,1,49
BRDA:14,4,2,48
BRDA:14,4,3,47
BRDA:14,4,4,45
BRDA:14,4,5,45
BRDA:14,4,6,45
BRDA:14,4,7,45
BRDA:14,4,8,45
BRDA:14,4,9,45
BRDA:14,4,10,45
BRDA:27,5,0,22
BRDA:27,5,1,0
BRF:21
BRH:20
end_of_record
TN:
SF:Server\Validators\askedServiceValidator.js
FN:10,(anonymous_0)
FN:27,(anonymous_1)
FN:73,(anonymous_2)
FN:87,(anonymous_3)
FN:102,(anonymous_4)
FN:104,(anonymous_5)
FN:114,(anonymous_6)
FN:143,(anonymous_7)
FN:161,(anonymous_8)
FN:208,(anonymous_9)
FN:225,(anonymous_10)
FN:241,(anonymous_11)
FN:243,(anonymous_12)
FN:253,(anonymous_13)
FN:284,oo_cm
FNF:15
FNH:6
FNDA:4,(anonymous_0)
FNDA:4,(anonymous_1)
FNDA:4,(anonymous_2)
FNDA:4,(anonymous_3)
FNDA:4,(anonymous_4)
FNDA:8,(anonymous_5)
FNDA:0,(anonymous_6)
FNDA:0,(anonymous_7)
FNDA:0,(anonymous_8)
FNDA:0,(anonymous_9)
FNDA:0,(anonymous_10)
FNDA:0,(anonymous_11)
FNDA:0,(anonymous_12)
FNDA:0,(anonymous_13)
FNDA:0,oo_cm
DA:4,4
DA:11,4
DA:12,4
DA:13,4
DA:14,0
DA:16,4
DA:28,4
DA:29,4
DA:30,4
DA:31,0
DA:33,4
DA:74,4
DA:75,0
DA:78,4
DA:89,4
DA:90,4
DA:91,0
DA:93,4
DA:104,8
DA:105,0
DA:107,4
DA:115,0
DA:116,0
DA:117,0
DA:119,0
DA:136,4
DA:144,0
DA:145,0
DA:146,0
DA:147,0
DA:149,0
DA:162,0
DA:163,0
DA:164,0
DA:165,0
DA:167,0
DA:210,0
DA:211,0
DA:212,0
DA:215,0
DA:227,0
DA:228,0
DA:229,0
DA:231,0
DA:243,0
DA:244,0
DA:246,0
DA:255,0
DA:256,0
DA:257,0
DA:259,0
DA:284,0
LF:52
LH:17
BRDA:13,0,0,0
BRDA:13,0,1,4
BRDA:30,1,0,0
BRDA:30,1,1,4
BRDA:74,2,0,0
BRDA:74,2,1,4
BRDA:74,3,0,4
BRDA:74,3,1,4
BRDA:90,4,0,0
BRDA:90,4,1,4
BRDA:104,5,0,0
BRDA:104,5,1,4
BRDA:104,6,0,4
BRDA:104,6,1,4
BRDA:116,7,0,0
BRDA:116,7,1,0
BRDA:116,8,0,0
BRDA:116,8,1,0
BRDA:146,9,0,0
BRDA:146,9,1,0
BRDA:164,10,0,0
BRDA:164,10,1,0
BRDA:210,11,0,0
BRDA:210,11,1,0
BRDA:210,12,0,0
BRDA:210,12,1,0
BRDA:228,13,0,0
BRDA:228,13,1,0
BRDA:243,14,0,0
BRDA:243,14,1,0
BRDA:243,15,0,0
BRDA:243,15,1,0
BRDA:256,16,0,0
BRDA:256,16,1,0
BRDA:256,17,0,0
BRDA:256,17,1,0
BRDA:284,18,0,0
BRDA:284,18,1,0
BRF:38
BRH:9
end_of_record
TN:
SF:Server\Validators\categoryValidator.js
FNF:0
FNH:0
DA:5,4
DA:30,4
LF:2
LH:2
BRF:0
BRH:0
end_of_record
TN:
SF:Server\Validators\serviceValidator.js
FN:13,(anonymous_0)
FN:75,(anonymous_1)
FN:89,(anonymous_2)
FN:104,(anonymous_3)
FN:106,(anonymous_4)
FN:151,(anonymous_5)
FN:245,(anonymous_6)
FN:262,(anonymous_7)
FN:278,(anonymous_8)
FN:280,(anonymous_9)
FN:305,oo_cm
FNF:11
FNH:5
FNDA:4,(anonymous_0)
FNDA:4,(anonymous_1)
FNDA:4,(anonymous_2)
FNDA:4,(anonymous_3)
FNDA:2,(anonymous_4)
FNDA:0,(anonymous_5)
FNDA:0,(anonymous_6)
FNDA:0,(anonymous_7)
FNDA:0,(anonymous_8)
FNDA:0,(anonymous_9)
FNDA:0,oo_cm
DA:4,4
DA:14,4
DA:15,4
DA:16,4
DA:17,0
DA:19,4
DA:76,4
DA:77,3
DA:80,1
DA:91,4
DA:92,4
DA:93,3
DA:95,1
DA:106,4
DA:107,0
DA:109,1
DA:141,4
DA:152,0
DA:153,0
DA:154,0
DA:155,0
DA:157,0
DA:247,0
DA:248,0
DA:249,0
DA:252,0
DA:264,0
DA:265,0
DA:266,0
DA:268,0
DA:280,0
DA:281,0
DA:283,0
DA:305,0
LF:34
LH:15
BRDA:16,0,0,0
BRDA:16,0,1,4
BRDA:76,1,0,3
BRDA:76,1,1,1
BRDA:76,2,0,4
BRDA:76,2,1,1
BRDA:92,3,0,3
BRDA:92,3,1,1
BRDA:106,4,0,0
BRDA:106,4,1,1
BRDA:106,5,0,4
BRDA:106,5,1,1
BRDA:154,6,0,0
BRDA:154,6,1,0
BRDA:247,7,0,0
BRDA:247,7,1,0
BRDA:247,8,0,0
BRDA:247,8,1,0
BRDA:265,9,0,0
BRDA:265,9,1,0
BRDA:280,10,0,0
BRDA:280,10,1,0
BRDA:280,11,0,0
BRDA:280,11,1,0
BRDA:305,12,0,0
BRDA:305,12,1,0
BRF:26
BRH:10
end_of_record
TN:
SF:Server\Validators\userValidator.js
FNF:0
FNH:0
DA:4,4
DA:44,4
LF:2
LH:2
BRF:0
BRH:0
end_of_record
TN:
SF:Server\Validators\Category\isCategoryExist.js
FN:12,(anonymous_0)
FNF:1
FNH:1
FNDA:3,(anonymous_0)
DA:5,4
DA:14,3
DA:15,3
DA:17,2
DA:18,0
DA:21,1
LF:6
LH:5
BRDA:17,0,0,0
BRDA:17,0,1,1
BRDA:17,1,0,2
BRDA:17,1,1,1
BRF:4
BRH:3
end_of_record
TN:
SF:Server\Validators\Users\IsUserExist.js
FN:12,(anonymous_0)
FNF:1
FNH:1
FNDA:5,(anonymous_0)
DA:5,4
DA:14,5
DA:15,5
DA:17,5
DA:18,0
DA:21,4
LF:6
LH:5
BRDA:17,0,0,0
BRDA:17,0,1,4
BRDA:17,1,0,5
BRDA:17,1,1,1
BRF:4
BRH:3
end_of_record
TN:
SF:Server\Validators\Users\emailValidator.js
FN:9,(anonymous_0)
FNF:1
FNH:1
FNDA:7,(anonymous_0)
DA:4,4
DA:10,7
DA:11,7
DA:13,7
DA:15,7
DA:16,7
DA:17,1
DA:20,0
DA:21,0
DA:22,0
DA:23,0
DA:24,0
DA:25,0
DA:30,6
LF:14
LH:8
BRDA:15,0,0,7
BRDA:15,0,1,0
BRDA:16,1,0,1
BRDA:16,1,1,6
BRDA:20,2,0,0
BRDA:20,2,1,0
BRDA:21,3,0,0
BRDA:21,3,1,0
BRDA:23,4,0,0
BRDA:23,4,1,0
BRDA:24,5,0,0
BRDA:24,5,1,0
BRF:12
BRH:3
end_of_record
TN:
SF:Server\Validators\Users\passwordValidator.js
FNF:0
FNH:0
DA:3,4
LF:1
LH:1
BRF:0
BRH:0
end_of_record
TN:
SF:Server\Validators\Users\uploadIMG.js
FN:7,(anonymous_0)
FN:11,(anonymous_1)
FNF:2
FNH:0
FNDA:0,(anonymous_0)
FNDA:0,(anonymous_1)
DA:5,4
DA:6,4
DA:8,0
DA:9,0
DA:12,0
DA:13,0
DA:17,4
LF:7
LH:3
BRF:0
BRH:0
end_of_record
TN:
SF:Server\Validators\Users\usernameValidator.js
FN:14,(anonymous_0)
FNF:1
FNH:1
FNDA:8,(anonymous_0)
DA:3,4
DA:15,8
DA:16,8
DA:18,8
DA:20,8
DA:21,7
DA:22,1
DA:25,1
DA:26,1
DA:27,1
DA:28,1
DA:29,0
DA:30,0
DA:35,7
LF:14
LH:12
BRDA:20,0,0,7
BRDA:20,0,1,1
BRDA:21,1,0,1
BRDA:21,1,1,6
BRDA:25,2,0,1
BRDA:25,2,1,0
BRDA:26,3,0,1
BRDA:26,3,1,0
BRDA:28,4,0,0
BRDA:28,4,1,1
BRDA:29,5,0,0
BRDA:29,5,1,0
BRF:12
BRH:7
end_of_record
TN:
SF:Server\Validators\askedServiceValidator\isAskedServiceExist.js
FN:12,(anonymous_0)
FNF:1
FNH:1
FNDA:4,(anonymous_0)
DA:5,4
DA:14,4
DA:15,4
DA:17,4
DA:18,0
DA:21,3
LF:6
LH:5
BRDA:17,0,0,0
BRDA:17,0,1,3
BRDA:17,1,0,4
BRDA:17,1,1,1
BRF:4
BRH:3
end_of_record
TN:
SF:Server\Validators\serviceValidator\isServiceExist.js
FN:12,(anonymous_0)
FNF:1
FNH:1
FNDA:4,(anonymous_0)
DA:5,4
DA:14,4
DA:15,4
DA:17,4
DA:18,0
DA:21,3
LF:6
LH:5
BRDA:17,0,0,0
BRDA:17,0,1,3
BRDA:17,1,0,4
BRDA:17,1,1,1
BRF:4
BRH:3
end_of_record
